Log file open, 04/21/15 16:27:56
LogInit:Display: Running engine for game: TowardsTheLight
LogInit: Version: 4.7.5-2503383+++depot+UE4-Releases+4.7
LogInit: API Version: 2455222
LogInit: Compiled (64-bit): Apr  6 2015 23:21:51
LogInit: Compiled with Visual C++: 18.00.21005.01
LogInit: Build Configuration: DebugGame
LogInit: Branch Name: ++depot+UE4-Releases+4.7
LogInit: Command line:  -debug
LogInit: Base directory: C:/Program Files/Epic Games/4.7/Engine/Binaries/Win64/
LogInit: Rocket: 1
[2015.04.21-14.27.56:344][  0]LogTaskGraph: Started task graph with 3 named threads and 6 total threads.
[2015.04.21-14.27.56:401][  0]LogOnline:Warning: No default platform service specified for OnlineSubsystem
[2015.04.21-14.27.56:818][  0]LogInit: Presizing for 0 objects not considered by GC, pre-allocating 0 bytes.
[2015.04.21-14.27.56:860][  0]LogInit: Object subsystem initialized
[2015.04.21-14.27.56:908][  0]LogConsoleResponse:Warning: Skipping Unknown console variable: 'TranslucentSortAxis = (X=0.000000,Y=-1.000000,Z=0.000000)'
[2015.04.21-14.27.56:909][  0]LogConsoleResponse:Warning:   Found in ini file 'C:/Users/alfredo.sosa/Downloads/TowardTheLight/TowardsTheLight/Saved/Config/Windows/Engine.ini', in section '[/Script/Engine.RendererSettings]'
[2015.04.21-14.27.56:911][  0]LogConsoleResponse:Warning: Skipping Unknown console variable: 'UIScaleRule = ShortestSide'
[2015.04.21-14.27.56:912][  0]LogConsoleResponse:Warning:   Found in ini file 'C:/Users/alfredo.sosa/Downloads/TowardTheLight/TowardsTheLight/Saved/Config/Windows/Engine.ini', in section '[/Script/Engine.RendererSettings]'
[2015.04.21-14.27.56:913][  0]LogConsoleResponse:Warning: Skipping Unknown console variable: 'UIScaleCurve = (EditorCurveData=(Keys=),ExternalCurve=None)'
[2015.04.21-14.27.56:914][  0]LogConsoleResponse:Warning:   Found in ini file 'C:/Users/alfredo.sosa/Downloads/TowardTheLight/TowardsTheLight/Saved/Config/Windows/Engine.ini', in section '[/Script/Engine.RendererSettings]'
[2015.04.21-14.27.56:930][  0]LogInit: Selected Device Profile: [Windows]
[2015.04.21-14.27.56:932][  0]LogInit: Applying CVar settings loaded from the selected device profile: [Windows]
[2015.04.21-14.27.56:980][  0]LogInit: Computer: WKSALMPBB473
[2015.04.21-14.27.56:981][  0]LogInit: User: alfredososa
[2015.04.21-14.27.56:982][  0]LogInit: CPU Page size=4096, Cores=4
[2015.04.21-14.27.56:982][  0]LogInit: High frequency timer resolution =3.312643 MHz
[2015.04.21-14.27.56:983][  0]LogMemory: Memory total: Physical=7.8GB (8GB approx) Virtual=131072.0GB
[2015.04.21-14.27.56:984][  0]LogMemory: Platform Memory Stats for Windows
[2015.04.21-14.27.56:985][  0]LogMemory: Process Physical Memory: 46.27 MB used, 46.27 MB peak
[2015.04.21-14.27.56:986][  0]LogMemory: Process Virtual Memory: 22.59 MB used, 22.59 MB peak
[2015.04.21-14.27.56:986][  0]LogMemory: Physical Memory: 3502.91 MB used, 7944.97 MB total
[2015.04.21-14.27.56:987][  0]LogMemory: Virtual Memory: 288.00 MB used, 134217728.00 MB total
[2015.04.21-14.27.57:067][  0]LogD3D11RHI: Found D3D11 adapter 0: NVIDIA Quadro K600  (Feature Level 11_0)
[2015.04.21-14.27.57:067][  0]LogD3D11RHI: Adapter has 958MB of dedicated video memory, 0MB of dedicated system memory, and 3972MB of shared system memory, 1 output[s]
[2015.04.21-14.27.57:131][  0]LogD3D11RHI: Found D3D11 adapter 1: Microsoft Basic Render Driver (Feature Level 11_0)
[2015.04.21-14.27.57:132][  0]LogD3D11RHI: Adapter has 0MB of dedicated video memory, 0MB of dedicated system memory, and 256MB of shared system memory, 0 output[s]
[2015.04.21-14.27.57:133][  0]LogD3D11RHI: Chosen D3D11 Adapter Id = 0
[2015.04.21-14.27.57:145][  0]LogRHI: Texture pool is 670 MB (70% of 958 MB)
[2015.04.21-14.27.57:221][  0]LogD3D11RHI: Async texture creation enabled
[2015.04.21-14.27.57:888][  0]LogTextLocalizationManager: The requested culture ('es_ES') has no localization data; parent culture's ('es') localization data will be used.
[2015.04.21-14.27.57:963][  0]LogTextLocalizationManager:Warning: Loading localization resources contain conflicting entries for (Namespace:ContentBrowser, Key:ImportAssetToolTip):
Resource: (C:/Program Files/Epic Games/4.7/Engine/Content/Localization/Editor/es/Editor.locres) Hash: (-630476809) String: (Importar a {0}...)
Resource: (C:/Program Files/Epic Games/4.7/Engine/Content/Localization/Editor/es/Editor.locres) Hash: (1271782899) String: (Importa un activo desde el archivo a esta carpeta.)
[2015.04.21-14.27.58:008][  0]LogContentStreaming: Texture pool size is 0.000000MB
[2015.04.21-14.28.03:666][  0]LogTargetPlatformManager:Display: Building Assets For Windows
[2015.04.21-14.28.06:496][  0]LogTargetPlatformManager:Display: Building Assets For Windows
[2015.04.21-14.28.06:854][  0]LogDerivedDataCache:Display: Max Cache Size: 512 MB
[2015.04.21-14.28.07:254][  0]LogDerivedDataCache: Loaded boot cache 0.40s 39MB C:/Users/alfredo.sosa/AppData/Local/UnrealEngine/4.7/DerivedDataCache/Boot.ddc.
[2015.04.21-14.28.07:254][  0]LogDerivedDataCache:Display: Loaded Boot cache: C:/Users/alfredo.sosa/AppData/Local/UnrealEngine/4.7/DerivedDataCache/Boot.ddc
[2015.04.21-14.28.07:255][  0]LogDerivedDataCache: FDerivedDataBackendGraph:  Pak pak cache file ../../../../../../Users/alfredo.sosa/Downloads/TowardTheLight/TowardsTheLight/DerivedDataCache/DDC.ddp not found, will not use a pak cache.
[2015.04.21-14.28.07:255][  0]LogDerivedDataCache: Unable to find inner node Pak for hierarchical cache Hierarchy.
[2015.04.21-14.28.07:455][  0]LogDerivedDataCache:Display: Pak cache opened for reading ../../../Engine/DerivedDataCache/Compressed.ddp.
[2015.04.21-14.28.07:468][  0]LogDerivedDataCache: Using Local data cache path C:/Users/alfredo.sosa/AppData/Local/UnrealEngine/Common/DerivedDataCache: Writable
[2015.04.21-14.28.15:875][  0]LogMeshUtilities: No automatic mesh reduction module available
[2015.04.21-14.28.15:876][  0]LogMeshUtilities: No automatic mesh merging module available
[2015.04.21-14.28.20:026][  0]LogInit: WinSock: version 1.1 (2.2), MaxSocks=32767, MaxUdp=65467
[2015.04.21-14.28.20:901][  0]LogSlate:Warning: Failed to load font data from '../../../Engine/Content/Slate/Fonts/Roboto-Italic.ttf'
[2015.04.21-14.28.42:262][  0]UdpMessaging: Initializing bridge on interface 0.0.0.0:0 to multicast group 230.0.0.1:6666.
[2015.04.21-14.28.44:919][  0]SourceControl: Información El control de código fuente está desactivado
[2015.04.21-14.28.44:935][  0]SourceControl: Información El control de código fuente está desactivado
[2015.04.21-14.28.44:935][  0]SourceControl: Información El control de código fuente está desactivado
[2015.04.21-14.28.44:936][  0]LogSourceControl: RunCommandInternalRaw: 'git version'
[2015.04.21-14.28.44:936][  0]LogSourceControl: RunCommandInternalRaw: ExecProcess ReturnCode=2 OutResults=''
[2015.04.21-14.28.44:950][  0]SourceControl: Información El control de código fuente está desactivado
[2015.04.21-14.28.47:194][  0]LogObj: 24251 objects as part of root set at end of initial load.
[2015.04.21-14.28.47:195][  0]LogUObjectAllocator: 5152600 out of 0 bytes used by permanent object pool.
[2015.04.21-14.28.48:225][  0]LogEngine: Initializing Engine...
[2015.04.21-14.28.51:122][  0]LogInit: XAudio2 using 'Speakers (Realtek High Definition Audio)' : 2 channels at 48 kHz using 32 bits per sample (channel mask 0x3)
[2015.04.21-14.28.51:250][  0]LogInit: FAudioDevice initialized.
[2015.04.21-14.28.51:741][  0]LogAIModule: Creating AISystem for world NewWorld
[2015.04.21-14.28.51:842][  0]LogDerivedDataCache: Saved boot cache 0.04s 39MB C:/Users/alfredo.sosa/AppData/Local/UnrealEngine/4.7/DerivedDataCache/Boot.ddc.
[2015.04.21-14.28.51:874][  0]LogInit: Texture streaming: Enabled
[2015.04.21-14.28.52:909][  0]LogAnalytics: Creating configured Analytics provider AnalyticsET
[2015.04.21-14.28.52:910][  0]LogAnalytics: ET APIKey = Rocket.Release. APIServer = http://et2.epicgames.com/ET2/. AppVersion = 4.7.5-2503383+++depot+UE4-Releases+4.7
[2015.04.21-14.28.52:910][  0]LogAnalytics: ET APIKey = Rocket.Release. DataRouterUploadURL = https://datarouter-public-service-gamedev.ol.epicgames.net/datarouter/api/v1/public/data. AppVersion = 4.7.5-2503383+++depot+UE4-Releases+4.7
[2015.04.21-14.28.52:911][  0]LogAnalytics: SetUserId 3337ea064ad5aa594028cf8b92742081|2a8e7d3158ac4c6c9c02023c01519f4e|3fdda9b9-fffb-4c00-a6c1-496d73b7b1f6
[2015.04.21-14.28.52:943][  0]LogAnalytics: AnalyticsET::StartSession [Rocket.Release]
[2015.04.21-14.28.53:171][  0]LogInit: Transaction tracking system initialized
[2015.04.21-14.28.55:954][  0]BlueprintLog: New page: Cargar el editor
[2015.04.21-14.28.56:266][  0]LogAssetRegistry: FAssetRegistry took 0.0147 seconds to start up
[2015.04.21-14.28.56:267][  0]LogDirectoryWatcher:Warning: Failed to begin reading directory changes for ../../../Engine/Plugins/Experimental/CharacterAI/Content/. Error: 0
[2015.04.21-14.29.01:182][  0]LogTargetPlatformManager:Display: Building Assets For Windows
[2015.04.21-14.29.01:549][  0]LogTargetPlatformManager:Display: Building Assets For Windows
[2015.04.21-14.29.04:266][  0]LogSlate:Warning: Failed to load font data from '../../../Engine/Content/Editor/Slate/Fonts/Roboto-Regular.ttf'
[2015.04.21-14.29.04:267][  0]LogSlate:Warning: Failed to load font data from '../../../Engine/Content/Editor/Slate/Fonts/Roboto-Bold.ttf'
[2015.04.21-14.29.04:346][  0]LogConsoleResponse:Display: 
[2015.04.21-14.29.05:759][  0]LogCook:Display: Done creating registry. It took  0.00s.
[2015.04.21-14.29.07:773][  0]SourceControl: Información El control de código fuente está desactivado
[2015.04.21-14.29.07:810][  0]Cmd: MAP LOAD FILE="../../../Engine/Content/Maps/Templates/Template_Default.umap" TEMPLATE=1 SHOWPROGRESS=1 FEATURELEVEL=3
[2015.04.21-14.29.07:835][  0]LightingResults: New page: Diseñar la iluminación
[2015.04.21-14.29.07:940][  0]MapCheck: New page: Revisión del mapa
[2015.04.21-14.29.07:942][  0]LightingResults: New page: Diseñar la iluminación
[2015.04.21-14.29.08:070][  0]LogParticles: Destroying 0 GPU particle simulations for FXSystem 0x000000D6A1C67380
[2015.04.21-14.29.09:752][  0]LogEditorServer: Finished looking for orphan Actors (0.000 secs)
[2015.04.21-14.29.09:783][  0]LogAIModule: Creating AISystem for world Untitled_1
[2015.04.21-14.29.09:800][  0]Cmd: MAP CHECKDEP
[2015.04.21-14.29.09:812][  0]MapCheck: New page: Untitled_1 - 21/4/2015 18:29:09
[2015.04.21-14.29.09:910][  0]MapCheck: Información Map check complete: 0 Error(s), 0 Warning(s), took 109,173ms to complete.
[2015.04.21-14.29.09:920][  0]LogFileHelpers: Loading map 'Template_Default' took 2.131
[2015.04.21-14.29.11:243][  0]LogCollectionManager: Loaded 0 collections in 0.006856 seconds
[2015.04.21-14.29.11:301][  0]LogContentBrowser: Native class hierarchy populated in 0.0552 seconds. Added 1700 classes and 263 folders.
[2015.04.21-14.29.11:665][  0]LogContentBrowser: Native class hierarchy updated for 'SceneOutliner' in 0.0055 seconds. Added 1 classes and 2 folders.
[2015.04.21-14.29.12:784][  0]LogCrashTracker: Crashtracker disabled due to settings.
[2015.04.21-14.29.12:843][  0]LogSlate:Warning: Failed to load font data from 'Veranda'
[2015.04.21-14.29.13:122][  0]LogLoad: Full Startup: 83.40 seconds (BP compile: 0.36 seconds)
[2015.04.21-14.29.13:224][  0]LogContentBrowser:Verbose: The content browser source was changed by the sources view to '/Game/Levels'
[2015.04.21-14.29.13:843][  0]LogRenderer:Warning: Reallocating scene render targets to support 32x32 (Frame:2).
[2015.04.21-14.29.14:442][  0]LogRenderer:Warning: Reallocating scene render targets to support 1104x656 (Frame:3).
[2015.04.21-14.29.15:188][  4]LogAssetRegistry: Asset discovery search completed in 18.9385 seconds
[2015.04.21-14.29.18:467][325]LogContentBrowser:Verbose: The content browser source was changed by the sources view to '/Game/Materials'
[2015.04.21-14.29.18:827][355]LogContentBrowser:Verbose: The content browser source was changed by the sources view to '/Game/Levels'
[2015.04.21-14.29.19:628][420]LogLinker:Warning: No puede encontrar el archivo '/Game/SideScroller/Character/SideScrollerSkeleton'
[2015.04.21-14.29.19:629][420]LogLinker:Warning: No puede encontrar el archivo para el activo '/Game/SideScroller/Character/SideScrollerSkeleton' mientras carga ../../../../../../Users/alfredo.sosa/Downloads/TowardTheLight/TowardsTheLight/Content/Models/Character/SideScrollerSkeletalMesh.uasset.
[2015.04.21-14.29.19:641][420]LoadErrors:Error: Error /Game/Models/Character/SideScrollerSkeletalMesh : No puede encontrar el archivo para el activo. /Game/SideScroller/Character/SideScrollerSkeleton
[2015.04.21-14.29.19:642][420]LogLinker:Warning: No puede encontrar el archivo '/Game/SideScroller/Character/SideScrollerSkeleton'
[2015.04.21-14.29.19:642][420]LogLinker:Warning: No puede encontrar el archivo para el activo '/Game/SideScroller/Character/SideScrollerSkeleton' mientras carga ../../../../../../Users/alfredo.sosa/Downloads/TowardTheLight/TowardsTheLight/Content/Models/Character/SideScrollerSkeletalMesh.uasset.
[2015.04.21-14.29.19:647][420]LogLinker:Warning: No puede encontrar el archivo '/Game/SideScroller/Character/SideScrollerSkeleton'
[2015.04.21-14.29.19:648][420]LoadErrors: Información Error al cargar /Game/SideScroller/Character/SideScrollerSkeleton.SideScrollerSkeleton Referenciado por SideScrollerSkeletalMesh
[2015.04.21-14.29.19:648][420]LogLinker:Warning: No puede encontrar el archivo para el activo '/Game/SideScroller/Character/SideScrollerSkeleton' mientras carga NULL.
[2015.04.21-14.29.19:933][420]Cmd: MAP LOAD FILE="../../../../../../Users/alfredo.sosa/Downloads/TowardTheLight/TowardsTheLight/Content/Levels/DevelopmentLevel.umap" TEMPLATE=0 SHOWPROGRESS=1 FEATURELEVEL=3
[2015.04.21-14.29.19:935][420]LightingResults: New page: Diseñar la iluminación
[2015.04.21-14.29.20:016][420]LoadErrors: New page: Cargando mapa: DevelopmentLevel.umap
[2015.04.21-14.29.20:032][420]MapCheck: New page: Revisión del mapa
[2015.04.21-14.29.20:032][420]LightingResults: New page: Diseñar la iluminación
[2015.04.21-14.29.20:058][420]LogParticles: Destroying 0 GPU particle simulations for FXSystem 0x000000D69A7F3920
[2015.04.21-14.29.20:171][420]LogEditorServer: Finished looking for orphan Actors (0.000 secs)
[2015.04.21-14.29.20:173][420]LogAIModule: Creating AISystem for world DevelopmentLevel
[2015.04.21-14.29.20:203][420]Cmd: MAP CHECKDEP
[2015.04.21-14.29.20:203][420]MapCheck: New page: DevelopmentLevel - 21/4/2015 18:29:20
[2015.04.21-14.29.20:266][420]MapCheck: Información Map check complete: 0 Error(s), 0 Warning(s), took 62,448ms to complete.
[2015.04.21-14.29.20:266][420]LogFileHelpers: Loading map 'DevelopmentLevel' took 0.351
[2015.04.21-14.29.21:137][481]LogPlayLevel: PIE:  No blueprints needed recompiling
[2015.04.21-14.29.21:137][481]PIE: New page: Sesión PIE (reproducción en el editor): DevelopmentLevel (21/4/2015 18:29:21)
[2015.04.21-14.29.21:153][481]LogPlayLevel: PIE: StaticDuplicateObject took: (0.015422s)
[2015.04.21-14.29.21:154][481]LogPlayLevel: PIE: World Init took: (0.000446s)
[2015.04.21-14.29.21:155][481]LogPlayLevel: PIE: Created PIE world by copying editor world from /Game/Levels/DevelopmentLevel.DevelopmentLevel to /Game/Levels/UEDPIE_0_DevelopmentLevel.DevelopmentLevel (0.016718s)
[2015.04.21-14.29.21:241][481]LogWorld: Game class is 'MyGameMode'
[2015.04.21-14.29.21:341][481]LogAIModule: Creating AISystem for world DevelopmentLevel
[2015.04.21-14.29.21:352][481]LogWorld: Bringing World /Game/Levels/UEDPIE_0_DevelopmentLevel.DevelopmentLevel up for play (max tick rate 0) at 2015.04.21-16.29.21
[2015.04.21-14.29.21:356][481]LogWorld: Bringing up level for play took: 0.013081
[2015.04.21-14.29.21:500][481]PIE: Información Tiempo de inicio de la reproducción en el editor para  /Game/Levels/UEDPIE_0_DevelopmentLevel -0,108
[2015.04.21-14.29.36:267][ 30]LogParticles: Destroying 0 GPU particle simulations for FXSystem 0x000000D69C079300
[2015.04.21-14.29.44:861][864]Cmd: QUIT_EDITOR
[2015.04.21-14.29.45:077][864]LogExit: Preparing to exit.
[2015.04.21-14.29.45:653][864]LogExit: Editor shut down
[2015.04.21-14.29.45:656][864]LogExit: Transaction tracking system shut down
[2015.04.21-14.29.45:658][864]LogParticles: Destroying 0 GPU particle simulations for FXSystem 0x000000D6A8634A40
[2015.04.21-14.29.45:660][864]LogParticles: Destroying 0 GPU particle simulations for FXSystem 0x000000D69BC61300
[2015.04.21-14.29.45:661][864]LogParticles: Destroying 0 GPU particle simulations for FXSystem 0x000000D69D3D0E00
[2015.04.21-14.29.45:947][864]LogExit: Object subsystem successfully closed.
[2015.04.21-14.29.46:181][864]LogModuleManager: Shutting down and abandoning module CrashTracker (178)
[2015.04.21-14.29.46:182][864]LogModuleManager: Shutting down and abandoning module SuperSearch (177)
[2015.04.21-14.29.46:182][864]LogModuleManager: Shutting down and abandoning module SceneOutliner (176)
[2015.04.21-14.29.46:183][864]LogModuleManager: Shutting down and abandoning module EditorWidgets (175)
[2015.04.21-14.29.46:183][864]LogModuleManager: Shutting down and abandoning module CollectionManager (174)
[2015.04.21-14.29.46:195][864]LogModuleManager: Shutting down and abandoning module StatsViewer (173)
[2015.04.21-14.29.46:207][864]LogModuleManager: Shutting down and abandoning module FoliageEdit (172)
[2015.04.21-14.29.46:207][864]LogModuleManager: Shutting down and abandoning module LandscapeEditor (171)
[2015.04.21-14.29.46:214][864]LogModuleManager: Shutting down and abandoning module MeshPaint (170)
[2015.04.21-14.29.46:214][864]LogModuleManager: Shutting down and abandoning module ActorPickerMode (169)
[2015.04.21-14.29.46:214][864]LogModuleManager: Shutting down and abandoning module GeometryMode (168)
[2015.04.21-14.29.46:215][864]LogModuleManager: Shutting down and abandoning module TextureAlignMode (167)
[2015.04.21-14.29.46:215][864]LogModuleManager: Shutting down and abandoning module BspMode (166)
[2015.04.21-14.29.46:215][864]LogModuleManager: Shutting down and abandoning module PlacementMode (165)
[2015.04.21-14.29.46:216][864]LogModuleManager: Shutting down and abandoning module AutomationWorker (164)
[2015.04.21-14.29.46:216][864]LogModuleManager: Shutting down and abandoning module CharacterAI (163)
[2015.04.21-14.29.46:216][864]LogModuleManager: Shutting down and abandoning module SmartSnapping (162)
[2015.04.21-14.29.46:216][864]LogModuleManager: Shutting down and abandoning module ViewportSnapping (161)
[2015.04.21-14.29.46:217][864]LogModuleManager: Shutting down and abandoning module LogVisualizer (160)
[2015.04.21-14.29.46:217][864]LogModuleManager: Shutting down and abandoning module GameProjectGeneration (159)
[2015.04.21-14.29.46:222][864]LogModuleManager: Shutting down and abandoning module IntroTutorials (158)
[2015.04.21-14.29.46:235][864]LogModuleManager: Shutting down and abandoning module EditorLiveStreaming (157)
[2015.04.21-14.29.46:236][864]LogModuleManager: Shutting down and abandoning module HardwareTargeting (156)
[2015.04.21-14.29.46:237][864]LogModuleManager: Shutting down and abandoning module DeviceProfileEditor (155)
[2015.04.21-14.29.46:238][864]LogModuleManager: Shutting down and abandoning module UndoHistory (154)
[2015.04.21-14.29.46:239][864]LogModuleManager: Shutting down and abandoning module GameplayTagsEditor (153)
[2015.04.21-14.29.46:240][864]LogModuleManager: Shutting down and abandoning module UserFeedback (152)
[2015.04.21-14.29.46:241][864]LogModuleManager: Shutting down and abandoning module XmlParser (151)
[2015.04.21-14.29.46:242][864]LogModuleManager: Shutting down and abandoning module Blutility (150)
[2015.04.21-14.29.46:243][864]LogModuleManager: Shutting down and abandoning module IOSPlatformEditor (149)
[2015.04.21-14.29.46:244][864]LogModuleManager: Shutting down and abandoning module IOSRuntimeSettings (148)
[2015.04.21-14.29.46:245][864]LogModuleManager: Shutting down and abandoning module AndroidDeviceDetection (147)
[2015.04.21-14.29.46:537][864]LogModuleManager: Shutting down and abandoning module AndroidPlatformEditor (146)
[2015.04.21-14.29.46:538][864]LogModuleManager: Shutting down and abandoning module AndroidRuntimeSettings (145)
[2015.04.21-14.29.46:539][864]LogModuleManager: Shutting down and abandoning module ProjectTargetPlatformEditor (144)
[2015.04.21-14.29.46:541][864]LogModuleManager: Shutting down and abandoning module ProjectSettingsViewer (143)
[2015.04.21-14.29.46:542][864]LogModuleManager: Shutting down and abandoning module InputBindingEditor (142)
[2015.04.21-14.29.46:557][864]LogModuleManager: Shutting down and abandoning module EditorSettingsViewer (141)
[2015.04.21-14.29.46:558][864]LogModuleManager: Shutting down and abandoning module SettingsEditor (140)
[2015.04.21-14.29.46:571][864]LogModuleManager: Shutting down and abandoning module ProjectLauncher (139)
[2015.04.21-14.29.46:572][864]LogModuleManager: Shutting down and abandoning module SessionFrontend (138)
[2015.04.21-14.29.46:572][864]LogModuleManager: Shutting down and abandoning module ProfilerClient (137)
[2015.04.21-14.29.46:578][864]LogModuleManager: Shutting down and abandoning module TargetDeviceServices (136)
[2015.04.21-14.29.46:578][864]LogModuleManager: Shutting down and abandoning module DeviceManager (135)
[2015.04.21-14.29.46:579][864]LogModuleManager: Shutting down and abandoning module AutomationController (134)
[2015.04.21-14.29.46:579][864]LogModuleManager: Shutting down and abandoning module AutomationWindow (133)
[2015.04.21-14.29.46:592][864]LogModuleManager: Shutting down and abandoning module Layers (132)
[2015.04.21-14.29.46:613][864]LogModuleManager: Shutting down and abandoning module ComponentVisualizers (131)
[2015.04.21-14.29.46:613][864]LogModuleManager: Shutting down and abandoning module DetailCustomizations (130)
[2015.04.21-14.29.46:614][864]LogModuleManager: Shutting down and abandoning module PackagesDialog (129)
[2015.04.21-14.29.46:624][864]LogModuleManager: Shutting down and abandoning module AssetRegistry (128)
[2015.04.21-14.29.46:693][864]LogModuleManager: Shutting down and abandoning module Persona (127)
[2015.04.21-14.29.46:701][864]LogModuleManager: Shutting down and abandoning module SlateReflector (126)
[2015.04.21-14.29.46:712][864]LogModuleManager: Shutting down and abandoning module LevelEditor (125)
[2015.04.21-14.29.46:714][864]LogModuleManager: Shutting down and abandoning module Kismet (124)
[2015.04.21-14.29.46:714][864]LogModuleManager: Shutting down and abandoning module GraphEditor (123)
[2015.04.21-14.29.46:734][864]LogModuleManager: Shutting down and abandoning module ClassViewer (122)
[2015.04.21-14.29.46:735][864]LogModuleManager: Shutting down and abandoning module Toolbox (121)
[2015.04.21-14.29.46:736][864]LogModuleManager: Shutting down and abandoning module ModuleUI (120)
[2015.04.21-14.29.46:752][864]LogModuleManager: Shutting down and abandoning module MovieSceneTools (119)
[2015.04.21-14.29.46:764][864]LogModuleManager: Shutting down and abandoning module OutputLog (118)
[2015.04.21-14.29.46:765][864]LogModuleManager: Shutting down and abandoning module GammaUI (117)
[2015.04.21-14.29.46:774][864]LogModuleManager: Shutting down and abandoning module Documentation (116)
[2015.04.21-14.29.46:776][864]LogModuleManager: Shutting down and abandoning module GameLiveStreaming (115)
[2015.04.21-14.29.46:777][864]LogModuleManager: Shutting down and abandoning module StreamingPauseRendering (114)
[2015.04.21-14.29.46:778][864]LogModuleManager: Shutting down and abandoning module HTTP (113)
[2015.04.21-14.29.46:779][864]LogModuleManager: Shutting down and abandoning module AnalyticsET (112)
[2015.04.21-14.29.46:779][864]LogModuleManager: Shutting down and abandoning module Analytics (111)
[2015.04.21-14.29.46:780][864]LogModuleManager: Shutting down and abandoning module AITestSuite (110)
[2015.04.21-14.29.46:781][864]LogModuleManager: Shutting down and abandoning module GameplayDebugger (109)
[2015.04.21-14.29.46:782][864]LogModuleManager: Shutting down and abandoning module AIModule (108)
[2015.04.21-14.29.46:784][864]LogModuleManager: Shutting down and abandoning module ProfilerService (107)
[2015.04.21-14.29.46:965][864]LogModuleManager: Shutting down and abandoning module TaskGraph (106)
[2015.04.21-14.29.46:973][864]LogModuleManager: Shutting down and abandoning module SlateRemote (105)
[2015.04.21-14.29.46:974][864]LogModuleManager: Shutting down and abandoning module ScriptEditorPlugin (104)
[2015.04.21-14.29.46:975][864]LogModuleManager: Shutting down and abandoning module CustomMeshComponent (103)
[2015.04.21-14.29.46:976][864]LogModuleManager: Shutting down and abandoning module CableComponent (102)
[2015.04.21-14.29.46:977][864]LogModuleManager: Shutting down and abandoning module MessagingDebugger (101)
[2015.04.21-14.29.46:989][864]LogModuleManager: Shutting down and abandoning module MediaPlayerEditor (100)
[2015.04.21-14.29.47:005][864]LogModuleManager: Shutting down and abandoning module SpeedTreeImporter (99)
[2015.04.21-14.29.47:006][864]LogModuleManager: Shutting down and abandoning module PluginsEditor (98)
[2015.04.21-14.29.47:007][864]LogModuleManager: Shutting down and abandoning module MainFrame (97)
[2015.04.21-14.29.47:008][864]LogModuleManager: Shutting down and abandoning module EpicSurvey (96)
[2015.04.21-14.29.47:009][864]LogModuleManager: Shutting down and abandoning module DesktopPlatform (95)
[2015.04.21-14.29.47:023][864]LogModuleManager: Shutting down and abandoning module DirectoryWatcher (94)
[2015.04.21-14.29.47:025][864]LogModuleManager: Shutting down and abandoning module HotReload (93)
[2015.04.21-14.29.47:027][864]LogModuleManager: Shutting down and abandoning module VisualStudioSourceCodeAccess (92)
[2015.04.21-14.29.47:028][864]LogModuleManager: Shutting down and abandoning module UObjectPlugin (91)
[2015.04.21-14.29.47:029][864]LogModuleManager: Shutting down and abandoning module SubversionSourceControl (90)
[2015.04.21-14.29.47:030][864]LogModuleManager: Shutting down and abandoning module PerforceSourceControl (89)
[2015.04.21-14.29.47:041][864]LogModuleManager: Shutting down and abandoning module SourceControl (88)
[2015.04.21-14.29.47:042][864]LogModuleManager: Shutting down and abandoning module GitSourceControl (87)
[2015.04.21-14.29.47:043][864]LogModuleManager: Shutting down and abandoning module BlankPlugin (86)
[2015.04.21-14.29.47:044][864]LogModuleManager: Shutting down and abandoning module PaperTiledImporter (85)
[2015.04.21-14.29.47:045][864]LogModuleManager: Shutting down and abandoning module PaperJsonImporter (84)
[2015.04.21-14.29.47:046][864]LogModuleManager: Shutting down and abandoning module ContentBrowser (83)
[2015.04.21-14.29.47:049][864]LogModuleManager: Shutting down and abandoning module Paper2DEditor (82)
[2015.04.21-14.29.47:050][864]LogModuleManager: Shutting down and abandoning module TowardsTheLight (81)
[2015.04.21-14.29.47:051][864]LogModuleManager: Shutting down and abandoning module ScriptPlugin (80)
[2015.04.21-14.29.47:052][864]LogModuleManager: Shutting down and abandoning module UdpMessaging (79)
[2015.04.21-14.29.47:155][864]LogModuleManager: Shutting down and abandoning module Paper2D (78)
[2015.04.21-14.29.47:155][864]LogModuleManager: Shutting down and abandoning module WindowsMoviePlayer (77)
[2015.04.21-14.29.47:161][864]LogModuleManager: Shutting down and abandoning module Media (76)
[2015.04.21-14.29.47:161][864]LogModuleManager: Shutting down and abandoning module WmfMedia (75)
[2015.04.21-14.29.47:162][864]LogModuleManager: Shutting down and abandoning module OnlineBlueprintSupport (74)
[2015.04.21-14.29.47:163][864]LogModuleManager: Shutting down and abandoning module PropertyEditor (73)
[2015.04.21-14.29.47:165][864]LogModuleManager: Shutting down and abandoning module BehaviorTreeEditor (72)
[2015.04.21-14.29.47:177][864]LogModuleManager: Shutting down and abandoning module FunctionalTesting (71)
[2015.04.21-14.29.47:177][864]LogModuleManager: Shutting down and abandoning module CollisionAnalyzer (70)
[2015.04.21-14.29.47:190][864]LogModuleManager: Shutting down and abandoning module WorkspaceMenuStructure (69)
[2015.04.21-14.29.47:190][864]LogModuleManager: Shutting down and abandoning module MessageLog (68)
[2015.04.21-14.29.47:191][864]LogModuleManager: Shutting down and abandoning module Sequencer (67)
[2015.04.21-14.29.47:194][864]LogModuleManager: Shutting down and abandoning module AssetTools (66)
[2015.04.21-14.29.47:224][864]LogModuleManager: Shutting down and abandoning module UMGEditor (65)
[2015.04.21-14.29.47:234][864]LogModuleManager: Shutting down and abandoning module UMG (64)
[2015.04.21-14.29.47:243][864]LogModuleManager: Shutting down and abandoning module Slate (63)
[2015.04.21-14.29.47:244][864]LogModuleManager: Shutting down and abandoning module EditorStyle (62)
[2015.04.21-14.29.47:257][864]LogModuleManager: Shutting down and abandoning module SessionServices (61)
[2015.04.21-14.29.47:258][864]LogModuleManager: Shutting down and abandoning module SourceCodeAccess (60)
[2015.04.21-14.29.47:259][864]LogModuleManager: Shutting down and abandoning module HeadMountedDisplay (59)
[2015.04.21-14.29.47:260][864]LogModuleManager: Shutting down and abandoning module XAudio2 (58)
[2015.04.21-14.29.47:261][864]LogModuleManager: Shutting down and abandoning module Networking (56)
[2015.04.21-14.29.47:262][864]LogModuleManager: Shutting down and abandoning module Core (55)
[2015.04.21-14.29.47:263][864]LogModuleManager: Shutting down and abandoning module KismetCompiler (54)
[2015.04.21-14.29.47:264][864]LogModuleManager: Shutting down and abandoning module PhysXFormats (53)
[2015.04.21-14.29.47:265][864]LogModuleManager: Shutting down and abandoning module MeshUtilities (52)
[2015.04.21-14.29.47:278][864]LogModuleManager: Shutting down and abandoning module DerivedDataCache (51)
[2015.04.21-14.29.47:332][864]LogDerivedDataCache: Shutdown
[2015.04.21-14.29.47:333][864]LogModuleManager: Shutting down and abandoning module ShaderFormatOpenGL (50)
[2015.04.21-14.29.47:344][864]LogModuleManager: Shutting down and abandoning module ShaderFormatD3D (49)
[2015.04.21-14.29.47:345][864]LogModuleManager: Shutting down and abandoning module MetalShaderFormat (48)
[2015.04.21-14.29.47:351][864]LogModuleManager: Shutting down and abandoning module TextureFormatUncompressed (47)
[2015.04.21-14.29.47:352][864]LogModuleManager: Shutting down and abandoning module TextureFormatPVR (46)
[2015.04.21-14.29.47:353][864]LogModuleManager: Shutting down and abandoning module TextureFormatIntelISPCTexComp (45)
[2015.04.21-14.29.47:355][864]LogModuleManager: Shutting down and abandoning module TextureFormatDXT (44)
[2015.04.21-14.29.47:356][864]LogModuleManager: Shutting down and abandoning module ImageWrapper (43)
[2015.04.21-14.29.47:357][864]LogModuleManager: Shutting down and abandoning module TextureFormatASTC (42)
[2015.04.21-14.29.47:358][864]LogModuleManager: Shutting down and abandoning module TextureFormatAndroid (41)
[2015.04.21-14.29.47:359][864]LogModuleManager: Shutting down and abandoning module AudioFormatOpus (40)
[2015.04.21-14.29.47:371][864]LogModuleManager: Shutting down and abandoning module AudioFormatOgg (39)
[2015.04.21-14.29.47:372][864]LogModuleManager: Shutting down and abandoning module AudioFormatADPCM (38)
[2015.04.21-14.29.47:373][864]LogModuleManager: Shutting down and abandoning module LinuxTargetPlatform (37)
[2015.04.21-14.29.47:374][864]LogModuleManager: Shutting down and abandoning module LinuxServerTargetPlatform (36)
[2015.04.21-14.29.47:375][864]LogModuleManager: Shutting down and abandoning module LinuxNoEditorTargetPlatform (35)
[2015.04.21-14.29.47:376][864]LogModuleManager: Shutting down and abandoning module Messaging (34)
[2015.04.21-14.29.47:377][864]LogModuleManager: Shutting down and abandoning module IOSTargetPlatform (33)
[2015.04.21-14.29.47:378][864]LogModuleManager: Shutting down and abandoning module HTML5TargetPlatform (32)
[2015.04.21-14.29.47:379][864]LogModuleManager: Shutting down and abandoning module Android_PVRTCTargetPlatform (31)
[2015.04.21-14.29.47:380][864]LogModuleManager: Shutting down and abandoning module Android_ETC2TargetPlatform (30)
[2015.04.21-14.29.47:381][864]LogModuleManager: Shutting down and abandoning module Android_ETC1TargetPlatform (29)
[2015.04.21-14.29.47:382][864]LogModuleManager: Shutting down and abandoning module Android_ES31TargetPlatform (28)
[2015.04.21-14.29.47:383][864]LogModuleManager: Shutting down and abandoning module Android_DXTTargetPlatform (27)
[2015.04.21-14.29.47:384][864]LogModuleManager: Shutting down and abandoning module Android_ATCTargetPlatform (26)
[2015.04.21-14.29.47:385][864]LogModuleManager: Shutting down and abandoning module AndroidTargetPlatform (25)
[2015.04.21-14.29.47:385][864]LogModuleManager: Shutting down and abandoning module WindowsTargetPlatform (24)
[2015.04.21-14.29.47:386][864]LogModuleManager: Shutting down and abandoning module WindowsServerTargetPlatform (23)
[2015.04.21-14.29.47:387][864]LogModuleManager: Shutting down and abandoning module WindowsNoEditorTargetPlatform (22)
[2015.04.21-14.29.47:388][864]LogModuleManager: Shutting down and abandoning module WindowsClientTargetPlatform (21)
[2015.04.21-14.29.47:389][864]LogModuleManager: Shutting down and abandoning module TargetPlatform (20)
[2015.04.21-14.29.47:389][864]LogModuleManager: Shutting down and abandoning module InputCore (19)
[2015.04.21-14.29.47:390][864]LogModuleManager: Shutting down and abandoning module Settings (18)
[2015.04.21-14.29.47:391][864]LogModuleManager: Shutting down and abandoning module OnlineSubsystem (16)
[2015.04.21-14.29.47:392][864]LogModuleManager: Shutting down and abandoning module OculusRift (15)
[2015.04.21-14.29.47:393][864]LogModuleManager: Shutting down and abandoning module ExampleDeviceProfileSelector (14)
[2015.04.21-14.29.47:394][864]LogModuleManager: Shutting down and abandoning module TextureCompressor (13)
[2015.04.21-14.29.47:395][864]LogModuleManager: Shutting down and abandoning module ShaderCore (12)
[2015.04.21-14.29.47:396][864]LogModuleManager: Shutting down and abandoning module Landscape (11)
[2015.04.21-14.29.47:397][864]LogModuleManager: Shutting down and abandoning module SlateRHIRenderer (10)
[2015.04.21-14.29.47:400][864]LogModuleManager: Shutting down and abandoning module OpenGLDrv (9)
[2015.04.21-14.29.47:402][864]LogModuleManager: Shutting down and abandoning module D3D11RHI (8)
[2015.04.21-14.29.47:402][864]LogModuleManager: Shutting down and abandoning module Renderer (7)
[2015.04.21-14.29.47:403][864]LogModuleManager: Shutting down and abandoning module Engine (6)
[2015.04.21-14.29.47:405][864]LogModuleManager: Shutting down and abandoning module CoreUObject (5)
[2015.04.21-14.29.47:405][864]LogModuleManager: Shutting down and abandoning module NetworkFile (4)
[2015.04.21-14.29.47:406][864]LogModuleManager: Shutting down and abandoning module StreamingFile (3)
[2015.04.21-14.29.47:407][864]LogModuleManager: Shutting down and abandoning module SandboxFile (2)
[2015.04.21-14.29.47:407][864]LogModuleManager: Shutting down and abandoning module PakFile (1)
[2015.04.21-14.29.47:423][864]LogExit: Exiting.
[2015.04.21-14.29.47:434][864]Log file closed, 04/21/15 16:29:47
