Log file open, 04/20/15 16:24:05
LogInit:Display: Running engine for game: TowardsTheLight
LogInit: Version: 4.7.5-2503383+++depot+UE4-Releases+4.7
LogInit: API Version: 2455222
LogInit: Compiled (64-bit): Apr  6 2015 23:21:51
LogInit: Compiled with Visual C++: 18.00.21005.01
LogInit: Build Configuration: DebugGame
LogInit: Branch Name: ++depot+UE4-Releases+4.7
LogInit: Command line:  -debug
LogInit: Base directory: C:/Program Files/Epic Games/4.7/Engine/Binaries/Win64/
LogInit: Rocket: 1
[2015.04.20-14.24.05:798][  0]LogTaskGraph: Started task graph with 3 named threads and 6 total threads.
[2015.04.20-14.24.05:873][  0]LogOnline:Warning: No default platform service specified for OnlineSubsystem
[2015.04.20-14.24.06:225][  0]LogInit: Presizing for 0 objects not considered by GC, pre-allocating 0 bytes.
[2015.04.20-14.24.06:242][  0]LogInit: Object subsystem initialized
[2015.04.20-14.24.06:245][  0]LogConsoleResponse:Warning: Skipping Unknown console variable: 'TranslucentSortAxis = (X=0.000000,Y=-1.000000,Z=0.000000)'
[2015.04.20-14.24.06:245][  0]LogConsoleResponse:Warning:   Found in ini file 'D:/master_videojuegos/proyecto/TowardTheLight/TowardsTheLight/Saved/Config/Windows/Engine.ini', in section '[/Script/Engine.RendererSettings]'
[2015.04.20-14.24.06:246][  0]LogConsoleResponse:Warning: Skipping Unknown console variable: 'UIScaleRule = ShortestSide'
[2015.04.20-14.24.06:246][  0]LogConsoleResponse:Warning:   Found in ini file 'D:/master_videojuegos/proyecto/TowardTheLight/TowardsTheLight/Saved/Config/Windows/Engine.ini', in section '[/Script/Engine.RendererSettings]'
[2015.04.20-14.24.06:247][  0]LogConsoleResponse:Warning: Skipping Unknown console variable: 'UIScaleCurve = (EditorCurveData=(Keys=),ExternalCurve=None)'
[2015.04.20-14.24.06:247][  0]LogConsoleResponse:Warning:   Found in ini file 'D:/master_videojuegos/proyecto/TowardTheLight/TowardsTheLight/Saved/Config/Windows/Engine.ini', in section '[/Script/Engine.RendererSettings]'
[2015.04.20-14.24.06:248][  0]LogInit: Selected Device Profile: [Windows]
[2015.04.20-14.24.06:248][  0]LogInit: Applying CVar settings loaded from the selected device profile: [Windows]
[2015.04.20-14.24.06:268][  0]LogInit: Computer: MCRUZ
[2015.04.20-14.24.06:269][  0]LogInit: User: ManuelCruz
[2015.04.20-14.24.06:269][  0]LogInit: CPU Page size=4096, Cores=4
[2015.04.20-14.24.06:270][  0]LogInit: High frequency timer resolution =2.435774 MHz
[2015.04.20-14.24.06:270][  0]LogMemory: Memory total: Physical=7.9GB (8GB approx) Virtual=131072.0GB
[2015.04.20-14.24.06:271][  0]LogMemory: Platform Memory Stats for Windows
[2015.04.20-14.24.06:271][  0]LogMemory: Process Physical Memory: 46.36 MB used, 46.36 MB peak
[2015.04.20-14.24.06:271][  0]LogMemory: Process Virtual Memory: 24.67 MB used, 24.67 MB peak
[2015.04.20-14.24.06:271][  0]LogMemory: Physical Memory: 3323.55 MB used, 8111.30 MB total
[2015.04.20-14.24.06:272][  0]LogMemory: Virtual Memory: 290.16 MB used, 134217728.00 MB total
[2015.04.20-14.24.06:676][  0]LogD3D11RHI: Found D3D11 adapter 0: NVIDIA GeForce GTX 860M   (Feature Level 11_0)
[2015.04.20-14.24.06:676][  0]LogD3D11RHI: Adapter has 1972MB of dedicated video memory, 0MB of dedicated system memory, and 2048MB of shared system memory, 1 output[s]
[2015.04.20-14.24.06:836][  0]LogD3D11RHI: Found D3D11 adapter 1: Intel(R) HD Graphics 4600 (Feature Level 11_0)
[2015.04.20-14.24.06:836][  0]LogD3D11RHI: Adapter has 0MB of dedicated video memory, 0MB of dedicated system memory, and 1792MB of shared system memory, 0 output[s]
[2015.04.20-14.24.06:888][  0]LogD3D11RHI: Found D3D11 adapter 2: Microsoft Basic Render Driver (Feature Level 11_0)
[2015.04.20-14.24.06:889][  0]LogD3D11RHI: Adapter has 0MB of dedicated video memory, 0MB of dedicated system memory, and 256MB of shared system memory, 0 output[s]
[2015.04.20-14.24.06:889][  0]LogD3D11RHI: Chosen D3D11 Adapter Id = 0
[2015.04.20-14.24.06:894][  0]LogRHI: Texture pool is 1361 MB (70% of 1945 MB)
[2015.04.20-14.24.06:948][  0]LogD3D11RHI: Async texture creation enabled
[2015.04.20-14.24.10:210][  0]LogTextLocalizationManager: The requested culture ('es_ES') has no localization data; parent culture's ('es') localization data will be used.
[2015.04.20-14.24.10:273][  0]LogTextLocalizationManager:Warning: Loading localization resources contain conflicting entries for (Namespace:ContentBrowser, Key:ImportAssetToolTip):
Resource: (C:/Program Files/Epic Games/4.7/Engine/Content/Localization/Editor/es/Editor.locres) Hash: (-630476809) String: (Importar a {0}...)
Resource: (C:/Program Files/Epic Games/4.7/Engine/Content/Localization/Editor/es/Editor.locres) Hash: (1271782899) String: (Importa un activo desde el archivo a esta carpeta.)
[2015.04.20-14.24.10:337][  0]LogContentStreaming: Texture pool size is 0.000000MB
[2015.04.20-14.24.20:451][  0]LogTargetPlatformManager:Display: Building Assets For Windows
[2015.04.20-14.24.24:501][  0]LogTargetPlatformManager:Display: Building Assets For Windows
[2015.04.20-14.24.24:829][  0]LogDerivedDataCache:Display: Max Cache Size: 512 MB
[2015.04.20-14.24.25:266][  0]LogDerivedDataCache: Loaded boot cache 0.43s 39MB C:/Users/Manuel Cruz/AppData/Local/UnrealEngine/4.7/DerivedDataCache/Boot.ddc.
[2015.04.20-14.24.25:267][  0]LogDerivedDataCache:Display: Loaded Boot cache: C:/Users/Manuel Cruz/AppData/Local/UnrealEngine/4.7/DerivedDataCache/Boot.ddc
[2015.04.20-14.24.25:269][  0]LogDerivedDataCache: FDerivedDataBackendGraph:  Pak pak cache file D:/master_videojuegos/proyecto/TowardTheLight/TowardsTheLight/DerivedDataCache/DDC.ddp not found, will not use a pak cache.
[2015.04.20-14.24.25:270][  0]LogDerivedDataCache: Unable to find inner node Pak for hierarchical cache Hierarchy.
[2015.04.20-14.24.25:514][  0]LogDerivedDataCache:Display: Pak cache opened for reading ../../../Engine/DerivedDataCache/Compressed.ddp.
[2015.04.20-14.24.25:540][  0]LogDerivedDataCache: Using Local data cache path C:/Users/Manuel Cruz/AppData/Local/UnrealEngine/Common/DerivedDataCache: Writable
[2015.04.20-14.24.30:050][  0]LogMeshUtilities: No automatic mesh reduction module available
[2015.04.20-14.24.30:051][  0]LogMeshUtilities: No automatic mesh merging module available
[2015.04.20-14.24.32:352][  0]LogInit: WinSock: version 1.1 (2.2), MaxSocks=32767, MaxUdp=65467
[2015.04.20-14.24.33:188][  0]LogSlate:Warning: Failed to load font data from '../../../Engine/Content/Slate/Fonts/Roboto-Italic.ttf'
[2015.04.20-14.24.58:884][  0]UdpMessaging: Initializing bridge on interface 0.0.0.0:0 to multicast group 230.0.0.1:6666.
[2015.04.20-14.25.03:258][  0]SourceControl: Información El control de código fuente está desactivado
[2015.04.20-14.25.03:259][  0]SourceControl: Información El control de código fuente está desactivado
[2015.04.20-14.25.03:259][  0]SourceControl: Información El control de código fuente está desactivado
[2015.04.20-14.25.03:260][  0]LogSourceControl: RunCommandInternalRaw: 'git version'
[2015.04.20-14.25.03:261][  0]LogSourceControl: RunCommandInternalRaw: ExecProcess ReturnCode=2 OutResults=''
[2015.04.20-14.25.03:283][  0]SourceControl: Información El control de código fuente está desactivado
[2015.04.20-14.25.06:282][  0]LogObj: 24251 objects as part of root set at end of initial load.
[2015.04.20-14.25.06:282][  0]LogUObjectAllocator: 5152600 out of 0 bytes used by permanent object pool.
[2015.04.20-14.25.06:983][  0]LogEngine: Initializing Engine...
[2015.04.20-14.25.09:623][  0]LogInit: XAudio2 using 'Altavoces (Realtek High Definition Audio)' : 2 channels at 48 kHz using 32 bits per sample (channel mask 0x3)
[2015.04.20-14.25.09:900][  0]LogInit: FAudioDevice initialized.
[2015.04.20-14.25.10:078][  0]LogAIModule: Creating AISystem for world NewWorld
[2015.04.20-14.25.10:133][  0]LogDerivedDataCache: Saved boot cache 0.05s 39MB C:/Users/Manuel Cruz/AppData/Local/UnrealEngine/4.7/DerivedDataCache/Boot.ddc.
[2015.04.20-14.25.10:139][  0]LogInit: Texture streaming: Enabled
[2015.04.20-14.25.10:774][  0]LogAnalytics: Creating configured Analytics provider AnalyticsET
[2015.04.20-14.25.10:775][  0]LogAnalytics: ET APIKey = Rocket.Release. APIServer = http://et2.epicgames.com/ET2/. AppVersion = 4.7.5-2503383+++depot+UE4-Releases+4.7
[2015.04.20-14.25.10:776][  0]LogAnalytics: ET APIKey = Rocket.Release. DataRouterUploadURL = https://datarouter-public-service-gamedev.ol.epicgames.net/datarouter/api/v1/public/data. AppVersion = 4.7.5-2503383+++depot+UE4-Releases+4.7
[2015.04.20-14.25.10:777][  0]LogAnalytics: SetUserId cf3e962b4f6b803c9f3bfc8f9d3c5aa6|fb4b5d7a798346e4b2a57627c6ace3fa|5cb3378a-ab04-48dc-b237-dc85636457fe
[2015.04.20-14.25.10:778][  0]LogAnalytics: AnalyticsET::StartSession [Rocket.Release]
[2015.04.20-14.25.10:894][  0]LogInit: Transaction tracking system initialized
[2015.04.20-14.25.15:205][  0]BlueprintLog: New page: Cargar el editor
[2015.04.20-14.25.15:623][  0]LogAssetRegistry: FAssetRegistry took 0.0134 seconds to start up
[2015.04.20-14.25.15:627][  0]LogDirectoryWatcher:Warning: Failed to begin reading directory changes for ../../../Engine/Plugins/Experimental/CharacterAI/Content/. Error: 0
[2015.04.20-14.25.21:558][  0]LogTargetPlatformManager:Display: Building Assets For Windows
[2015.04.20-14.25.22:354][  0]LogTargetPlatformManager:Display: Building Assets For Windows
[2015.04.20-14.25.27:152][  0]LogSlate:Warning: Failed to load font data from '../../../Engine/Content/Editor/Slate/Fonts/Roboto-Regular.ttf'
[2015.04.20-14.25.27:154][  0]LogSlate:Warning: Failed to load font data from '../../../Engine/Content/Editor/Slate/Fonts/Roboto-Bold.ttf'
[2015.04.20-14.25.27:316][  0]LogConsoleResponse:Display: 
[2015.04.20-14.25.29:791][  0]LogCook:Display: Done creating registry. It took  0.00s.
[2015.04.20-14.25.33:317][  0]SourceControl: Información El control de código fuente está desactivado
[2015.04.20-14.25.33:319][  0]Cmd: MAP LOAD FILE="../../../Engine/Content/Maps/Templates/Template_Default.umap" TEMPLATE=1 SHOWPROGRESS=1 FEATURELEVEL=3
[2015.04.20-14.25.33:332][  0]LightingResults: New page: Diseñar la iluminación
[2015.04.20-14.25.33:398][  0]MapCheck: New page: Revisión del mapa
[2015.04.20-14.25.33:399][  0]LightingResults: New page: Diseñar la iluminación
[2015.04.20-14.25.33:409][  0]LogParticles: Destroying 0 GPU particle simulations for FXSystem 0x000000B360CA3380
[2015.04.20-14.25.35:788][  0]LogEditorServer: Finished looking for orphan Actors (0.000 secs)
[2015.04.20-14.25.35:807][  0]LogAIModule: Creating AISystem for world Untitled_1
[2015.04.20-14.25.35:810][  0]Cmd: MAP CHECKDEP
[2015.04.20-14.25.35:811][  0]MapCheck: New page: Untitled_1 - 20/4/2015 18:25:35
[2015.04.20-14.25.36:074][  0]MapCheck: Información Map check complete: 0 Error(s), 0 Warning(s), took 263,053ms to complete.
[2015.04.20-14.25.36:075][  0]LogFileHelpers: Loading map 'Template_Default' took 2.757
[2015.04.20-14.25.36:863][  0]LogCollectionManager: Loaded 0 collections in 0.009533 seconds
[2015.04.20-14.25.36:920][  0]LogContentBrowser: Native class hierarchy populated in 0.0556 seconds. Added 1700 classes and 263 folders.
[2015.04.20-14.25.37:582][  0]LogContentBrowser: Native class hierarchy updated for 'SceneOutliner' in 0.0406 seconds. Added 1 classes and 2 folders.
[2015.04.20-14.25.38:373][  0]LogCrashTracker: Crashtracker disabled due to settings.
[2015.04.20-14.25.38:379][  0]LogSlate:Warning: Failed to load font data from 'Veranda'
[2015.04.20-14.25.38:413][  0]LogUObjectGlobals:Warning: Error al encontrar el objeto 'Class Ninguno.'
[2015.04.20-14.25.38:503][  0]LogLoad: Full Startup: 97.33 seconds (BP compile: 0.14 seconds)
[2015.04.20-14.25.38:536][  0]LogContentBrowser:Verbose: The content browser source was changed by the sources view to '/Game/Levels'
[2015.04.20-14.25.39:190][  0]LogRenderer:Warning: Reallocating scene render targets to support 32x32 (Frame:2).
[2015.04.20-14.25.39:408][  0]LogRenderer:Warning: Reallocating scene render targets to support 896x440 (Frame:4).
[2015.04.20-14.25.42:203][244]LogAssetRegistry: Asset discovery search completed in 26.5930 seconds
[2015.04.20-14.26.11:841][342]LogLinker:Warning: No puede encontrar el archivo '/Game/SideScroller/Character/SideScrollerSkeleton'
[2015.04.20-14.26.11:843][342]LogLinker:Warning: No puede encontrar el archivo para el activo '/Game/SideScroller/Character/SideScrollerSkeleton' mientras carga D:/master_videojuegos/proyecto/TowardTheLight/TowardsTheLight/Content/Models/Character/SideScrollerSkeletalMesh.uasset.
[2015.04.20-14.26.11:845][342]LoadErrors:Error: Error /Game/Models/Character/SideScrollerSkeletalMesh : No puede encontrar el archivo para el activo. /Game/SideScroller/Character/SideScrollerSkeleton
[2015.04.20-14.26.11:847][342]LogLinker:Warning: No puede encontrar el archivo '/Game/SideScroller/Character/SideScrollerSkeleton'
[2015.04.20-14.26.11:849][342]LogLinker:Warning: No puede encontrar el archivo para el activo '/Game/SideScroller/Character/SideScrollerSkeleton' mientras carga D:/master_videojuegos/proyecto/TowardTheLight/TowardsTheLight/Content/Models/Character/SideScrollerSkeletalMesh.uasset.
[2015.04.20-14.26.11:872][342]LogLinker:Warning: No puede encontrar el archivo '/Game/SideScroller/Character/SideScrollerSkeleton'
[2015.04.20-14.26.11:874][342]LoadErrors: Información Error al cargar /Game/SideScroller/Character/SideScrollerSkeleton.SideScrollerSkeleton Referenciado por SideScrollerSkeletalMesh
[2015.04.20-14.26.11:876][342]LogLinker:Warning: No puede encontrar el archivo para el activo '/Game/SideScroller/Character/SideScrollerSkeleton' mientras carga NULL.
[2015.04.20-14.26.12:108][342]Cmd: MAP LOAD FILE="D:/master_videojuegos/proyecto/TowardTheLight/TowardsTheLight/Content/Levels/DevelopmentLevel.umap" TEMPLATE=0 SHOWPROGRESS=1 FEATURELEVEL=3
[2015.04.20-14.26.12:110][342]LightingResults: New page: Diseñar la iluminación
[2015.04.20-14.26.12:222][342]LoadErrors: New page: Cargando mapa: DevelopmentLevel.umap
[2015.04.20-14.26.12:224][342]MapCheck: New page: Revisión del mapa
[2015.04.20-14.26.12:224][342]LightingResults: New page: Diseñar la iluminación
[2015.04.20-14.26.12:233][342]LogParticles: Destroying 0 GPU particle simulations for FXSystem 0x000000B359B02840
[2015.04.20-14.26.12:267][342]LogEditorServer: Finished looking for orphan Actors (0.000 secs)
[2015.04.20-14.26.12:273][342]LogAIModule: Creating AISystem for world DevelopmentLevel
[2015.04.20-14.26.12:291][342]Cmd: MAP CHECKDEP
[2015.04.20-14.26.12:291][342]MapCheck: New page: DevelopmentLevel - 20/4/2015 18:26:12
[2015.04.20-14.26.12:513][342]MapCheck: Información Map check complete: 0 Error(s), 0 Warning(s), took 220,454ms to complete.
[2015.04.20-14.26.12:515][342]LogFileHelpers: Loading map 'DevelopmentLevel' took 0.413
[2015.04.20-14.26.31:500][111]LogPlayLevel: PIE:  No blueprints needed recompiling
[2015.04.20-14.26.31:500][111]PIE: New page: Sesión PIE (reproducción en el editor): DevelopmentLevel (20/4/2015 18:26:31)
[2015.04.20-14.26.31:504][111]LogPlayLevel: PIE: StaticDuplicateObject took: (0.002336s)
[2015.04.20-14.26.31:505][111]LogPlayLevel: PIE: World Init took: (0.000793s)
[2015.04.20-14.26.31:506][111]LogPlayLevel: PIE: Created PIE world by copying editor world from /Game/Levels/DevelopmentLevel.DevelopmentLevel to /Game/Levels/UEDPIE_0_DevelopmentLevel.DevelopmentLevel (0.004819s)
[2015.04.20-14.26.31:624][111]LogWorld: Game class is 'MyGameMode'
[2015.04.20-14.26.31:627][111]LogAIModule: Creating AISystem for world DevelopmentLevel
[2015.04.20-14.26.31:631][111]LogWorld: Bringing World /Game/Levels/UEDPIE_0_DevelopmentLevel.DevelopmentLevel up for play (max tick rate 0) at 2015.04.20-16.26.31
[2015.04.20-14.26.31:633][111]LogWorld: Bringing up level for play took: 0.004511
[2015.04.20-14.26.31:667][111]PIE: Información Tiempo de inicio de la reproducción en el editor para  /Game/Levels/UEDPIE_0_DevelopmentLevel 0,713
[2015.04.20-14.26.36:993][601]LogParticles: Destroying 0 GPU particle simulations for FXSystem 0x000000B358971940
[2015.04.20-14.26.41:796][979]LogPlayLevel: PIE:  No blueprints needed recompiling
[2015.04.20-14.26.41:796][979]PIE: New page: Sesión PIE (reproducción en el editor): DevelopmentLevel (20/4/2015 18:26:41)
[2015.04.20-14.26.41:799][979]LogPlayLevel: PIE: StaticDuplicateObject took: (0.002095s)
[2015.04.20-14.26.41:801][979]LogPlayLevel: PIE: World Init took: (0.001430s)
[2015.04.20-14.26.41:802][979]LogPlayLevel: PIE: Created PIE world by copying editor world from /Game/Levels/DevelopmentLevel.DevelopmentLevel to /Game/Levels/UEDPIE_0_DevelopmentLevel.DevelopmentLevel (0.004945s)
[2015.04.20-14.26.41:894][979]LogWorld: Game class is 'MyGameMode'
[2015.04.20-14.26.41:901][979]LogAIModule: Creating AISystem for world DevelopmentLevel
[2015.04.20-14.26.41:910][979]LogWorld: Bringing World /Game/Levels/UEDPIE_0_DevelopmentLevel.DevelopmentLevel up for play (max tick rate 0) at 2015.04.20-16.26.41
[2015.04.20-14.26.41:913][979]LogWorld: Bringing up level for play took: 0.008931
[2015.04.20-14.26.41:920][979]PIE: Información Tiempo de inicio de la reproducción en el editor para  /Game/Levels/UEDPIE_0_DevelopmentLevel 0,966
[2015.04.20-14.26.46:075][404]LogSelection:Warning: PIE object was selected: "CameraActor /Game/Levels/UEDPIE_0_DevelopmentLevel.DevelopmentLevel:PersistentLevel.CameraActor_1"
[2015.04.20-14.27.09:405][346]LogParticles: Destroying 0 GPU particle simulations for FXSystem 0x000000B3604D9620
[2015.04.20-14.27.14:314][691]LogPlayLevel: PIE:  No blueprints needed recompiling
[2015.04.20-14.27.14:315][691]PIE: New page: Sesión PIE (reproducción en el editor): DevelopmentLevel (20/4/2015 18:27:14)
[2015.04.20-14.27.14:320][691]LogPlayLevel: PIE: StaticDuplicateObject took: (0.002901s)
[2015.04.20-14.27.14:323][691]LogPlayLevel: PIE: World Init took: (0.002184s)
[2015.04.20-14.27.14:323][691]LogPlayLevel: PIE: Created PIE world by copying editor world from /Game/Levels/DevelopmentLevel.DevelopmentLevel to /Game/Levels/UEDPIE_0_DevelopmentLevel.DevelopmentLevel (0.006630s)
[2015.04.20-14.27.14:395][691]LogWorld: Game class is 'MyGameMode'
[2015.04.20-14.27.14:398][691]LogAIModule: Creating AISystem for world DevelopmentLevel
[2015.04.20-14.27.14:402][691]LogWorld: Bringing World /Game/Levels/UEDPIE_0_DevelopmentLevel.DevelopmentLevel up for play (max tick rate 0) at 2015.04.20-16.27.14
[2015.04.20-14.27.14:403][691]LogWorld: Bringing up level for play took: 0.004203
[2015.04.20-14.27.14:407][691]PIE: Información Tiempo de inicio de la reproducción en el editor para  /Game/Levels/UEDPIE_0_DevelopmentLevel -0,548
[2015.04.20-14.27.15:696][812]LogParticles: Destroying 0 GPU particle simulations for FXSystem 0x000000B357F4F880
[2015.04.20-14.31.14:691][138]LogContentBrowser:Verbose: The content browser source was changed by the sources view to '/Classes_Game'
[2015.04.20-14.31.16:243][231]LogContentBrowser:Verbose: The content browser source was changed by the sources view to '/Classes_Game/TowardsTheLight'
[2015.04.20-14.34.06:088][223]Recompiling TowardsTheLight...
[2015.04.20-14.34.06:089][223]Launching UnrealBuildTool... [C:/Program Files/Epic Games/4.7/Engine/Binaries/DotNET/UnrealBuildTool.exe TowardsTheLight -ModuleWithSuffix TowardsTheLight 945 Win64 DebugGame -editorrecompile -canskiplink "D:/master_videojuegos/proyecto/TowardTheLight/TowardsTheLight/TowardsTheLight.uproject" -rocket  -rocket]
[2015.04.20-14.34.21:704][223]CompilerResultsLog: New page: Compilación - 20/4/2015 18:34:21
[2015.04.20-14.34.21:706][223]CompilerResultsLog: Información Parsing headers for TowardsTheLightEditor
[2015.04.20-14.34.21:707][223]CompilerResultsLog: Información Reflection code generated for TowardsTheLightEditor
[2015.04.20-14.34.21:707][223]CompilerResultsLog: Información Performing 4 actions (4 in parallel)
[2015.04.20-14.34.21:707][223]CompilerResultsLog: Información TowardsTheLight.generated.cpp
[2015.04.20-14.34.21:708][223]CompilerResultsLog: Información OviCameraActor.cpp
[2015.04.20-14.34.21:708][223]CompilerResultsLog: Información OviPlayerCameraManager.cpp
[2015.04.20-14.34.21:709][223]CompilerResultsLog: Información [4/4] Link UE4Editor-TowardsTheLight-945-Win64-DebugGame.dll
[2015.04.20-14.34.21:709][223]CompilerResultsLog: Información    Creando biblioteca D:\master_videojuegos\proyecto\TowardTheLight\TowardsTheLight\Intermediate\Build\Win64\TowardsTheLightEditor\DebugGame\UE4Editor-TowardsTheLight-945-Win64-DebugGame.lib y objeto D:\master_videojuegos\proyecto\TowardTheLight\TowardsTheLight\Intermediate\Build\Win64\TowardsTheLightEditor\DebugGame\UE4Editor-TowardsTheLight-945-Win64-DebugGame.exp
[2015.04.20-14.34.21:709][223]CompilerResultsLog: Información -------- End Detailed Actions Stats -----------------------------------------------------------
[2015.04.20-14.34.21:710][223]CompilerResultsLog: Información Cumulative action seconds (8 processors): 0,00 building projects, 1,29 compiling, 0,00 creating app bundles, 0,00 generating debug info, 0,82 linking, 0,00 other
[2015.04.20-14.34.21:710][223]CompilerResultsLog: Información UBT execution time: 15,23 seconds
[2015.04.20-14.34.21:710][223]LogMainFrame: MainFrame: Module compiling took 15.662 seconds
[2015.04.20-14.34.21:771][223]LogClass: Could not find existing class OviPlayerCameraManager in package /Script/TowardsTheLight for HotReload, assuming new class
[2015.04.20-14.34.21:788][223]LogContentBrowser: Native class hierarchy updated for 'TowardsTheLight' in 0.0137 seconds. Added 5 classes and 2 folders.
[2015.04.20-14.34.21:789][223]Warning: HotReload successful (4 functions remapped  0 scriptstructs remapped)
[2015.04.20-14.34.21:840][223]LogContentBrowser: Native class hierarchy populated in 0.0255 seconds. Added 1702 classes and 265 folders.
[2015.04.20-14.34.21:842][223]Warning: HotReload operation took 15.8s.
[2015.04.20-14.34.22:202][223]LogVSAccessor:Warning: Couldn't goto line number '0' in 'D:/master_videojuegos/proyecto/TowardTheLight/TowardsTheLight/Source/TowardsTheLight/OviPlayerCameraManager.h'
[2015.04.20-14.34.22:289][223]LogVSAccessor:Warning: Couldn't goto line number '0' in 'D:/master_videojuegos/proyecto/TowardTheLight/TowardsTheLight/Source/TowardsTheLight/OviPlayerCameraManager.cpp'
[2015.04.20-14.34.22:308][223]LogHotReload: New module detected: UE4Editor-TowardsTheLight-945-Win64-DebugGame.dll
[2015.04.20-14.34.22:398][224]LogHotReload: Starting Hot-Reload from IDE
[2015.04.20-14.34.22:590][224]LogContentBrowser: Native class hierarchy updated for 'TowardsTheLight' in 0.0123 seconds. Added 5 classes and 2 folders.
[2015.04.20-14.34.22:592][224]Warning: HotReload successful (0 functions remapped  0 scriptstructs remapped)
[2015.04.20-14.34.22:634][224]LogContentBrowser: Native class hierarchy populated in 0.0203 seconds. Added 1702 classes and 265 folders.
[2015.04.20-14.35.16:352][456]LogPlayLevel: PIE:  No blueprints needed recompiling
[2015.04.20-14.35.16:353][456]PIE: New page: Sesión PIE (reproducción en el editor): DevelopmentLevel (20/4/2015 18:35:16)
[2015.04.20-14.35.16:357][456]LogPlayLevel: PIE: StaticDuplicateObject took: (0.002714s)
[2015.04.20-14.35.16:359][456]LogPlayLevel: PIE: World Init took: (0.001337s)
[2015.04.20-14.35.16:360][456]LogPlayLevel: PIE: Created PIE world by copying editor world from /Game/Levels/DevelopmentLevel.DevelopmentLevel to /Game/Levels/UEDPIE_0_DevelopmentLevel.DevelopmentLevel (0.005657s)
[2015.04.20-14.35.16:436][456]LogWorld: Game class is 'MyGameMode'
[2015.04.20-14.35.16:439][456]LogAIModule: Creating AISystem for world DevelopmentLevel
[2015.04.20-14.35.16:444][456]LogWorld: Bringing World /Game/Levels/UEDPIE_0_DevelopmentLevel.DevelopmentLevel up for play (max tick rate 60) at 2015.04.20-16.35.16
[2015.04.20-14.35.16:447][456]LogWorld: Bringing up level for play took: 0.005876
[2015.04.20-14.35.16:451][456]PIE: Información Tiempo de inicio de la reproducción en el editor para  /Game/Levels/UEDPIE_0_DevelopmentLevel -0,503
[2015.04.20-14.35.21:152][732]LogParticles: Destroying 0 GPU particle simulations for FXSystem 0x000000B36E69C680
[2015.04.20-14.37.08:770][176]LogSavePackage: Save=33.882042ms
[2015.04.20-14.37.08:770][176]LogSavePackage: Moving 'D:/master_videojuegos/proyecto/TowardTheLight/TowardsTheLight/Saved/DevelopmentLevel_Auto17E0B07C94056557D3B41B3BF6AEDCEFD.tmp' to 'D:/master_videojuegos/proyecto/TowardTheLight/TowardsTheLight/Saved/Autosaves/Game/Levels/DevelopmentLevel_Auto1.umap'
[2015.04.20-14.37.08:781][176]LogFileHelpers: Editor autosave (incl. sublevels) for '/Game/Levels/DevelopmentLevel' took 0.224
[2015.04.20-14.37.08:782][176]LogFileHelpers: Editor autosave (incl. sublevels) for all levels took 0.224
[2015.04.20-14.38.38:791][701]LogEditorActor: Deleted Actor: OviCameraActor
[2015.04.20-14.38.38:807][701]LogEditorActor: Deleted 1 Actors (0.017 secs)
[2015.04.20-14.38.44:746][ 52]LogPlayLevel: PIE:  No blueprints needed recompiling
[2015.04.20-14.38.44:747][ 52]PIE: New page: Sesión PIE (reproducción en el editor): DevelopmentLevel (20/4/2015 18:38:44)
[2015.04.20-14.38.44:750][ 52]LogPlayLevel: PIE: StaticDuplicateObject took: (0.002412s)
[2015.04.20-14.38.44:752][ 52]LogPlayLevel: PIE: World Init took: (0.001040s)
[2015.04.20-14.38.44:753][ 52]LogPlayLevel: PIE: Created PIE world by copying editor world from /Game/Levels/DevelopmentLevel.DevelopmentLevel to /Game/Levels/UEDPIE_0_DevelopmentLevel.DevelopmentLevel (0.004821s)
[2015.04.20-14.38.44:796][ 52]LogWorld: Game class is 'MyGameMode'
[2015.04.20-14.38.44:799][ 52]LogAIModule: Creating AISystem for world DevelopmentLevel
[2015.04.20-14.38.44:802][ 52]LogWorld: Bringing World /Game/Levels/UEDPIE_0_DevelopmentLevel.DevelopmentLevel up for play (max tick rate 60) at 2015.04.20-16.38.44
[2015.04.20-14.38.44:803][ 52]LogWorld: Bringing up level for play took: 0.003379
[2015.04.20-14.38.44:806][ 52]PIE: Información Tiempo de inicio de la reproducción en el editor para  /Game/Levels/UEDPIE_0_DevelopmentLevel -0,148
[2015.04.20-14.38.47:057][184]LogParticles: Destroying 0 GPU particle simulations for FXSystem 0x000000B36060B060
[2015.04.20-14.40.11:643][435]LogSlate:Warning: Prevented a slow task dialog from being summoned while a context menu was open
[2015.04.20-14.40.14:248][573]Cmd: UpdateLandscapeSetup
[2015.04.20-14.41.08:493][735]Cmd: UpdateLandscapeSetup
[2015.04.20-14.41.09:176][776]Cmd: UpdateLandscapeSetup
[2015.04.20-14.41.13:407][ 28]LogEditorViewport: Clicking on Actor (LMB): StaticMeshActor (Cube)
[2015.04.20-14.41.15:132][125]LogPlayLevel: PIE:  No blueprints needed recompiling
[2015.04.20-14.41.15:133][125]PIE: New page: Sesión PIE (reproducción en el editor): DevelopmentLevel (20/4/2015 18:41:15)
[2015.04.20-14.41.15:137][125]LogPlayLevel: PIE: StaticDuplicateObject took: (0.002864s)
[2015.04.20-14.41.15:139][125]LogPlayLevel: PIE: World Init took: (0.001132s)
[2015.04.20-14.41.15:140][125]LogPlayLevel: PIE: Created PIE world by copying editor world from /Game/Levels/DevelopmentLevel.DevelopmentLevel to /Game/Levels/UEDPIE_0_DevelopmentLevel.DevelopmentLevel (0.005337s)
[2015.04.20-14.41.15:183][125]LogWorld: Game class is 'MyGameMode'
[2015.04.20-14.41.15:186][125]LogAIModule: Creating AISystem for world DevelopmentLevel
[2015.04.20-14.41.15:189][125]LogWorld: Bringing World /Game/Levels/UEDPIE_0_DevelopmentLevel.DevelopmentLevel up for play (max tick rate 60) at 2015.04.20-16.41.15
[2015.04.20-14.41.15:190][125]LogWorld: Bringing up level for play took: 0.003411
[2015.04.20-14.41.15:193][125]PIE: Información Tiempo de inicio de la reproducción en el editor para  /Game/Levels/UEDPIE_0_DevelopmentLevel 0,239
[2015.04.20-14.41.18:301][304]LogParticles: Destroying 0 GPU particle simulations for FXSystem 0x000000B367D37CE0
[2015.04.20-14.47.14:868][653]LogSavePackage: Save=21.953596ms
[2015.04.20-14.47.14:869][653]LogSavePackage: Moving 'D:/master_videojuegos/proyecto/TowardTheLight/TowardsTheLight/Saved/DevelopmentLevel_Auto2FDE56CA6403B5F1FCAEC6D80DED799CE.tmp' to 'D:/master_videojuegos/proyecto/TowardTheLight/TowardsTheLight/Saved/Autosaves/Game/Levels/DevelopmentLevel_Auto2.umap'
[2015.04.20-14.47.14:877][653]LogFileHelpers: Editor autosave (incl. sublevels) for '/Game/Levels/DevelopmentLevel' took 0.131
[2015.04.20-14.47.14:879][653]LogFileHelpers: Editor autosave (incl. sublevels) for all levels took 0.131
[2015.04.20-14.48.21:237][280]LogEditor: Attempting to add actor of class 'OviCameraActor' to level at -850.00,-620.00,-20.00
[2015.04.20-14.48.21:649][310]LogEditor: Attempting to add actor of class 'OviCameraActor' to level at -750.00,-400.00,100.00
[2015.04.20-14.48.49:118][186]LogPlayLevel: PIE:  No blueprints needed recompiling
[2015.04.20-14.48.49:118][186]PIE: New page: Sesión PIE (reproducción en el editor): DevelopmentLevel (20/4/2015 18:48:49)
[2015.04.20-14.48.49:124][186]LogPlayLevel: PIE: StaticDuplicateObject took: (0.004867s)
[2015.04.20-14.48.49:128][186]LogPlayLevel: PIE: World Init took: (0.002947s)
[2015.04.20-14.48.49:128][186]LogPlayLevel: PIE: Created PIE world by copying editor world from /Game/Levels/DevelopmentLevel.DevelopmentLevel to /Game/Levels/UEDPIE_0_DevelopmentLevel.DevelopmentLevel (0.009243s)
[2015.04.20-14.48.49:195][186]LogWorld: Game class is 'MyGameMode'
[2015.04.20-14.48.49:197][186]LogAIModule: Creating AISystem for world DevelopmentLevel
[2015.04.20-14.48.49:200][186]LogWorld: Bringing World /Game/Levels/UEDPIE_0_DevelopmentLevel.DevelopmentLevel up for play (max tick rate 0) at 2015.04.20-16.48.49
[2015.04.20-14.48.49:201][186]LogWorld: Bringing up level for play took: 0.002863
[2015.04.20-14.48.49:203][186]PIE: Información Tiempo de inicio de la reproducción en el editor para  /Game/Levels/UEDPIE_0_DevelopmentLevel 0,249
[2015.04.20-14.49.41:649][460]LogParticles: Destroying 0 GPU particle simulations for FXSystem 0x000000B36E69D760
[2015.04.20-14.51.28:742][741]Recompiling TowardsTheLight...
[2015.04.20-14.51.28:743][741]Launching UnrealBuildTool... [C:/Program Files/Epic Games/4.7/Engine/Binaries/DotNET/UnrealBuildTool.exe TowardsTheLight -ModuleWithSuffix TowardsTheLight 7033 Win64 DebugGame -editorrecompile -canskiplink "D:/master_videojuegos/proyecto/TowardTheLight/TowardsTheLight/TowardsTheLight.uproject" -rocket  -rocket]
[2015.04.20-14.51.28:851][741]Warning: Starting HotReload took  0.1s.
[2015.04.20-14.51.45:512][289]CompilerResultsLog: New page: Compilación - 20/4/2015 18:51:45
[2015.04.20-14.51.45:513][289]CompilerResultsLog: Información Parsing headers for TowardsTheLightEditor
[2015.04.20-14.51.45:514][289]CompilerResultsLog: Información Reflection code generated for TowardsTheLightEditor
[2015.04.20-14.51.45:514][289]CompilerResultsLog: Información Performing 3 actions (4 in parallel)
[2015.04.20-14.51.45:514][289]CompilerResultsLog: Información OviPlayerCameraManager.cpp
[2015.04.20-14.51.45:515][289]CompilerResultsLog: Información TowardsTheLight.generated.cpp
[2015.04.20-14.51.45:515][289]CompilerResultsLog: Información [3/3] Link UE4Editor-TowardsTheLight-7033-Win64-DebugGame.dll
[2015.04.20-14.51.45:516][289]CompilerResultsLog: Información    Creando biblioteca D:\master_videojuegos\proyecto\TowardTheLight\TowardsTheLight\Intermediate\Build\Win64\TowardsTheLightEditor\DebugGame\UE4Editor-TowardsTheLight-7033-Win64-DebugGame.lib y objeto D:\master_videojuegos\proyecto\TowardTheLight\TowardsTheLight\Intermediate\Build\Win64\TowardsTheLightEditor\DebugGame\UE4Editor-TowardsTheLight-7033-Win64-DebugGame.exp
[2015.04.20-14.51.45:516][289]CompilerResultsLog: Información -------- End Detailed Actions Stats -----------------------------------------------------------
[2015.04.20-14.51.45:517][289]CompilerResultsLog: Información Cumulative action seconds (8 processors): 0,00 building projects, 1,26 compiling, 0,00 creating app bundles, 0,00 generating debug info, 1,06 linking, 0,00 other
[2015.04.20-14.51.45:517][289]CompilerResultsLog: Información UBT execution time: 16,49 seconds
[2015.04.20-14.51.45:518][289]LogMainFrame: MainFrame: Module compiling took 16.795 seconds
[2015.04.20-14.51.45:854][289]LogContentBrowser: Native class hierarchy updated for 'TowardsTheLight' in 0.0134 seconds. Added 5 classes and 2 folders.
[2015.04.20-14.51.45:856][289]Warning: HotReload successful (4 functions remapped  0 scriptstructs remapped)
[2015.04.20-14.51.45:884][289]LogContentBrowser: Native class hierarchy populated in 0.0195 seconds. Added 1702 classes and 265 folders.
[2015.04.20-14.51.47:266][424]LogPlayLevel: PIE:  No blueprints needed recompiling
[2015.04.20-14.51.47:267][424]PIE: New page: Sesión PIE (reproducción en el editor): DevelopmentLevel (20/4/2015 18:51:47)
[2015.04.20-14.51.47:270][424]LogPlayLevel: PIE: StaticDuplicateObject took: (0.002330s)
[2015.04.20-14.51.47:273][424]LogPlayLevel: PIE: World Init took: (0.001456s)
[2015.04.20-14.51.47:274][424]LogPlayLevel: PIE: Created PIE world by copying editor world from /Game/Levels/DevelopmentLevel.DevelopmentLevel to /Game/Levels/UEDPIE_0_DevelopmentLevel.DevelopmentLevel (0.006666s)
[2015.04.20-14.51.47:346][424]LogWorld: Game class is 'MyGameMode'
[2015.04.20-14.51.47:349][424]LogAIModule: Creating AISystem for world DevelopmentLevel
[2015.04.20-14.51.47:352][424]LogWorld: Bringing World /Game/Levels/UEDPIE_0_DevelopmentLevel.DevelopmentLevel up for play (max tick rate 0) at 2015.04.20-16.51.47
[2015.04.20-14.51.47:354][424]LogWorld: Bringing up level for play took: 0.003662
[2015.04.20-14.51.47:357][424]PIE: Información Tiempo de inicio de la reproducción en el editor para  /Game/Levels/UEDPIE_0_DevelopmentLevel 0,402
[2015.04.20-14.51.56:693][920]LogParticles: Destroying 0 GPU particle simulations for FXSystem 0x000000B366F1CF40
[2015.04.20-14.52.26:186][880]LogPlayLevel: PIE:  No blueprints needed recompiling
[2015.04.20-14.52.26:187][880]PIE: New page: Sesión PIE (reproducción en el editor): DevelopmentLevel (20/4/2015 18:52:26)
[2015.04.20-14.52.26:190][880]LogPlayLevel: PIE: StaticDuplicateObject took: (0.002190s)
[2015.04.20-14.52.26:192][880]LogPlayLevel: PIE: World Init took: (0.001082s)
[2015.04.20-14.52.26:193][880]LogPlayLevel: PIE: Created PIE world by copying editor world from /Game/Levels/DevelopmentLevel.DevelopmentLevel to /Game/Levels/UEDPIE_0_DevelopmentLevel.DevelopmentLevel (0.004684s)
[2015.04.20-14.52.26:265][880]LogWorld: Game class is 'MyGameMode'
[2015.04.20-14.52.26:268][880]LogAIModule: Creating AISystem for world DevelopmentLevel
[2015.04.20-14.52.26:271][880]LogWorld: Bringing World /Game/Levels/UEDPIE_0_DevelopmentLevel.DevelopmentLevel up for play (max tick rate 0) at 2015.04.20-16.52.26
[2015.04.20-14.52.26:272][880]LogWorld: Bringing up level for play took: 0.003471
[2015.04.20-14.52.26:275][880]PIE: Información Tiempo de inicio de la reproducción en el editor para  /Game/Levels/UEDPIE_0_DevelopmentLevel -0,68
[2015.04.20-14.52.27:551][ 10]LogParticles: Destroying 0 GPU particle simulations for FXSystem 0x000000B3520660C0
[2015.04.20-14.53.14:203][232]LogPlayLevel: PIE:  No blueprints needed recompiling
[2015.04.20-14.53.14:206][232]PIE: New page: Sesión PIE (reproducción en el editor): DevelopmentLevel (20/4/2015 18:53:14)
[2015.04.20-14.53.14:208][232]LogPlayLevel: PIE: StaticDuplicateObject took: (0.001684s)
[2015.04.20-14.53.14:210][232]LogPlayLevel: PIE: World Init took: (0.000930s)
[2015.04.20-14.53.14:210][232]LogPlayLevel: PIE: Created PIE world by copying editor world from /Game/Levels/DevelopmentLevel.DevelopmentLevel to /Game/Levels/UEDPIE_0_DevelopmentLevel.DevelopmentLevel (0.003726s)
[2015.04.20-14.53.14:279][232]LogWorld: Game class is 'MyGameMode'
[2015.04.20-14.53.14:281][232]LogAIModule: Creating AISystem for world DevelopmentLevel
[2015.04.20-14.53.14:284][232]LogWorld: Bringing World /Game/Levels/UEDPIE_0_DevelopmentLevel.DevelopmentLevel up for play (max tick rate 0) at 2015.04.20-16.53.14
[2015.04.20-14.53.14:285][232]LogWorld: Bringing up level for play took: 0.003011
[2015.04.20-14.53.14:287][232]PIE: Información Tiempo de inicio de la reproducción en el editor para  /Game/Levels/UEDPIE_0_DevelopmentLevel -0,667
[2015.04.20-14.53.15:815][401]LogParticles: Destroying 0 GPU particle simulations for FXSystem 0x000000B3529B74C0
[2015.04.20-14.53.29:257][729]LogPlayLevel: PIE:  No blueprints needed recompiling
[2015.04.20-14.53.29:258][729]PIE: New page: Sesión PIE (reproducción en el editor): DevelopmentLevel (20/4/2015 18:53:29)
[2015.04.20-14.53.29:263][729]LogPlayLevel: PIE: StaticDuplicateObject took: (0.002719s)
[2015.04.20-14.53.29:267][729]LogPlayLevel: PIE: World Init took: (0.001662s)
[2015.04.20-14.53.29:267][729]LogPlayLevel: PIE: Created PIE world by copying editor world from /Game/Levels/DevelopmentLevel.DevelopmentLevel to /Game/Levels/UEDPIE_0_DevelopmentLevel.DevelopmentLevel (0.007435s)
[2015.04.20-14.53.29:333][729]LogWorld: Game class is 'MyGameMode'
[2015.04.20-14.53.29:336][729]LogAIModule: Creating AISystem for world DevelopmentLevel
[2015.04.20-14.53.29:339][729]LogWorld: Bringing World /Game/Levels/UEDPIE_0_DevelopmentLevel.DevelopmentLevel up for play (max tick rate 0) at 2015.04.20-16.53.29
[2015.04.20-14.53.29:340][729]LogWorld: Bringing up level for play took: 0.003455
[2015.04.20-14.53.29:343][729]PIE: Información Tiempo de inicio de la reproducción en el editor para  /Game/Levels/UEDPIE_0_DevelopmentLevel 0,389
[2015.04.20-14.53.30:381][836]LogParticles: Destroying 0 GPU particle simulations for FXSystem 0x000000B365D63880
[2015.04.20-14.53.46:545][385]LogPlayLevel: PIE:  No blueprints needed recompiling
[2015.04.20-14.53.46:546][385]PIE: New page: Sesión PIE (reproducción en el editor): DevelopmentLevel (20/4/2015 18:53:46)
[2015.04.20-14.53.46:549][385]LogPlayLevel: PIE: StaticDuplicateObject took: (0.001960s)
[2015.04.20-14.53.46:551][385]LogPlayLevel: PIE: World Init took: (0.001877s)
[2015.04.20-14.53.46:552][385]LogPlayLevel: PIE: Created PIE world by copying editor world from /Game/Levels/DevelopmentLevel.DevelopmentLevel to /Game/Levels/UEDPIE_0_DevelopmentLevel.DevelopmentLevel (0.005212s)
[2015.04.20-14.53.46:619][385]LogWorld: Game class is 'MyGameMode'
[2015.04.20-14.53.46:622][385]LogAIModule: Creating AISystem for world DevelopmentLevel
[2015.04.20-14.53.46:625][385]LogWorld: Bringing World /Game/Levels/UEDPIE_0_DevelopmentLevel.DevelopmentLevel up for play (max tick rate 0) at 2015.04.20-16.53.46
[2015.04.20-14.53.46:626][385]LogWorld: Bringing up level for play took: 0.003773
[2015.04.20-14.53.46:629][385]PIE: Información Tiempo de inicio de la reproducción en el editor para  /Game/Levels/UEDPIE_0_DevelopmentLevel -0,325
[2015.04.20-14.53.53:548][119]LogParticles: Destroying 0 GPU particle simulations for FXSystem 0x000000B3707CC0E0
[2015.04.20-14.53.59:765][737]Cmd: DELETE
[2015.04.20-14.53.59:765][737]Cmd: ACTOR DELETE
[2015.04.20-14.53.59:767][737]LogEditorActor: Deleted Actor: OviCameraActor
[2015.04.20-14.53.59:811][737]LogEditorActor: Deleted 1 Actors (0.046 secs)
[2015.04.20-14.54.05:094][351]LogEditor: Attempting to add actor of class 'OviCameraActor' to level at -750.00,-550.00,-280.00
[2015.04.20-14.54.06:059][443]LogEditor: Attempting to add actor of class 'OviCameraActor' to level at -750.00,-150.00,110.00
[2015.04.20-14.55.14:284][612]LogSavePackage: Save=63.222614ms
[2015.04.20-14.55.14:285][612]LogSavePackage: Moving 'D:/master_videojuegos/proyecto/TowardTheLight/TowardsTheLight/Saved/DevelopmentLevel21B7DFF64FB2844AD3EB828A6B8FC8A7.tmp' to 'D:/master_videojuegos/proyecto/TowardTheLight/TowardsTheLight/Content/Levels/DevelopmentLevel.umap'
[2015.04.20-14.55.14:356][612]LogFileHelpers: Saving map 'DevelopmentLevel' took 0.394
[2015.04.20-14.55.16:157][724]Cmd: QUIT_EDITOR
[2015.04.20-14.55.16:427][724]LogExit: Preparing to exit.
[2015.04.20-14.55.17:449][724]LogExit: Editor shut down
[2015.04.20-14.55.17:450][724]LogExit: Transaction tracking system shut down
[2015.04.20-14.55.17:451][724]LogParticles: Destroying 0 GPU particle simulations for FXSystem 0x000000B3608E6DE0
[2015.04.20-14.55.17:452][724]LogParticles: Destroying 0 GPU particle simulations for FXSystem 0x000000B367AC2840
[2015.04.20-14.55.17:452][724]LogParticles: Destroying 0 GPU particle simulations for FXSystem 0x000000B36864F1A0
[2015.04.20-14.55.17:453][724]LogParticles: Destroying 0 GPU particle simulations for FXSystem 0x000000B35C741800
[2015.04.20-14.55.17:533][724]LogExit: Object subsystem successfully closed.
[2015.04.20-14.55.17:664][724]LogModuleManager: Shutting down and abandoning module CrashTracker (178)
[2015.04.20-14.55.17:665][724]LogModuleManager: Shutting down and abandoning module SuperSearch (177)
[2015.04.20-14.55.17:665][724]LogModuleManager: Shutting down and abandoning module SceneOutliner (176)
[2015.04.20-14.55.17:666][724]LogModuleManager: Shutting down and abandoning module EditorWidgets (175)
[2015.04.20-14.55.17:666][724]LogModuleManager: Shutting down and abandoning module CollectionManager (174)
[2015.04.20-14.55.17:666][724]LogModuleManager: Shutting down and abandoning module StatsViewer (173)
[2015.04.20-14.55.17:667][724]LogModuleManager: Shutting down and abandoning module FoliageEdit (172)
[2015.04.20-14.55.17:667][724]LogModuleManager: Shutting down and abandoning module LandscapeEditor (171)
[2015.04.20-14.55.17:668][724]LogModuleManager: Shutting down and abandoning module MeshPaint (170)
[2015.04.20-14.55.17:668][724]LogModuleManager: Shutting down and abandoning module ActorPickerMode (169)
[2015.04.20-14.55.17:668][724]LogModuleManager: Shutting down and abandoning module GeometryMode (168)
[2015.04.20-14.55.17:668][724]LogModuleManager: Shutting down and abandoning module TextureAlignMode (167)
[2015.04.20-14.55.17:669][724]LogModuleManager: Shutting down and abandoning module BspMode (166)
[2015.04.20-14.55.17:669][724]LogModuleManager: Shutting down and abandoning module PlacementMode (165)
[2015.04.20-14.55.17:669][724]LogModuleManager: Shutting down and abandoning module AutomationWorker (164)
[2015.04.20-14.55.17:669][724]LogModuleManager: Shutting down and abandoning module CharacterAI (163)
[2015.04.20-14.55.17:670][724]LogModuleManager: Shutting down and abandoning module SmartSnapping (162)
[2015.04.20-14.55.17:670][724]LogModuleManager: Shutting down and abandoning module ViewportSnapping (161)
[2015.04.20-14.55.17:670][724]LogModuleManager: Shutting down and abandoning module LogVisualizer (160)
[2015.04.20-14.55.17:671][724]LogModuleManager: Shutting down and abandoning module GameProjectGeneration (159)
[2015.04.20-14.55.17:671][724]LogModuleManager: Shutting down and abandoning module IntroTutorials (158)
[2015.04.20-14.55.17:671][724]LogModuleManager: Shutting down and abandoning module EditorLiveStreaming (157)
[2015.04.20-14.55.17:672][724]LogModuleManager: Shutting down and abandoning module HardwareTargeting (156)
[2015.04.20-14.55.17:672][724]LogModuleManager: Shutting down and abandoning module DeviceProfileEditor (155)
[2015.04.20-14.55.17:672][724]LogModuleManager: Shutting down and abandoning module UndoHistory (154)
[2015.04.20-14.55.17:672][724]LogModuleManager: Shutting down and abandoning module GameplayTagsEditor (153)
[2015.04.20-14.55.17:673][724]LogModuleManager: Shutting down and abandoning module UserFeedback (152)
[2015.04.20-14.55.17:673][724]LogModuleManager: Shutting down and abandoning module XmlParser (151)
[2015.04.20-14.55.17:673][724]LogModuleManager: Shutting down and abandoning module Blutility (150)
[2015.04.20-14.55.17:674][724]LogModuleManager: Shutting down and abandoning module IOSPlatformEditor (149)
[2015.04.20-14.55.17:674][724]LogModuleManager: Shutting down and abandoning module IOSRuntimeSettings (148)
[2015.04.20-14.55.17:674][724]LogModuleManager: Shutting down and abandoning module AndroidDeviceDetection (147)
[2015.04.20-14.55.18:590][724]LogModuleManager: Shutting down and abandoning module AndroidPlatformEditor (146)
[2015.04.20-14.55.18:590][724]LogModuleManager: Shutting down and abandoning module AndroidRuntimeSettings (145)
[2015.04.20-14.55.18:590][724]LogModuleManager: Shutting down and abandoning module ProjectTargetPlatformEditor (144)
[2015.04.20-14.55.18:591][724]LogModuleManager: Shutting down and abandoning module ProjectSettingsViewer (143)
[2015.04.20-14.55.18:591][724]LogModuleManager: Shutting down and abandoning module InputBindingEditor (142)
[2015.04.20-14.55.18:592][724]LogModuleManager: Shutting down and abandoning module EditorSettingsViewer (141)
[2015.04.20-14.55.18:592][724]LogModuleManager: Shutting down and abandoning module SettingsEditor (140)
[2015.04.20-14.55.18:593][724]LogModuleManager: Shutting down and abandoning module ProjectLauncher (139)
[2015.04.20-14.55.18:593][724]LogModuleManager: Shutting down and abandoning module SessionFrontend (138)
[2015.04.20-14.55.18:593][724]LogModuleManager: Shutting down and abandoning module ProfilerClient (137)
[2015.04.20-14.55.18:594][724]LogModuleManager: Shutting down and abandoning module TargetDeviceServices (136)
[2015.04.20-14.55.18:594][724]LogModuleManager: Shutting down and abandoning module DeviceManager (135)
[2015.04.20-14.55.18:594][724]LogModuleManager: Shutting down and abandoning module AutomationController (134)
[2015.04.20-14.55.18:595][724]LogModuleManager: Shutting down and abandoning module AutomationWindow (133)
[2015.04.20-14.55.18:595][724]LogModuleManager: Shutting down and abandoning module Layers (132)
[2015.04.20-14.55.18:595][724]LogModuleManager: Shutting down and abandoning module ComponentVisualizers (131)
[2015.04.20-14.55.18:596][724]LogModuleManager: Shutting down and abandoning module DetailCustomizations (130)
[2015.04.20-14.55.18:596][724]LogModuleManager: Shutting down and abandoning module PackagesDialog (129)
[2015.04.20-14.55.18:596][724]LogModuleManager: Shutting down and abandoning module AssetRegistry (128)
[2015.04.20-14.55.18:711][724]LogModuleManager: Shutting down and abandoning module Persona (127)
[2015.04.20-14.55.18:712][724]LogModuleManager: Shutting down and abandoning module SlateReflector (126)
[2015.04.20-14.55.18:712][724]LogModuleManager: Shutting down and abandoning module LevelEditor (125)
[2015.04.20-14.55.18:714][724]LogModuleManager: Shutting down and abandoning module Kismet (124)
[2015.04.20-14.55.18:714][724]LogModuleManager: Shutting down and abandoning module GraphEditor (123)
[2015.04.20-14.55.18:715][724]LogModuleManager: Shutting down and abandoning module ClassViewer (122)
[2015.04.20-14.55.18:715][724]LogModuleManager: Shutting down and abandoning module Toolbox (121)
[2015.04.20-14.55.18:715][724]LogModuleManager: Shutting down and abandoning module ModuleUI (120)
[2015.04.20-14.55.18:716][724]LogModuleManager: Shutting down and abandoning module MovieSceneTools (119)
[2015.04.20-14.55.18:716][724]LogModuleManager: Shutting down and abandoning module OutputLog (118)
[2015.04.20-14.55.18:716][724]LogModuleManager: Shutting down and abandoning module GammaUI (117)
[2015.04.20-14.55.18:716][724]LogModuleManager: Shutting down and abandoning module Documentation (116)
[2015.04.20-14.55.18:717][724]LogModuleManager: Shutting down and abandoning module GameLiveStreaming (115)
[2015.04.20-14.55.18:717][724]LogModuleManager: Shutting down and abandoning module StreamingPauseRendering (114)
[2015.04.20-14.55.18:717][724]LogModuleManager: Shutting down and abandoning module HTTP (113)
[2015.04.20-14.55.18:718][724]LogModuleManager: Shutting down and abandoning module AnalyticsET (112)
[2015.04.20-14.55.18:718][724]LogModuleManager: Shutting down and abandoning module Analytics (111)
[2015.04.20-14.55.18:718][724]LogModuleManager: Shutting down and abandoning module AITestSuite (110)
[2015.04.20-14.55.18:719][724]LogModuleManager: Shutting down and abandoning module GameplayDebugger (109)
[2015.04.20-14.55.18:719][724]LogModuleManager: Shutting down and abandoning module AIModule (108)
[2015.04.20-14.55.18:719][724]LogModuleManager: Shutting down and abandoning module ProfilerService (107)
[2015.04.20-14.55.18:800][724]LogModuleManager: Shutting down and abandoning module TaskGraph (106)
[2015.04.20-14.55.18:800][724]LogModuleManager: Shutting down and abandoning module SlateRemote (105)
[2015.04.20-14.55.18:800][724]LogModuleManager: Shutting down and abandoning module ScriptEditorPlugin (104)
[2015.04.20-14.55.18:801][724]LogModuleManager: Shutting down and abandoning module CustomMeshComponent (103)
[2015.04.20-14.55.18:801][724]LogModuleManager: Shutting down and abandoning module CableComponent (102)
[2015.04.20-14.55.18:802][724]LogModuleManager: Shutting down and abandoning module MessagingDebugger (101)
[2015.04.20-14.55.18:802][724]LogModuleManager: Shutting down and abandoning module MediaPlayerEditor (100)
[2015.04.20-14.55.18:802][724]LogModuleManager: Shutting down and abandoning module SpeedTreeImporter (99)
[2015.04.20-14.55.18:803][724]LogModuleManager: Shutting down and abandoning module PluginsEditor (98)
[2015.04.20-14.55.18:803][724]LogModuleManager: Shutting down and abandoning module MainFrame (97)
[2015.04.20-14.55.18:803][724]LogModuleManager: Shutting down and abandoning module EpicSurvey (96)
[2015.04.20-14.55.18:804][724]LogModuleManager: Shutting down and abandoning module DesktopPlatform (95)
[2015.04.20-14.55.18:804][724]LogModuleManager: Shutting down and abandoning module DirectoryWatcher (94)
[2015.04.20-14.55.18:806][724]LogModuleManager: Shutting down and abandoning module HotReload (93)
[2015.04.20-14.55.18:806][724]LogModuleManager: Shutting down and abandoning module VisualStudioSourceCodeAccess (92)
[2015.04.20-14.55.18:807][724]LogModuleManager: Shutting down and abandoning module UObjectPlugin (91)
[2015.04.20-14.55.18:807][724]LogModuleManager: Shutting down and abandoning module SubversionSourceControl (90)
[2015.04.20-14.55.18:807][724]LogModuleManager: Shutting down and abandoning module PerforceSourceControl (89)
[2015.04.20-14.55.18:808][724]LogModuleManager: Shutting down and abandoning module SourceControl (88)
[2015.04.20-14.55.18:808][724]LogModuleManager: Shutting down and abandoning module GitSourceControl (87)
[2015.04.20-14.55.18:808][724]LogModuleManager: Shutting down and abandoning module BlankPlugin (86)
[2015.04.20-14.55.18:809][724]LogModuleManager: Shutting down and abandoning module PaperTiledImporter (85)
[2015.04.20-14.55.18:809][724]LogModuleManager: Shutting down and abandoning module PaperJsonImporter (84)
[2015.04.20-14.55.18:809][724]LogModuleManager: Shutting down and abandoning module ContentBrowser (83)
[2015.04.20-14.55.18:811][724]LogModuleManager: Shutting down and abandoning module Paper2DEditor (82)
[2015.04.20-14.55.18:811][724]LogModuleManager: Shutting down and abandoning module TowardsTheLight (81)
[2015.04.20-14.55.18:811][724]LogModuleManager: Shutting down and abandoning module ScriptPlugin (80)
[2015.04.20-14.55.18:812][724]LogModuleManager: Shutting down and abandoning module UdpMessaging (79)
[2015.04.20-14.55.18:913][724]LogModuleManager: Shutting down and abandoning module Paper2D (78)
[2015.04.20-14.55.18:913][724]LogModuleManager: Shutting down and abandoning module WindowsMoviePlayer (77)
[2015.04.20-14.55.18:916][724]LogModuleManager: Shutting down and abandoning module Media (76)
[2015.04.20-14.55.18:917][724]LogModuleManager: Shutting down and abandoning module WmfMedia (75)
[2015.04.20-14.55.18:943][724]LogModuleManager: Shutting down and abandoning module OnlineBlueprintSupport (74)
[2015.04.20-14.55.18:943][724]LogModuleManager: Shutting down and abandoning module PropertyEditor (73)
[2015.04.20-14.55.18:944][724]LogModuleManager: Shutting down and abandoning module BehaviorTreeEditor (72)
[2015.04.20-14.55.18:944][724]LogModuleManager: Shutting down and abandoning module FunctionalTesting (71)
[2015.04.20-14.55.18:945][724]LogModuleManager: Shutting down and abandoning module CollisionAnalyzer (70)
[2015.04.20-14.55.18:945][724]LogModuleManager: Shutting down and abandoning module WorkspaceMenuStructure (69)
[2015.04.20-14.55.18:945][724]LogModuleManager: Shutting down and abandoning module MessageLog (68)
[2015.04.20-14.55.18:946][724]LogModuleManager: Shutting down and abandoning module Sequencer (67)
[2015.04.20-14.55.18:946][724]LogModuleManager: Shutting down and abandoning module AssetTools (66)
[2015.04.20-14.55.18:946][724]LogModuleManager: Shutting down and abandoning module UMGEditor (65)
[2015.04.20-14.55.18:946][724]LogModuleManager: Shutting down and abandoning module UMG (64)
[2015.04.20-14.55.18:947][724]LogModuleManager: Shutting down and abandoning module Slate (63)
[2015.04.20-14.55.18:947][724]LogModuleManager: Shutting down and abandoning module EditorStyle (62)
[2015.04.20-14.55.18:956][724]LogModuleManager: Shutting down and abandoning module SessionServices (61)
[2015.04.20-14.55.18:957][724]LogModuleManager: Shutting down and abandoning module SourceCodeAccess (60)
[2015.04.20-14.55.18:957][724]LogModuleManager: Shutting down and abandoning module HeadMountedDisplay (59)
[2015.04.20-14.55.18:958][724]LogModuleManager: Shutting down and abandoning module XAudio2 (58)
[2015.04.20-14.55.18:958][724]LogModuleManager: Shutting down and abandoning module Networking (56)
[2015.04.20-14.55.18:959][724]LogModuleManager: Shutting down and abandoning module Core (55)
[2015.04.20-14.55.18:959][724]LogModuleManager: Shutting down and abandoning module KismetCompiler (54)
[2015.04.20-14.55.18:959][724]LogModuleManager: Shutting down and abandoning module PhysXFormats (53)
[2015.04.20-14.55.18:959][724]LogModuleManager: Shutting down and abandoning module MeshUtilities (52)
[2015.04.20-14.55.18:960][724]LogModuleManager: Shutting down and abandoning module DerivedDataCache (51)
[2015.04.20-14.55.19:023][724]LogDerivedDataCache: Shutdown
[2015.04.20-14.55.19:023][724]LogModuleManager: Shutting down and abandoning module ShaderFormatOpenGL (50)
[2015.04.20-14.55.19:023][724]LogModuleManager: Shutting down and abandoning module ShaderFormatD3D (49)
[2015.04.20-14.55.19:024][724]LogModuleManager: Shutting down and abandoning module MetalShaderFormat (48)
[2015.04.20-14.55.19:024][724]LogModuleManager: Shutting down and abandoning module TextureFormatUncompressed (47)
[2015.04.20-14.55.19:024][724]LogModuleManager: Shutting down and abandoning module TextureFormatPVR (46)
[2015.04.20-14.55.19:025][724]LogModuleManager: Shutting down and abandoning module TextureFormatIntelISPCTexComp (45)
[2015.04.20-14.55.19:025][724]LogModuleManager: Shutting down and abandoning module TextureFormatDXT (44)
[2015.04.20-14.55.19:025][724]LogModuleManager: Shutting down and abandoning module ImageWrapper (43)
[2015.04.20-14.55.19:025][724]LogModuleManager: Shutting down and abandoning module TextureFormatASTC (42)
[2015.04.20-14.55.19:026][724]LogModuleManager: Shutting down and abandoning module TextureFormatAndroid (41)
[2015.04.20-14.55.19:026][724]LogModuleManager: Shutting down and abandoning module AudioFormatOpus (40)
[2015.04.20-14.55.19:026][724]LogModuleManager: Shutting down and abandoning module AudioFormatOgg (39)
[2015.04.20-14.55.19:027][724]LogModuleManager: Shutting down and abandoning module AudioFormatADPCM (38)
[2015.04.20-14.55.19:027][724]LogModuleManager: Shutting down and abandoning module LinuxTargetPlatform (37)
[2015.04.20-14.55.19:027][724]LogModuleManager: Shutting down and abandoning module LinuxServerTargetPlatform (36)
[2015.04.20-14.55.19:027][724]LogModuleManager: Shutting down and abandoning module LinuxNoEditorTargetPlatform (35)
[2015.04.20-14.55.19:028][724]LogModuleManager: Shutting down and abandoning module Messaging (34)
[2015.04.20-14.55.19:028][724]LogModuleManager: Shutting down and abandoning module IOSTargetPlatform (33)
[2015.04.20-14.55.19:028][724]LogModuleManager: Shutting down and abandoning module HTML5TargetPlatform (32)
[2015.04.20-14.55.19:028][724]LogModuleManager: Shutting down and abandoning module Android_PVRTCTargetPlatform (31)
[2015.04.20-14.55.19:029][724]LogModuleManager: Shutting down and abandoning module Android_ETC2TargetPlatform (30)
[2015.04.20-14.55.19:029][724]LogModuleManager: Shutting down and abandoning module Android_ETC1TargetPlatform (29)
[2015.04.20-14.55.19:029][724]LogModuleManager: Shutting down and abandoning module Android_ES31TargetPlatform (28)
[2015.04.20-14.55.19:030][724]LogModuleManager: Shutting down and abandoning module Android_DXTTargetPlatform (27)
[2015.04.20-14.55.19:030][724]LogModuleManager: Shutting down and abandoning module Android_ATCTargetPlatform (26)
[2015.04.20-14.55.19:030][724]LogModuleManager: Shutting down and abandoning module AndroidTargetPlatform (25)
[2015.04.20-14.55.19:030][724]LogModuleManager: Shutting down and abandoning module WindowsTargetPlatform (24)
[2015.04.20-14.55.19:031][724]LogModuleManager: Shutting down and abandoning module WindowsServerTargetPlatform (23)
[2015.04.20-14.55.19:031][724]LogModuleManager: Shutting down and abandoning module WindowsNoEditorTargetPlatform (22)
[2015.04.20-14.55.19:031][724]LogModuleManager: Shutting down and abandoning module WindowsClientTargetPlatform (21)
[2015.04.20-14.55.19:031][724]LogModuleManager: Shutting down and abandoning module TargetPlatform (20)
[2015.04.20-14.55.19:032][724]LogModuleManager: Shutting down and abandoning module InputCore (19)
[2015.04.20-14.55.19:032][724]LogModuleManager: Shutting down and abandoning module Settings (18)
[2015.04.20-14.55.19:032][724]LogModuleManager: Shutting down and abandoning module OnlineSubsystem (16)
[2015.04.20-14.55.19:033][724]LogModuleManager: Shutting down and abandoning module OculusRift (15)
[2015.04.20-14.55.19:033][724]LogModuleManager: Shutting down and abandoning module ExampleDeviceProfileSelector (14)
[2015.04.20-14.55.19:033][724]LogModuleManager: Shutting down and abandoning module TextureCompressor (13)
[2015.04.20-14.55.19:034][724]LogModuleManager: Shutting down and abandoning module ShaderCore (12)
[2015.04.20-14.55.19:035][724]LogModuleManager: Shutting down and abandoning module Landscape (11)
[2015.04.20-14.55.19:035][724]LogModuleManager: Shutting down and abandoning module SlateRHIRenderer (10)
[2015.04.20-14.55.19:042][724]LogModuleManager: Shutting down and abandoning module OpenGLDrv (9)
[2015.04.20-14.55.19:043][724]LogModuleManager: Shutting down and abandoning module D3D11RHI (8)
[2015.04.20-14.55.19:044][724]LogModuleManager: Shutting down and abandoning module Renderer (7)
[2015.04.20-14.55.19:044][724]LogModuleManager: Shutting down and abandoning module Engine (6)
[2015.04.20-14.55.19:045][724]LogModuleManager: Shutting down and abandoning module CoreUObject (5)
[2015.04.20-14.55.19:045][724]LogModuleManager: Shutting down and abandoning module NetworkFile (4)
[2015.04.20-14.55.19:045][724]LogModuleManager: Shutting down and abandoning module StreamingFile (3)
[2015.04.20-14.55.19:045][724]LogModuleManager: Shutting down and abandoning module SandboxFile (2)
[2015.04.20-14.55.19:046][724]LogModuleManager: Shutting down and abandoning module PakFile (1)
[2015.04.20-14.55.19:049][724]LogExit: Exiting.
[2015.04.20-14.55.19:061][724]Log file closed, 04/20/15 16:55:19
