Log file open, 04/17/15 19:00:10
LogInit:Display: Running engine for game: TowardsTheLight
LogInit: Version: 4.7.5-2503383+++depot+UE4-Releases+4.7
LogInit: API Version: 2455222
LogInit: Compiled (64-bit): Apr  6 2015 23:21:51
LogInit: Compiled with Visual C++: 18.00.21005.01
LogInit: Build Configuration: Development
LogInit: Branch Name: ++depot+UE4-Releases+4.7
LogInit: Command line: 
LogInit: Base directory: C:/Program Files/Epic Games/4.7/Engine/Binaries/Win64/
LogInit: Rocket: 1
[2015.04.17-17.00.10:657][  0]LogTaskGraph: Started task graph with 3 named threads and 6 total threads.
[2015.04.17-17.00.10:712][  0]LogOnline:Warning: No default platform service specified for OnlineSubsystem
[2015.04.17-17.00.10:726][  0]LogInit: Presizing for 0 objects not considered by GC, pre-allocating 0 bytes.
[2015.04.17-17.00.10:735][  0]LogInit: Object subsystem initialized
[2015.04.17-17.00.10:738][  0]LogInit: Selected Device Profile: [Windows]
[2015.04.17-17.00.10:738][  0]LogInit: Applying CVar settings loaded from the selected device profile: [Windows]
[2015.04.17-17.00.10:748][  0]LogInit: Computer: ALFREDO
[2015.04.17-17.00.10:748][  0]LogInit: User: Souusek
[2015.04.17-17.00.10:748][  0]LogInit: CPU Page size=4096, Cores=4
[2015.04.17-17.00.10:748][  0]LogInit: High frequency timer resolution =3.312784 MHz
[2015.04.17-17.00.10:749][  0]LogMemory: Memory total: Physical=8.0GB (8GB approx) Virtual=131072.0GB
[2015.04.17-17.00.10:749][  0]LogMemory: Platform Memory Stats for Windows
[2015.04.17-17.00.10:749][  0]LogMemory: Process Physical Memory: 45.14 MB used, 45.14 MB peak
[2015.04.17-17.00.10:749][  0]LogMemory: Process Virtual Memory: 22.45 MB used, 22.48 MB peak
[2015.04.17-17.00.10:749][  0]LogMemory: Physical Memory: 3298.27 MB used, 8175.20 MB total
[2015.04.17-17.00.10:749][  0]LogMemory: Virtual Memory: 285.89 MB used, 134217728.00 MB total
[2015.04.17-17.00.10:828][  0]LogD3D11RHI: Found D3D11 adapter 0: NVIDIA GeForce GTX 550 Ti (Feature Level 11_0)
[2015.04.17-17.00.10:829][  0]LogD3D11RHI: Adapter has 977MB of dedicated video memory, 0MB of dedicated system memory, and 3071MB of shared system memory, 1 output[s]
[2015.04.17-17.00.10:830][  0]LogD3D11RHI: Found D3D11 adapter 1: Microsoft Basic Render Driver (Feature Level 11_0)
[2015.04.17-17.00.10:830][  0]LogD3D11RHI: Adapter has 0MB of dedicated video memory, 0MB of dedicated system memory, and 256MB of shared system memory, 0 output[s]
[2015.04.17-17.00.10:830][  0]LogD3D11RHI: Chosen D3D11 Adapter Id = 0
[2015.04.17-17.00.10:835][  0]LogRHI: Texture pool is 684 MB (70% of 977 MB)
[2015.04.17-17.00.10:845][  0]LogD3D11RHI: Async texture creation enabled
[2015.04.17-17.00.10:905][  0]LogTextLocalizationManager: The requested culture ('es_ES') has no localization data; parent culture's ('es') localization data will be used.
[2015.04.17-17.00.10:944][  0]LogTextLocalizationManager:Warning: Loading localization resources contain conflicting entries for (Namespace:ContentBrowser, Key:ImportAssetToolTip):
Resource: (C:/Program Files/Epic Games/4.7/Engine/Content/Localization/Editor/es/Editor.locres) Hash: (-630476809) String: (Importar a {0}...)
Resource: (C:/Program Files/Epic Games/4.7/Engine/Content/Localization/Editor/es/Editor.locres) Hash: (1271782899) String: (Importa un activo desde el archivo a esta carpeta.)
[2015.04.17-17.00.10:996][  0]LogContentStreaming: Texture pool size is 0.000000MB
[2015.04.17-17.00.13:343][  0]LogTargetPlatformManager:Display: Building Assets For Windows
[2015.04.17-17.00.13:949][  0]LogTargetPlatformManager:Display: Building Assets For Windows
[2015.04.17-17.00.14:009][  0]LogDerivedDataCache:Display: Max Cache Size: 512 MB
[2015.04.17-17.00.14:048][  0]LogDerivedDataCache: Loaded boot cache 0.04s 39MB C:/Users/Souusek/AppData/Local/UnrealEngine/4.7/DerivedDataCache/Boot.ddc.
[2015.04.17-17.00.14:048][  0]LogDerivedDataCache:Display: Loaded Boot cache: C:/Users/Souusek/AppData/Local/UnrealEngine/4.7/DerivedDataCache/Boot.ddc
[2015.04.17-17.00.14:048][  0]LogDerivedDataCache: FDerivedDataBackendGraph:  Pak pak cache file ../../../../../../Users/Souusek/Documents/GitHub/TowardTheLight/TowardsTheLight/DerivedDataCache/DDC.ddp not found, will not use a pak cache.
[2015.04.17-17.00.14:048][  0]LogDerivedDataCache: Unable to find inner node Pak for hierarchical cache Hierarchy.
[2015.04.17-17.00.14:164][  0]LogDerivedDataCache:Display: Pak cache opened for reading ../../../Engine/DerivedDataCache/Compressed.ddp.
[2015.04.17-17.00.14:176][  0]LogDerivedDataCache: Using Local data cache path C:/Users/Souusek/AppData/Local/UnrealEngine/Common/DerivedDataCache: Writable
[2015.04.17-17.00.14:471][  0]LogMeshUtilities: No automatic mesh reduction module available
[2015.04.17-17.00.14:471][  0]LogMeshUtilities: No automatic mesh merging module available
[2015.04.17-17.00.14:868][  0]LogInit: WinSock: version 1.1 (2.2), MaxSocks=32767, MaxUdp=65467
[2015.04.17-17.00.14:957][  0]LogSlate:Warning: Failed to load font data from '../../../Engine/Content/Slate/Fonts/Roboto-Italic.ttf'
[2015.04.17-17.00.15:761][  0]LogWmfMedia: Failed to load mf.dll
[2015.04.17-17.00.15:761][  0]LogWmfMedia: Failed to load required Windows Media Foundation libraries
[2015.04.17-17.00.15:771][  0]LogWindowsMoviePlayer:Warning: Could not load mf.dll
[2015.04.17-17.00.15:771][  0]LogWindowsMoviePlayer:Warning: Could not load mfplat.dll
[2015.04.17-17.00.15:772][  0]LogWindowsMoviePlayer:Warning: Could not load mfplay.dll
[2015.04.17-17.00.15:939][  0]UdpMessaging: Initializing bridge on interface 0.0.0.0:0 to multicast group 230.0.0.1:6666.
[2015.04.17-17.00.16:157][  0]SourceControl: Información El control de código fuente está desactivado
[2015.04.17-17.00.16:157][  0]SourceControl: Información El control de código fuente está desactivado
[2015.04.17-17.00.16:157][  0]SourceControl: Información El control de código fuente está desactivado
[2015.04.17-17.00.16:157][  0]LogSourceControl: RunCommandInternalRaw: 'git version'
[2015.04.17-17.00.16:157][  0]LogSourceControl: RunCommandInternalRaw: ExecProcess ReturnCode=2 OutResults=''
[2015.04.17-17.00.16:166][  0]SourceControl: Información El control de código fuente está desactivado
[2015.04.17-17.00.16:343][  0]LogObj: 24236 objects as part of root set at end of initial load.
[2015.04.17-17.00.16:343][  0]LogUObjectAllocator: 5139024 out of 0 bytes used by permanent object pool.
[2015.04.17-17.00.16:426][  0]LogEngine: Initializing Engine...
[2015.04.17-17.00.18:595][  0]LogInit: XAudio2 using 'Auriculares (2- Dispositivo de High Definition Audio)' : 2 channels at 44.1 kHz using 16 bits per sample (channel mask 0x3)
[2015.04.17-17.00.18:602][  0]LogInit: FAudioDevice initialized.
[2015.04.17-17.00.18:641][  0]LogAIModule: Creating AISystem for world NewWorld
[2015.04.17-17.00.18:660][  0]LogDerivedDataCache: Saved boot cache 0.02s 39MB C:/Users/Souusek/AppData/Local/UnrealEngine/4.7/DerivedDataCache/Boot.ddc.
[2015.04.17-17.00.18:667][  0]LogInit: Texture streaming: Enabled
[2015.04.17-17.00.18:784][  0]LogAnalytics: Creating configured Analytics provider AnalyticsET
[2015.04.17-17.00.18:784][  0]LogAnalytics: ET APIKey = Rocket.Release. APIServer = http://et2.epicgames.com/ET2/. AppVersion = 4.7.5-2503383+++depot+UE4-Releases+4.7
[2015.04.17-17.00.18:784][  0]LogAnalytics: ET APIKey = Rocket.Release. DataRouterUploadURL = https://datarouter-public-service-gamedev.ol.epicgames.net/datarouter/api/v1/public/data. AppVersion = 4.7.5-2503383+++depot+UE4-Releases+4.7
[2015.04.17-17.00.18:784][  0]LogAnalytics: SetUserId 74b1e39d4e2976022fb68eb3b801aa33|2a8e7d3158ac4c6c9c02023c01519f4e|b0df70cd-5515-45c8-92ca-c6064a1aae1c
[2015.04.17-17.00.18:784][  0]LogAnalytics: AnalyticsET::StartSession [Rocket.Release]
[2015.04.17-17.00.18:806][  0]LogInit: Transaction tracking system initialized
[2015.04.17-17.00.18:984][  0]BlueprintLog: New page: Cargar el editor
[2015.04.17-17.00.19:023][  0]LogAssetRegistry: FAssetRegistry took 0.0103 seconds to start up
[2015.04.17-17.00.19:023][  0]LogDirectoryWatcher:Warning: Failed to begin reading directory changes for ../../../Engine/Plugins/Experimental/CharacterAI/Content/. Error: 0
[2015.04.17-17.00.19:678][  0]LogTargetPlatformManager:Display: Building Assets For Windows
[2015.04.17-17.00.20:160][  0]LogTargetPlatformManager:Display: Building Assets For Windows
[2015.04.17-17.00.28:720][  0]LogSlate:Warning: Failed to load font data from '../../../Engine/Content/Editor/Slate/Fonts/Roboto-Regular.ttf'
[2015.04.17-17.00.28:721][  0]LogSlate:Warning: Failed to load font data from '../../../Engine/Content/Editor/Slate/Fonts/Roboto-Bold.ttf'
[2015.04.17-17.00.28:732][  0]LogConsoleResponse:Display: 
[2015.04.17-17.00.28:869][  0]LogCook:Display: Done creating registry. It took  0.00s.
[2015.04.17-17.00.29:025][  0]SourceControl: Información El control de código fuente está desactivado
[2015.04.17-17.00.29:025][  0]Cmd: MAP LOAD FILE="../../../Engine/Content/Maps/Templates/Template_Default.umap" TEMPLATE=1 SHOWPROGRESS=1 FEATURELEVEL=3
[2015.04.17-17.00.29:026][  0]LightingResults: New page: Diseñar la iluminación
[2015.04.17-17.00.29:038][  0]MapCheck: New page: Revisión del mapa
[2015.04.17-17.00.29:038][  0]LightingResults: New page: Diseñar la iluminación
[2015.04.17-17.00.29:048][  0]LogParticles: Destroying 0 GPU particle simulations for FXSystem 0x000000145DBCBB00
[2015.04.17-17.00.29:835][  0]LogEditorServer: Finished looking for orphan Actors (0.000 secs)
[2015.04.17-17.00.29:839][  0]LogAIModule: Creating AISystem for world Untitled_1
[2015.04.17-17.00.29:840][  0]Cmd: MAP CHECKDEP
[2015.04.17-17.00.29:840][  0]MapCheck: New page: Untitled_1 - 17/4/2015 21:00:29
[2015.04.17-17.00.29:920][  0]MapCheck: Información Map check complete: 0 Error(s), 0 Warning(s), took 80,357ms to complete.
[2015.04.17-17.00.29:920][  0]LogFileHelpers: Loading map 'Template_Default' took 0.895
[2015.04.17-17.00.30:061][  0]LogCollectionManager: Loaded 0 collections in 0.001690 seconds
[2015.04.17-17.00.30:072][  0]LogContentBrowser: Native class hierarchy populated in 0.0118 seconds. Added 1697 classes and 263 folders.
[2015.04.17-17.00.30:106][  0]LogContentBrowser: Native class hierarchy updated for 'SceneOutliner' in 0.0042 seconds. Added 1 classes and 2 folders.
[2015.04.17-17.00.30:157][  0]LogCrashTracker: Crashtracker disabled due to settings.
[2015.04.17-17.00.30:158][  0]LogSlate:Warning: Failed to load font data from 'Veranda'
[2015.04.17-17.00.30:163][  0]LogUObjectGlobals:Warning: Error al encontrar el objeto 'Class Ninguno.'
[2015.04.17-17.00.30:163][  0]LogUObjectGlobals:Warning: Error al encontrar el objeto 'Class Ninguno.'
[2015.04.17-17.00.30:189][  0]LogLoad: Full Startup: 21.32 seconds (BP compile: 0.09 seconds)
[2015.04.17-17.00.30:406][  0]LogRenderer:Warning: Reallocating scene render targets to support 1208x576 (Frame:2).
[2015.04.17-17.00.30:859][  4]LogAssetRegistry: Asset discovery search completed in 11.8469 seconds
[2015.04.17-17.00.55:886][608]LogContentBrowser:Verbose: The content browser source was changed by the sources view to '/Game'
[2015.04.17-17.00.57:020][696]LogContentBrowser:Verbose: The content browser source was changed by the sources view to '/Classes_Game'
[2015.04.17-17.01.28:132][918]LogContentBrowser:Verbose: The content browser source was changed by the sources view to '/Classes_Game/TowardsTheLight'
[2015.04.17-17.01.56:004][513]LogContentBrowser:Verbose: The content browser source was changed by the sources view to '/Game'
[2015.04.17-17.01.57:170][621]LogContentBrowser:Verbose: The content browser source was changed by the sources view to '/Game/Carpeta nueva'
[2015.04.17-17.01.59:228][773]LogContentBrowser:Verbose: The content browser source was changed by the sources view to '/Game/Levels'
[2015.04.17-17.02.02:835][ 27]LogEditorViewport: Clicking on Actor (LMB): StaticMeshActor (Floor)
[2015.04.17-17.02.08:795][439]LogContentBrowser:Verbose: The content browser source was changed by the sources view to '/Classes_Game'
[2015.04.17-17.02.10:717][582]LogContentBrowser:Verbose: The content browser source was changed by the sources view to '/Classes_Game/TowardsTheLight'
[2015.04.17-17.02.11:692][658]LogContentBrowser:Verbose: The content browser source was changed by the sources view to '/Classes_Game'
[2015.04.17-17.02.41:995][139]Recompiling TowardsTheLight...
[2015.04.17-17.02.41:995][139]Launching UnrealBuildTool... [C:/Program Files/Epic Games/4.7/Engine/Binaries/DotNET/UnrealBuildTool.exe TowardsTheLight -ModuleWithSuffix TowardsTheLight 9815 Win64 Development -editorrecompile -canskiplink "C:/Users/Souusek/Documents/GitHub/TowardTheLight/TowardsTheLight/TowardsTheLight.uproject" -rocket  -rocket]
[2015.04.17-17.02.50:526][139]CompilerResultsLog: New page: Compilación - 17/4/2015 21:02:50
[2015.04.17-17.02.50:526][139]CompilerResultsLog: Información Parsing headers for TowardsTheLightEditor
[2015.04.17-17.02.50:526][139]CompilerResultsLog: Información Reflection code generated for TowardsTheLightEditor
[2015.04.17-17.02.50:526][139]CompilerResultsLog: Información Performing 3 actions (4 in parallel)
[2015.04.17-17.02.50:526][139]CompilerResultsLog: Información TowardsTheLight.generated.cpp
[2015.04.17-17.02.50:526][139]CompilerResultsLog: Información OviCharacter.cpp
[2015.04.17-17.02.50:526][139]CompilerResultsLog: Información [3/3] Link UE4Editor-TowardsTheLight-9815.dll
[2015.04.17-17.02.50:526][139]CompilerResultsLog: Información    Creando biblioteca C:\Users\Souusek\Documents\GitHub\TowardTheLight\TowardsTheLight\Intermediate\Build\Win64\TowardsTheLightEditor\Development\UE4Editor-TowardsTheLight-9815.lib y objeto C:\Users\Souusek\Documents\GitHub\TowardTheLight\TowardsTheLight\Intermediate\Build\Win64\TowardsTheLightEditor\Development\UE4Editor-TowardsTheLight-9815.exp
[2015.04.17-17.02.50:526][139]CompilerResultsLog: Información -------- End Detailed Actions Stats -----------------------------------------------------------
[2015.04.17-17.02.50:526][139]CompilerResultsLog: Información Cumulative action seconds (8 processors): 0,00 building projects, 0,63 compiling, 0,00 creating app bundles, 0,00 generating debug info, 0,54 linking, 0,00 other
[2015.04.17-17.02.50:526][139]CompilerResultsLog: Información UBT execution time: 8,40 seconds
[2015.04.17-17.02.50:526][139]LogMainFrame: MainFrame: Module compiling took 8.541 seconds
[2015.04.17-17.02.50:559][139]LogClass: Could not find existing class OviCharacter in package /Script/TowardsTheLight for HotReload, assuming new class
[2015.04.17-17.02.50:565][139]LogContentBrowser: Native class hierarchy updated for 'TowardsTheLight' in 0.0042 seconds. Added 2 classes and 2 folders.
[2015.04.17-17.02.50:565][139]Warning: HotReload successful (0 functions remapped  0 scriptstructs remapped)
[2015.04.17-17.02.50:589][139]LogContentBrowser: Native class hierarchy populated in 0.0120 seconds. Added 1699 classes and 265 folders.
[2015.04.17-17.02.50:590][139]Warning: HotReload operation took  8.6s.
[2015.04.17-17.02.50:944][139]LogVSAccessor:Warning: Couldn't goto line number '0' in 'C:/Users/Souusek/Documents/GitHub/TowardTheLight/TowardsTheLight/Source/TowardsTheLight/OviCharacter.h'
[2015.04.17-17.02.51:007][139]LogVSAccessor:Warning: Couldn't goto line number '0' in 'C:/Users/Souusek/Documents/GitHub/TowardTheLight/TowardsTheLight/Source/TowardsTheLight/OviCharacter.cpp'
[2015.04.17-17.02.51:021][139]LogHotReload: New module detected: UE4Editor-TowardsTheLight-9815.dll
[2015.04.17-17.02.51:068][140]LogHotReload: Starting Hot-Reload from IDE
[2015.04.17-17.02.51:223][140]LogContentBrowser: Native class hierarchy updated for 'TowardsTheLight' in 0.0051 seconds. Added 2 classes and 2 folders.
[2015.04.17-17.02.51:224][140]Warning: HotReload successful (0 functions remapped  0 scriptstructs remapped)
[2015.04.17-17.02.51:268][140]LogContentBrowser: Native class hierarchy populated in 0.0132 seconds. Added 1699 classes and 265 folders.
[2015.04.17-17.05.37:800][738]Recompiling TowardsTheLight...
[2015.04.17-17.05.37:801][738]Launching UnrealBuildTool... [C:/Program Files/Epic Games/4.7/Engine/Binaries/DotNET/UnrealBuildTool.exe TowardsTheLight -ModuleWithSuffix TowardsTheLight 8998 Win64 Development -editorrecompile -canskiplink "C:/Users/Souusek/Documents/GitHub/TowardTheLight/TowardsTheLight/TowardsTheLight.uproject" -rocket  -rocket]
[2015.04.17-17.05.45:795][738]CompilerResultsLog: New page: Compilación - 17/4/2015 21:05:45
[2015.04.17-17.05.45:795][738]CompilerResultsLog: Información Parsing headers for TowardsTheLightEditor
[2015.04.17-17.05.45:795][738]CompilerResultsLog: Información Reflection code generated for TowardsTheLightEditor
[2015.04.17-17.05.45:795][738]CompilerResultsLog: Información Performing 4 actions (4 in parallel)
[2015.04.17-17.05.45:795][738]CompilerResultsLog: Información TowardsTheLight.generated.cpp
[2015.04.17-17.05.45:795][738]CompilerResultsLog: Información OviCharacter.cpp
[2015.04.17-17.05.45:795][738]CompilerResultsLog: Información MyGameMode.cpp
[2015.04.17-17.05.45:795][738]CompilerResultsLog:Error: Error C:\Users\Souusek\Documents\GitHub\TowardTheLight\TowardsTheLight\Source\TowardsTheLight\OviCharacter.cpp(83)  : error C2653: 'AMyCharacter' : no es un nombre de clase o espacio de nombres
[2015.04.17-17.05.45:795][738]CompilerResultsLog:Error: Error C:\Users\Souusek\Documents\GitHub\TowardTheLight\TowardsTheLight\Source\TowardsTheLight\OviCharacter.cpp(83)  : error C2276: '&' : operaci?n no v?lida de la expresi?n de funci?n miembro enlazada
[2015.04.17-17.05.45:795][738]CompilerResultsLog:Error: Error C:\Users\Souusek\Documents\GitHub\TowardTheLight\TowardsTheLight\Source\TowardsTheLight\OviCharacter.cpp(83)  : error C2780: 'FInputActionBinding &UInputComponent::BindAction(const FName,const EInputEvent,UserClass *,TBaseDelegate<void,>::TBaseDelegate<TTypeWrapper<void>,>::TUObjectMethodDelegate<UserClass>::FMethodPtr)' : se esperan 4 argumentos; 3 proporcionados
[2015.04.17-17.05.45:795][738]CompilerResultsLog: Información          C:\Program Files\Epic Games\4.7\Engine\Source\Runtime\Engine\Classes\Components/InputComponent.h(645)  : vea la declaraci?n de 'UInputComponent::BindAction'
[2015.04.17-17.05.45:795][738]CompilerResultsLog:Error: Error C:\Users\Souusek\Documents\GitHub\TowardTheLight\TowardsTheLight\Source\TowardsTheLight\OviCharacter.cpp(84)  : error C2653: 'AMyCharacter' : no es un nombre de clase o espacio de nombres
[2015.04.17-17.05.45:796][738]CompilerResultsLog:Error: Error C:\Users\Souusek\Documents\GitHub\TowardTheLight\TowardsTheLight\Source\TowardsTheLight\OviCharacter.cpp(84)  : error C2276: '&' : operaci?n no v?lida de la expresi?n de funci?n miembro enlazada
[2015.04.17-17.05.45:796][738]CompilerResultsLog:Error: Error C:\Users\Souusek\Documents\GitHub\TowardTheLight\TowardsTheLight\Source\TowardsTheLight\OviCharacter.cpp(84)  : error C2780: 'FInputActionBinding &UInputComponent::BindAction(const FName,const EInputEvent,UserClass *,TBaseDelegate<void,>::TBaseDelegate<TTypeWrapper<void>,>::TUObjectMethodDelegate<UserClass>::FMethodPtr)' : se esperan 4 argumentos; 3 proporcionados
[2015.04.17-17.05.45:796][738]CompilerResultsLog: Información          C:\Program Files\Epic Games\4.7\Engine\Source\Runtime\Engine\Classes\Components/InputComponent.h(645)  : vea la declaraci?n de 'UInputComponent::BindAction'
[2015.04.17-17.05.45:796][738]CompilerResultsLog:Error: Error C:\Users\Souusek\Documents\GitHub\TowardTheLight\TowardsTheLight\Source\TowardsTheLight\OviCharacter.cpp(85)  : error C2653: 'AMyCharacter' : no es un nombre de clase o espacio de nombres
[2015.04.17-17.05.45:796][738]CompilerResultsLog:Error: Error C:\Users\Souusek\Documents\GitHub\TowardTheLight\TowardsTheLight\Source\TowardsTheLight\OviCharacter.cpp(85)  : error C2276: '&' : operaci?n no v?lida de la expresi?n de funci?n miembro enlazada
[2015.04.17-17.05.45:796][738]CompilerResultsLog:Error: Error C:\Users\Souusek\Documents\GitHub\TowardTheLight\TowardsTheLight\Source\TowardsTheLight\OviCharacter.cpp(85)  : error C2780: 'FInputActionBinding &UInputComponent::BindAction(const FName,const EInputEvent,UserClass *,TBaseDelegate<void,>::TBaseDelegate<TTypeWrapper<void>,>::TUObjectMethodDelegate<UserClass>::FMethodPtr)' : se esperan 4 argumentos; 3 proporcionados
[2015.04.17-17.05.45:796][738]CompilerResultsLog: Información          C:\Program Files\Epic Games\4.7\Engine\Source\Runtime\Engine\Classes\Components/InputComponent.h(645)  : vea la declaraci?n de 'UInputComponent::BindAction'
[2015.04.17-17.05.45:796][738]CompilerResultsLog:Error: Error C:\Users\Souusek\Documents\GitHub\TowardTheLight\TowardsTheLight\Source\TowardsTheLight\OviCharacter.cpp(86)  : error C2653: 'AMyCharacter' : no es un nombre de clase o espacio de nombres
[2015.04.17-17.05.45:796][738]CompilerResultsLog:Error: Error C:\Users\Souusek\Documents\GitHub\TowardTheLight\TowardsTheLight\Source\TowardsTheLight\OviCharacter.cpp(86)  : error C2276: '&' : operaci?n no v?lida de la expresi?n de funci?n miembro enlazada
[2015.04.17-17.05.45:796][738]CompilerResultsLog:Error: Error C:\Users\Souusek\Documents\GitHub\TowardTheLight\TowardsTheLight\Source\TowardsTheLight\OviCharacter.cpp(86)  : error C2780: 'FInputActionBinding &UInputComponent::BindAction(const FName,const EInputEvent,UserClass *,TBaseDelegate<void,>::TBaseDelegate<TTypeWrapper<void>,>::TUObjectMethodDelegate<UserClass>::FMethodPtr)' : se esperan 4 argumentos; 3 proporcionados
[2015.04.17-17.05.45:796][738]CompilerResultsLog: Información          C:\Program Files\Epic Games\4.7\Engine\Source\Runtime\Engine\Classes\Components/InputComponent.h(645)  : vea la declaraci?n de 'UInputComponent::BindAction'
[2015.04.17-17.05.45:796][738]CompilerResultsLog: Información -------- End Detailed Actions Stats -----------------------------------------------------------
[2015.04.17-17.05.45:796][738]CompilerResultsLog: Información ERROR: UBT ERROR: Failed to produce item: C:\Users\Souusek\Documents\GitHub\TowardTheLight\TowardsTheLight\Binaries\Win64\UE4Editor-TowardsTheLight-8998.dll
[2015.04.17-17.05.45:796][738]CompilerResultsLog: Información Cumulative action seconds (8 processors): 0,00 building projects, 0,66 compiling, 0,00 creating app bundles, 0,00 generating debug info, 0,00 linking, 0,00 other
[2015.04.17-17.05.45:796][738]CompilerResultsLog: Información UBT execution time: 7,86 seconds
[2015.04.17-17.05.45:796][738]LogMainFrame: MainFrame: Module compiling took 8.002 seconds
[2015.04.17-17.05.45:796][738]Warning: HotReload failed, recompile failed
[2015.04.17-17.05.45:840][738]Warning: RebindPackages failed because the compiler could not be started.
[2015.04.17-17.08.26:597][337]LogSavePackage: Save=23.800224ms
[2015.04.17-17.08.26:597][337]LogSavePackage: Moving '../../../../../../Users/Souusek/Documents/GitHub/TowardTheLight/TowardsTheLight/Saved/DevelopmentLevel4AFF14254DDE06EE8CA02C97FAFF6923.tmp' to '../../../../../../Users/Souusek/Documents/GitHub/TowardTheLight/TowardsTheLight/Content/Levels/DevelopmentLevel.umap'
[2015.04.17-17.08.26:619][337]LogFileHelpers: Saving map 'DevelopmentLevel' took 0.354
[2015.04.17-17.08.28:154][448]Cmd: DELETE
[2015.04.17-17.08.28:154][448]Cmd: ACTOR DELETE
[2015.04.17-17.08.28:160][448]LogEditorActor: Deleted Actor: StaticMeshActor
[2015.04.17-17.08.28:170][448]LogEditorActor: Deleted 1 Actors (0.012 secs)
[2015.04.17-17.08.30:360][608]LogSavePackage: Save=28.954800ms
[2015.04.17-17.08.30:360][608]LogSavePackage: Moving '../../../../../../Users/Souusek/Documents/GitHub/TowardTheLight/TowardsTheLight/Saved/DevelopmentLevel8D55E1B1406A2782BFABF1BB4C0299D8.tmp' to '../../../../../../Users/Souusek/Documents/GitHub/TowardTheLight/TowardsTheLight/Content/Levels/DevelopmentLevel.umap'
[2015.04.17-17.08.31:800][717]LogContentBrowser:Verbose: The content browser source was changed by the sources view to '/Game/Levels'
[2015.04.17-17.08.34:189][905]LogContentBrowser:Verbose: The content browser source was changed by the sources view to '/Classes_Game/TowardsTheLight'
[2015.04.17-17.08.37:718][140]Cmd: QUIT_EDITOR
[2015.04.17-17.08.37:932][140]LogExit: Preparing to exit.
[2015.04.17-17.08.39:041][140]LogExit: Editor shut down
[2015.04.17-17.08.39:041][140]LogExit: Transaction tracking system shut down
[2015.04.17-17.08.39:042][140]LogParticles: Destroying 0 GPU particle simulations for FXSystem 0x00000014649BDEE0
[2015.04.17-17.08.39:042][140]LogParticles: Destroying 0 GPU particle simulations for FXSystem 0x00000014720D0360
[2015.04.17-17.08.39:042][140]LogParticles: Destroying 0 GPU particle simulations for FXSystem 0x00000014720154E0
[2015.04.17-17.08.39:080][140]LogParticles: Destroying 0 GPU particle simulations for FXSystem 0x0000001472015580
[2015.04.17-17.08.39:080][140]LogExit: Object subsystem successfully closed.
[2015.04.17-17.08.39:136][140]LogModuleManager: Shutting down and abandoning module CrashTracker (178)
[2015.04.17-17.08.39:136][140]LogModuleManager: Shutting down and abandoning module SuperSearch (177)
[2015.04.17-17.08.39:136][140]LogModuleManager: Shutting down and abandoning module SceneOutliner (176)
[2015.04.17-17.08.39:136][140]LogModuleManager: Shutting down and abandoning module EditorWidgets (175)
[2015.04.17-17.08.39:136][140]LogModuleManager: Shutting down and abandoning module CollectionManager (174)
[2015.04.17-17.08.39:136][140]LogModuleManager: Shutting down and abandoning module StatsViewer (173)
[2015.04.17-17.08.39:136][140]LogModuleManager: Shutting down and abandoning module FoliageEdit (172)
[2015.04.17-17.08.39:136][140]LogModuleManager: Shutting down and abandoning module LandscapeEditor (171)
[2015.04.17-17.08.39:137][140]LogModuleManager: Shutting down and abandoning module MeshPaint (170)
[2015.04.17-17.08.39:137][140]LogModuleManager: Shutting down and abandoning module ActorPickerMode (169)
[2015.04.17-17.08.39:137][140]LogModuleManager: Shutting down and abandoning module GeometryMode (168)
[2015.04.17-17.08.39:137][140]LogModuleManager: Shutting down and abandoning module TextureAlignMode (167)
[2015.04.17-17.08.39:137][140]LogModuleManager: Shutting down and abandoning module BspMode (166)
[2015.04.17-17.08.39:137][140]LogModuleManager: Shutting down and abandoning module PlacementMode (165)
[2015.04.17-17.08.39:137][140]LogModuleManager: Shutting down and abandoning module AutomationWorker (164)
[2015.04.17-17.08.39:137][140]LogModuleManager: Shutting down and abandoning module CharacterAI (163)
[2015.04.17-17.08.39:137][140]LogModuleManager: Shutting down and abandoning module SmartSnapping (162)
[2015.04.17-17.08.39:137][140]LogModuleManager: Shutting down and abandoning module ViewportSnapping (161)
[2015.04.17-17.08.39:137][140]LogModuleManager: Shutting down and abandoning module LogVisualizer (160)
[2015.04.17-17.08.39:137][140]LogModuleManager: Shutting down and abandoning module GameProjectGeneration (159)
[2015.04.17-17.08.39:137][140]LogModuleManager: Shutting down and abandoning module IntroTutorials (158)
[2015.04.17-17.08.39:137][140]LogModuleManager: Shutting down and abandoning module EditorLiveStreaming (157)
[2015.04.17-17.08.39:137][140]LogModuleManager: Shutting down and abandoning module HardwareTargeting (156)
[2015.04.17-17.08.39:137][140]LogModuleManager: Shutting down and abandoning module DeviceProfileEditor (155)
[2015.04.17-17.08.39:137][140]LogModuleManager: Shutting down and abandoning module UndoHistory (154)
[2015.04.17-17.08.39:137][140]LogModuleManager: Shutting down and abandoning module GameplayTagsEditor (153)
[2015.04.17-17.08.39:137][140]LogModuleManager: Shutting down and abandoning module UserFeedback (152)
[2015.04.17-17.08.39:137][140]LogModuleManager: Shutting down and abandoning module XmlParser (151)
[2015.04.17-17.08.39:137][140]LogModuleManager: Shutting down and abandoning module Blutility (150)
[2015.04.17-17.08.39:137][140]LogModuleManager: Shutting down and abandoning module IOSPlatformEditor (149)
[2015.04.17-17.08.39:137][140]LogModuleManager: Shutting down and abandoning module IOSRuntimeSettings (148)
[2015.04.17-17.08.39:137][140]LogModuleManager: Shutting down and abandoning module AndroidDeviceDetection (147)
[2015.04.17-17.08.39:306][140]LogModuleManager: Shutting down and abandoning module AndroidPlatformEditor (146)
[2015.04.17-17.08.39:306][140]LogModuleManager: Shutting down and abandoning module AndroidRuntimeSettings (145)
[2015.04.17-17.08.39:306][140]LogModuleManager: Shutting down and abandoning module ProjectTargetPlatformEditor (144)
[2015.04.17-17.08.39:306][140]LogModuleManager: Shutting down and abandoning module ProjectSettingsViewer (143)
[2015.04.17-17.08.39:306][140]LogModuleManager: Shutting down and abandoning module InputBindingEditor (142)
[2015.04.17-17.08.39:306][140]LogModuleManager: Shutting down and abandoning module EditorSettingsViewer (141)
[2015.04.17-17.08.39:306][140]LogModuleManager: Shutting down and abandoning module SettingsEditor (140)
[2015.04.17-17.08.39:306][140]LogModuleManager: Shutting down and abandoning module ProjectLauncher (139)
[2015.04.17-17.08.39:307][140]LogModuleManager: Shutting down and abandoning module SessionFrontend (138)
[2015.04.17-17.08.39:307][140]LogModuleManager: Shutting down and abandoning module ProfilerClient (137)
[2015.04.17-17.08.39:307][140]LogModuleManager: Shutting down and abandoning module TargetDeviceServices (136)
[2015.04.17-17.08.39:307][140]LogModuleManager: Shutting down and abandoning module DeviceManager (135)
[2015.04.17-17.08.39:307][140]LogModuleManager: Shutting down and abandoning module AutomationController (134)
[2015.04.17-17.08.39:307][140]LogModuleManager: Shutting down and abandoning module AutomationWindow (133)
[2015.04.17-17.08.39:307][140]LogModuleManager: Shutting down and abandoning module Layers (132)
[2015.04.17-17.08.39:307][140]LogModuleManager: Shutting down and abandoning module ComponentVisualizers (131)
[2015.04.17-17.08.39:307][140]LogModuleManager: Shutting down and abandoning module DetailCustomizations (130)
[2015.04.17-17.08.39:307][140]LogModuleManager: Shutting down and abandoning module PackagesDialog (129)
[2015.04.17-17.08.39:307][140]LogModuleManager: Shutting down and abandoning module AssetRegistry (128)
[2015.04.17-17.08.39:401][140]LogModuleManager: Shutting down and abandoning module Persona (127)
[2015.04.17-17.08.39:401][140]LogModuleManager: Shutting down and abandoning module SlateReflector (126)
[2015.04.17-17.08.39:401][140]LogModuleManager: Shutting down and abandoning module LevelEditor (125)
[2015.04.17-17.08.39:403][140]LogModuleManager: Shutting down and abandoning module Kismet (124)
[2015.04.17-17.08.39:403][140]LogModuleManager: Shutting down and abandoning module GraphEditor (123)
[2015.04.17-17.08.39:403][140]LogModuleManager: Shutting down and abandoning module ClassViewer (122)
[2015.04.17-17.08.39:403][140]LogModuleManager: Shutting down and abandoning module Toolbox (121)
[2015.04.17-17.08.39:403][140]LogModuleManager: Shutting down and abandoning module ModuleUI (120)
[2015.04.17-17.08.39:403][140]LogModuleManager: Shutting down and abandoning module MovieSceneTools (119)
[2015.04.17-17.08.39:403][140]LogModuleManager: Shutting down and abandoning module OutputLog (118)
[2015.04.17-17.08.39:403][140]LogModuleManager: Shutting down and abandoning module GammaUI (117)
[2015.04.17-17.08.39:403][140]LogModuleManager: Shutting down and abandoning module Documentation (116)
[2015.04.17-17.08.39:403][140]LogModuleManager: Shutting down and abandoning module GameLiveStreaming (115)
[2015.04.17-17.08.39:403][140]LogModuleManager: Shutting down and abandoning module StreamingPauseRendering (114)
[2015.04.17-17.08.39:403][140]LogModuleManager: Shutting down and abandoning module HTTP (113)
[2015.04.17-17.08.39:404][140]LogModuleManager: Shutting down and abandoning module AnalyticsET (112)
[2015.04.17-17.08.39:404][140]LogModuleManager: Shutting down and abandoning module Analytics (111)
[2015.04.17-17.08.39:404][140]LogModuleManager: Shutting down and abandoning module AITestSuite (110)
[2015.04.17-17.08.39:404][140]LogModuleManager: Shutting down and abandoning module GameplayDebugger (109)
[2015.04.17-17.08.39:404][140]LogModuleManager: Shutting down and abandoning module AIModule (108)
[2015.04.17-17.08.39:404][140]LogModuleManager: Shutting down and abandoning module ProfilerService (107)
[2015.04.17-17.08.39:507][140]LogModuleManager: Shutting down and abandoning module TaskGraph (106)
[2015.04.17-17.08.39:507][140]LogModuleManager: Shutting down and abandoning module SlateRemote (105)
[2015.04.17-17.08.39:507][140]LogModuleManager: Shutting down and abandoning module ScriptEditorPlugin (104)
[2015.04.17-17.08.39:507][140]LogModuleManager: Shutting down and abandoning module CustomMeshComponent (103)
[2015.04.17-17.08.39:507][140]LogModuleManager: Shutting down and abandoning module CableComponent (102)
[2015.04.17-17.08.39:507][140]LogModuleManager: Shutting down and abandoning module MessagingDebugger (101)
[2015.04.17-17.08.39:507][140]LogModuleManager: Shutting down and abandoning module MediaPlayerEditor (100)
[2015.04.17-17.08.39:507][140]LogModuleManager: Shutting down and abandoning module SpeedTreeImporter (99)
[2015.04.17-17.08.39:507][140]LogModuleManager: Shutting down and abandoning module PluginsEditor (98)
[2015.04.17-17.08.39:507][140]LogModuleManager: Shutting down and abandoning module MainFrame (97)
[2015.04.17-17.08.39:507][140]LogModuleManager: Shutting down and abandoning module EpicSurvey (96)
[2015.04.17-17.08.39:507][140]LogModuleManager: Shutting down and abandoning module DesktopPlatform (95)
[2015.04.17-17.08.39:507][140]LogModuleManager: Shutting down and abandoning module DirectoryWatcher (94)
[2015.04.17-17.08.39:507][140]LogModuleManager: Shutting down and abandoning module HotReload (93)
[2015.04.17-17.08.39:507][140]LogModuleManager: Shutting down and abandoning module VisualStudioSourceCodeAccess (92)
[2015.04.17-17.08.39:507][140]LogModuleManager: Shutting down and abandoning module UObjectPlugin (91)
[2015.04.17-17.08.39:507][140]LogModuleManager: Shutting down and abandoning module SubversionSourceControl (90)
[2015.04.17-17.08.39:507][140]LogModuleManager: Shutting down and abandoning module PerforceSourceControl (89)
[2015.04.17-17.08.39:507][140]LogModuleManager: Shutting down and abandoning module SourceControl (88)
[2015.04.17-17.08.39:507][140]LogModuleManager: Shutting down and abandoning module GitSourceControl (87)
[2015.04.17-17.08.39:508][140]LogModuleManager: Shutting down and abandoning module BlankPlugin (86)
[2015.04.17-17.08.39:508][140]LogModuleManager: Shutting down and abandoning module PaperTiledImporter (85)
[2015.04.17-17.08.39:508][140]LogModuleManager: Shutting down and abandoning module PaperJsonImporter (84)
[2015.04.17-17.08.39:508][140]LogModuleManager: Shutting down and abandoning module ContentBrowser (83)
[2015.04.17-17.08.39:508][140]LogModuleManager: Shutting down and abandoning module Paper2DEditor (82)
[2015.04.17-17.08.39:508][140]LogModuleManager: Shutting down and abandoning module TowardsTheLight (81)
[2015.04.17-17.08.39:508][140]LogModuleManager: Shutting down and abandoning module ScriptPlugin (80)
[2015.04.17-17.08.39:508][140]LogModuleManager: Shutting down and abandoning module UdpMessaging (79)
[2015.04.17-17.08.39:609][140]LogModuleManager: Shutting down and abandoning module Paper2D (78)
[2015.04.17-17.08.39:609][140]LogModuleManager: Shutting down and abandoning module WindowsMoviePlayer (77)
[2015.04.17-17.08.39:609][140]LogModuleManager: Shutting down and abandoning module Media (76)
[2015.04.17-17.08.39:609][140]LogModuleManager: Shutting down and abandoning module WmfMedia (75)
[2015.04.17-17.08.39:609][140]LogModuleManager: Shutting down and abandoning module OnlineBlueprintSupport (74)
[2015.04.17-17.08.39:609][140]LogModuleManager: Shutting down and abandoning module PropertyEditor (73)
[2015.04.17-17.08.39:609][140]LogModuleManager: Shutting down and abandoning module BehaviorTreeEditor (72)
[2015.04.17-17.08.39:609][140]LogModuleManager: Shutting down and abandoning module FunctionalTesting (71)
[2015.04.17-17.08.39:609][140]LogModuleManager: Shutting down and abandoning module CollisionAnalyzer (70)
[2015.04.17-17.08.39:609][140]LogModuleManager: Shutting down and abandoning module WorkspaceMenuStructure (69)
[2015.04.17-17.08.39:609][140]LogModuleManager: Shutting down and abandoning module MessageLog (68)
[2015.04.17-17.08.39:609][140]LogModuleManager: Shutting down and abandoning module Sequencer (67)
[2015.04.17-17.08.39:609][140]LogModuleManager: Shutting down and abandoning module AssetTools (66)
[2015.04.17-17.08.39:609][140]LogModuleManager: Shutting down and abandoning module UMGEditor (65)
[2015.04.17-17.08.39:609][140]LogModuleManager: Shutting down and abandoning module UMG (64)
[2015.04.17-17.08.39:609][140]LogModuleManager: Shutting down and abandoning module Slate (63)
[2015.04.17-17.08.39:609][140]LogModuleManager: Shutting down and abandoning module EditorStyle (62)
[2015.04.17-17.08.39:617][140]LogModuleManager: Shutting down and abandoning module SessionServices (61)
[2015.04.17-17.08.39:617][140]LogModuleManager: Shutting down and abandoning module SourceCodeAccess (60)
[2015.04.17-17.08.39:617][140]LogModuleManager: Shutting down and abandoning module HeadMountedDisplay (59)
[2015.04.17-17.08.39:617][140]LogModuleManager: Shutting down and abandoning module XAudio2 (58)
[2015.04.17-17.08.39:617][140]LogModuleManager: Shutting down and abandoning module Networking (56)
[2015.04.17-17.08.39:617][140]LogModuleManager: Shutting down and abandoning module Core (55)
[2015.04.17-17.08.39:617][140]LogModuleManager: Shutting down and abandoning module KismetCompiler (54)
[2015.04.17-17.08.39:617][140]LogModuleManager: Shutting down and abandoning module PhysXFormats (53)
[2015.04.17-17.08.39:617][140]LogModuleManager: Shutting down and abandoning module MeshUtilities (52)
[2015.04.17-17.08.39:617][140]LogModuleManager: Shutting down and abandoning module DerivedDataCache (51)
[2015.04.17-17.08.39:703][140]LogDerivedDataCache: Shutdown
[2015.04.17-17.08.39:703][140]LogModuleManager: Shutting down and abandoning module ShaderFormatOpenGL (50)
[2015.04.17-17.08.39:703][140]LogModuleManager: Shutting down and abandoning module ShaderFormatD3D (49)
[2015.04.17-17.08.39:703][140]LogModuleManager: Shutting down and abandoning module MetalShaderFormat (48)
[2015.04.17-17.08.39:703][140]LogModuleManager: Shutting down and abandoning module TextureFormatUncompressed (47)
[2015.04.17-17.08.39:703][140]LogModuleManager: Shutting down and abandoning module TextureFormatPVR (46)
[2015.04.17-17.08.39:703][140]LogModuleManager: Shutting down and abandoning module TextureFormatIntelISPCTexComp (45)
[2015.04.17-17.08.39:703][140]LogModuleManager: Shutting down and abandoning module TextureFormatDXT (44)
[2015.04.17-17.08.39:703][140]LogModuleManager: Shutting down and abandoning module ImageWrapper (43)
[2015.04.17-17.08.39:703][140]LogModuleManager: Shutting down and abandoning module TextureFormatASTC (42)
[2015.04.17-17.08.39:703][140]LogModuleManager: Shutting down and abandoning module TextureFormatAndroid (41)
[2015.04.17-17.08.39:703][140]LogModuleManager: Shutting down and abandoning module AudioFormatOpus (40)
[2015.04.17-17.08.39:703][140]LogModuleManager: Shutting down and abandoning module AudioFormatOgg (39)
[2015.04.17-17.08.39:703][140]LogModuleManager: Shutting down and abandoning module AudioFormatADPCM (38)
[2015.04.17-17.08.39:703][140]LogModuleManager: Shutting down and abandoning module LinuxTargetPlatform (37)
[2015.04.17-17.08.39:703][140]LogModuleManager: Shutting down and abandoning module LinuxServerTargetPlatform (36)
[2015.04.17-17.08.39:703][140]LogModuleManager: Shutting down and abandoning module LinuxNoEditorTargetPlatform (35)
[2015.04.17-17.08.39:703][140]LogModuleManager: Shutting down and abandoning module Messaging (34)
[2015.04.17-17.08.39:703][140]LogModuleManager: Shutting down and abandoning module IOSTargetPlatform (33)
[2015.04.17-17.08.39:703][140]LogModuleManager: Shutting down and abandoning module HTML5TargetPlatform (32)
[2015.04.17-17.08.39:703][140]LogModuleManager: Shutting down and abandoning module Android_PVRTCTargetPlatform (31)
[2015.04.17-17.08.39:703][140]LogModuleManager: Shutting down and abandoning module Android_ETC2TargetPlatform (30)
[2015.04.17-17.08.39:703][140]LogModuleManager: Shutting down and abandoning module Android_ETC1TargetPlatform (29)
[2015.04.17-17.08.39:703][140]LogModuleManager: Shutting down and abandoning module Android_ES31TargetPlatform (28)
[2015.04.17-17.08.39:703][140]LogModuleManager: Shutting down and abandoning module Android_DXTTargetPlatform (27)
[2015.04.17-17.08.39:703][140]LogModuleManager: Shutting down and abandoning module Android_ATCTargetPlatform (26)
[2015.04.17-17.08.39:703][140]LogModuleManager: Shutting down and abandoning module AndroidTargetPlatform (25)
[2015.04.17-17.08.39:703][140]LogModuleManager: Shutting down and abandoning module WindowsTargetPlatform (24)
[2015.04.17-17.08.39:703][140]LogModuleManager: Shutting down and abandoning module WindowsServerTargetPlatform (23)
[2015.04.17-17.08.39:703][140]LogModuleManager: Shutting down and abandoning module WindowsNoEditorTargetPlatform (22)
[2015.04.17-17.08.39:703][140]LogModuleManager: Shutting down and abandoning module WindowsClientTargetPlatform (21)
[2015.04.17-17.08.39:704][140]LogModuleManager: Shutting down and abandoning module TargetPlatform (20)
[2015.04.17-17.08.39:704][140]LogModuleManager: Shutting down and abandoning module InputCore (19)
[2015.04.17-17.08.39:704][140]LogModuleManager: Shutting down and abandoning module Settings (18)
[2015.04.17-17.08.39:704][140]LogModuleManager: Shutting down and abandoning module OnlineSubsystem (16)
[2015.04.17-17.08.39:704][140]LogModuleManager: Shutting down and abandoning module OculusRift (15)
[2015.04.17-17.08.39:704][140]LogModuleManager: Shutting down and abandoning module ExampleDeviceProfileSelector (14)
[2015.04.17-17.08.39:704][140]LogModuleManager: Shutting down and abandoning module TextureCompressor (13)
[2015.04.17-17.08.39:704][140]LogModuleManager: Shutting down and abandoning module ShaderCore (12)
[2015.04.17-17.08.39:704][140]LogModuleManager: Shutting down and abandoning module Landscape (11)
[2015.04.17-17.08.39:704][140]LogModuleManager: Shutting down and abandoning module SlateRHIRenderer (10)
[2015.04.17-17.08.39:706][140]LogModuleManager: Shutting down and abandoning module OpenGLDrv (9)
[2015.04.17-17.08.39:706][140]LogModuleManager: Shutting down and abandoning module D3D11RHI (8)
[2015.04.17-17.08.39:706][140]LogModuleManager: Shutting down and abandoning module Renderer (7)
[2015.04.17-17.08.39:706][140]LogModuleManager: Shutting down and abandoning module Engine (6)
[2015.04.17-17.08.39:706][140]LogModuleManager: Shutting down and abandoning module CoreUObject (5)
[2015.04.17-17.08.39:706][140]LogModuleManager: Shutting down and abandoning module NetworkFile (4)
[2015.04.17-17.08.39:706][140]LogModuleManager: Shutting down and abandoning module StreamingFile (3)
[2015.04.17-17.08.39:706][140]LogModuleManager: Shutting down and abandoning module SandboxFile (2)
[2015.04.17-17.08.39:706][140]LogModuleManager: Shutting down and abandoning module PakFile (1)
[2015.04.17-17.08.39:707][140]LogExit: Exiting.
[2015.04.17-17.08.39:742][140]Log file closed, 04/17/15 19:08:39
