Log file open, 04/17/15 19:09:53
LogInit:Display: Running engine for game: TowardsTheLight
LogInit: Version: 4.7.5-2503383+++depot+UE4-Releases+4.7
LogInit: API Version: 2455222
LogInit: Compiled (64-bit): Apr  6 2015 23:21:51
LogInit: Compiled with Visual C++: 18.00.21005.01
LogInit: Build Configuration: Development
LogInit: Branch Name: ++depot+UE4-Releases+4.7
LogInit: Command line: 
LogInit: Base directory: C:/Program Files/Epic Games/4.7/Engine/Binaries/Win64/
LogInit: Rocket: 1
[2015.04.17-17.09.53:497][  0]LogTaskGraph: Started task graph with 3 named threads and 6 total threads.
[2015.04.17-17.09.53:563][  0]LogOnline:Warning: No default platform service specified for OnlineSubsystem
[2015.04.17-17.09.53:650][  0]LogInit: Presizing for 0 objects not considered by GC, pre-allocating 0 bytes.
[2015.04.17-17.09.53:669][  0]LogInit: Object subsystem initialized
[2015.04.17-17.09.53:672][  0]LogConsoleResponse:Warning: Skipping Unknown console variable: 'TranslucentSortAxis = (X=0.000000,Y=-1.000000,Z=0.000000)'
[2015.04.17-17.09.53:672][  0]LogConsoleResponse:Warning:   Found in ini file 'C:/Users/Souusek/Documents/GitHub/TowardTheLight/TowardsTheLight/Saved/Config/Windows/Engine.ini', in section '[/Script/Engine.RendererSettings]'
[2015.04.17-17.09.53:672][  0]LogConsoleResponse:Warning: Skipping Unknown console variable: 'UIScaleRule = ShortestSide'
[2015.04.17-17.09.53:673][  0]LogConsoleResponse:Warning:   Found in ini file 'C:/Users/Souusek/Documents/GitHub/TowardTheLight/TowardsTheLight/Saved/Config/Windows/Engine.ini', in section '[/Script/Engine.RendererSettings]'
[2015.04.17-17.09.53:673][  0]LogConsoleResponse:Warning: Skipping Unknown console variable: 'UIScaleCurve = (EditorCurveData=(Keys=),ExternalCurve=None)'
[2015.04.17-17.09.53:673][  0]LogConsoleResponse:Warning:   Found in ini file 'C:/Users/Souusek/Documents/GitHub/TowardTheLight/TowardsTheLight/Saved/Config/Windows/Engine.ini', in section '[/Script/Engine.RendererSettings]'
[2015.04.17-17.09.53:674][  0]LogInit: Selected Device Profile: [Windows]
[2015.04.17-17.09.53:674][  0]LogInit: Applying CVar settings loaded from the selected device profile: [Windows]
[2015.04.17-17.09.53:685][  0]LogInit: Computer: ALFREDO
[2015.04.17-17.09.53:686][  0]LogInit: User: Souusek
[2015.04.17-17.09.53:686][  0]LogInit: CPU Page size=4096, Cores=4
[2015.04.17-17.09.53:686][  0]LogInit: High frequency timer resolution =3.312784 MHz
[2015.04.17-17.09.53:687][  0]LogMemory: Memory total: Physical=8.0GB (8GB approx) Virtual=131072.0GB
[2015.04.17-17.09.53:687][  0]LogMemory: Platform Memory Stats for Windows
[2015.04.17-17.09.53:688][  0]LogMemory: Process Physical Memory: 46.17 MB used, 46.17 MB peak
[2015.04.17-17.09.53:688][  0]LogMemory: Process Virtual Memory: 24.51 MB used, 24.52 MB peak
[2015.04.17-17.09.53:688][  0]LogMemory: Physical Memory: 4631.07 MB used, 8175.20 MB total
[2015.04.17-17.09.53:689][  0]LogMemory: Virtual Memory: 284.73 MB used, 134217728.00 MB total
[2015.04.17-17.09.53:776][  0]LogD3D11RHI: Found D3D11 adapter 0: NVIDIA GeForce GTX 550 Ti (Feature Level 11_0)
[2015.04.17-17.09.53:776][  0]LogD3D11RHI: Adapter has 977MB of dedicated video memory, 0MB of dedicated system memory, and 3071MB of shared system memory, 1 output[s]
[2015.04.17-17.09.53:786][  0]LogD3D11RHI: Found D3D11 adapter 1: Microsoft Basic Render Driver (Feature Level 11_0)
[2015.04.17-17.09.53:786][  0]LogD3D11RHI: Adapter has 0MB of dedicated video memory, 0MB of dedicated system memory, and 256MB of shared system memory, 0 output[s]
[2015.04.17-17.09.53:786][  0]LogD3D11RHI: Chosen D3D11 Adapter Id = 0
[2015.04.17-17.09.53:790][  0]LogRHI: Texture pool is 684 MB (70% of 977 MB)
[2015.04.17-17.09.53:824][  0]LogD3D11RHI: Async texture creation enabled
[2015.04.17-17.09.53:916][  0]LogTextLocalizationManager: The requested culture ('es_ES') has no localization data; parent culture's ('es') localization data will be used.
[2015.04.17-17.09.53:958][  0]LogTextLocalizationManager:Warning: Loading localization resources contain conflicting entries for (Namespace:ContentBrowser, Key:ImportAssetToolTip):
Resource: (C:/Program Files/Epic Games/4.7/Engine/Content/Localization/Editor/es/Editor.locres) Hash: (-630476809) String: (Importar a {0}...)
Resource: (C:/Program Files/Epic Games/4.7/Engine/Content/Localization/Editor/es/Editor.locres) Hash: (1271782899) String: (Importa un activo desde el archivo a esta carpeta.)
[2015.04.17-17.09.54:010][  0]LogContentStreaming: Texture pool size is 0.000000MB
[2015.04.17-17.09.56:594][  0]LogTargetPlatformManager:Display: Building Assets For Windows
[2015.04.17-17.09.57:386][  0]LogTargetPlatformManager:Display: Building Assets For Windows
[2015.04.17-17.09.57:464][  0]LogDerivedDataCache:Display: Max Cache Size: 512 MB
[2015.04.17-17.09.57:507][  0]LogDerivedDataCache: Loaded boot cache 0.04s 39MB C:/Users/Souusek/AppData/Local/UnrealEngine/4.7/DerivedDataCache/Boot.ddc.
[2015.04.17-17.09.57:507][  0]LogDerivedDataCache:Display: Loaded Boot cache: C:/Users/Souusek/AppData/Local/UnrealEngine/4.7/DerivedDataCache/Boot.ddc
[2015.04.17-17.09.57:508][  0]LogDerivedDataCache: FDerivedDataBackendGraph:  Pak pak cache file ../../../../../../Users/Souusek/Documents/GitHub/TowardTheLight/TowardsTheLight/DerivedDataCache/DDC.ddp not found, will not use a pak cache.
[2015.04.17-17.09.57:508][  0]LogDerivedDataCache: Unable to find inner node Pak for hierarchical cache Hierarchy.
[2015.04.17-17.09.57:622][  0]LogDerivedDataCache:Display: Pak cache opened for reading ../../../Engine/DerivedDataCache/Compressed.ddp.
[2015.04.17-17.09.57:635][  0]LogDerivedDataCache: Using Local data cache path C:/Users/Souusek/AppData/Local/UnrealEngine/Common/DerivedDataCache: Writable
[2015.04.17-17.09.57:947][  0]LogMeshUtilities: No automatic mesh reduction module available
[2015.04.17-17.09.57:947][  0]LogMeshUtilities: No automatic mesh merging module available
[2015.04.17-17.09.58:363][  0]LogInit: WinSock: version 1.1 (2.2), MaxSocks=32767, MaxUdp=65467
[2015.04.17-17.09.58:493][  0]LogSlate:Warning: Failed to load font data from '../../../Engine/Content/Slate/Fonts/Roboto-Italic.ttf'
[2015.04.17-17.09.59:749][  0]LogWmfMedia: Failed to load mf.dll
[2015.04.17-17.09.59:750][  0]LogWmfMedia: Failed to load required Windows Media Foundation libraries
[2015.04.17-17.09.59:779][  0]LogWindowsMoviePlayer:Warning: Could not load mf.dll
[2015.04.17-17.09.59:780][  0]LogWindowsMoviePlayer:Warning: Could not load mfplat.dll
[2015.04.17-17.09.59:781][  0]LogWindowsMoviePlayer:Warning: Could not load mfplay.dll
[2015.04.17-17.09.59:890][  0]UdpMessaging: Initializing bridge on interface 0.0.0.0:0 to multicast group 230.0.0.1:6666.
[2015.04.17-17.10.00:539][  0]SourceControl: Información El control de código fuente está desactivado
[2015.04.17-17.10.00:539][  0]SourceControl: Información El control de código fuente está desactivado
[2015.04.17-17.10.00:540][  0]SourceControl: Información El control de código fuente está desactivado
[2015.04.17-17.10.00:540][  0]LogSourceControl: RunCommandInternalRaw: 'git version'
[2015.04.17-17.10.00:540][  0]LogSourceControl: RunCommandInternalRaw: ExecProcess ReturnCode=2 OutResults=''
[2015.04.17-17.10.00:550][  0]SourceControl: Información El control de código fuente está desactivado
[2015.04.17-17.10.01:018][  0]LogObj: 24248 objects as part of root set at end of initial load.
[2015.04.17-17.10.01:018][  0]LogUObjectAllocator: 5149192 out of 0 bytes used by permanent object pool.
[2015.04.17-17.10.01:149][  0]LogEngine: Initializing Engine...
[2015.04.17-17.10.03:362][  0]LogInit: XAudio2 using 'Auriculares (2- Dispositivo de High Definition Audio)' : 2 channels at 44.1 kHz using 16 bits per sample (channel mask 0x3)
[2015.04.17-17.10.03:373][  0]LogInit: FAudioDevice initialized.
[2015.04.17-17.10.03:426][  0]LogAIModule: Creating AISystem for world NewWorld
[2015.04.17-17.10.03:442][  0]LogDerivedDataCache: Saved boot cache 0.02s 39MB C:/Users/Souusek/AppData/Local/UnrealEngine/4.7/DerivedDataCache/Boot.ddc.
[2015.04.17-17.10.03:449][  0]LogInit: Texture streaming: Enabled
[2015.04.17-17.10.03:557][  0]LogAnalytics: Creating configured Analytics provider AnalyticsET
[2015.04.17-17.10.03:557][  0]LogAnalytics: ET APIKey = Rocket.Release. APIServer = http://et2.epicgames.com/ET2/. AppVersion = 4.7.5-2503383+++depot+UE4-Releases+4.7
[2015.04.17-17.10.03:558][  0]LogAnalytics: ET APIKey = Rocket.Release. DataRouterUploadURL = https://datarouter-public-service-gamedev.ol.epicgames.net/datarouter/api/v1/public/data. AppVersion = 4.7.5-2503383+++depot+UE4-Releases+4.7
[2015.04.17-17.10.03:558][  0]LogAnalytics: SetUserId 74b1e39d4e2976022fb68eb3b801aa33|2a8e7d3158ac4c6c9c02023c01519f4e|b0df70cd-5515-45c8-92ca-c6064a1aae1c
[2015.04.17-17.10.03:558][  0]LogAnalytics: AnalyticsET::StartSession [Rocket.Release]
[2015.04.17-17.10.03:589][  0]LogInit: Transaction tracking system initialized
[2015.04.17-17.10.04:105][  0]BlueprintLog: New page: Cargar el editor
[2015.04.17-17.10.04:156][  0]LogAssetRegistry: FAssetRegistry took 0.0110 seconds to start up
[2015.04.17-17.10.04:157][  0]LogDirectoryWatcher:Warning: Failed to begin reading directory changes for ../../../Engine/Plugins/Experimental/CharacterAI/Content/. Error: 0
[2015.04.17-17.10.05:053][  0]LogTargetPlatformManager:Display: Building Assets For Windows
[2015.04.17-17.10.05:457][  0]LogTargetPlatformManager:Display: Building Assets For Windows
[2015.04.17-17.10.06:194][  0]LogSlate:Warning: Failed to load font data from '../../../Engine/Content/Editor/Slate/Fonts/Roboto-Regular.ttf'
[2015.04.17-17.10.06:195][  0]LogSlate:Warning: Failed to load font data from '../../../Engine/Content/Editor/Slate/Fonts/Roboto-Bold.ttf'
[2015.04.17-17.10.06:202][  0]LogConsoleResponse:Display: 
[2015.04.17-17.10.06:392][  0]LogCook:Display: Done creating registry. It took  0.00s.
[2015.04.17-17.10.06:768][  0]SourceControl: Información El control de código fuente está desactivado
[2015.04.17-17.10.06:769][  0]Cmd: MAP LOAD FILE="../../../Engine/Content/Maps/Templates/Template_Default.umap" TEMPLATE=1 SHOWPROGRESS=1 FEATURELEVEL=3
[2015.04.17-17.10.06:770][  0]LightingResults: New page: Diseñar la iluminación
[2015.04.17-17.10.06:782][  0]MapCheck: New page: Revisión del mapa
[2015.04.17-17.10.06:783][  0]LightingResults: New page: Diseñar la iluminación
[2015.04.17-17.10.06:791][  0]LogParticles: Destroying 0 GPU particle simulations for FXSystem 0x000000F283C33380
[2015.04.17-17.10.07:568][  0]LogEditorServer: Finished looking for orphan Actors (0.000 secs)
[2015.04.17-17.10.07:573][  0]LogAIModule: Creating AISystem for world Untitled_1
[2015.04.17-17.10.07:574][  0]Cmd: MAP CHECKDEP
[2015.04.17-17.10.07:574][  0]MapCheck: New page: Untitled_1 - 17/4/2015 21:10:07
[2015.04.17-17.10.07:652][  0]MapCheck: Información Map check complete: 0 Error(s), 0 Warning(s), took 77,882ms to complete.
[2015.04.17-17.10.07:652][  0]LogFileHelpers: Loading map 'Template_Default' took 0.883
[2015.04.17-17.10.07:806][  0]LogCollectionManager: Loaded 0 collections in 0.001833 seconds
[2015.04.17-17.10.07:818][  0]LogContentBrowser: Native class hierarchy populated in 0.0124 seconds. Added 1699 classes and 263 folders.
[2015.04.17-17.10.07:842][  0]LogContentBrowser:Verbose: The content browser source was changed by the sources view to '/Classes_Game/TowardsTheLight'
[2015.04.17-17.10.07:917][  0]LogContentBrowser: Native class hierarchy updated for 'SceneOutliner' in 0.0066 seconds. Added 1 classes and 2 folders.
[2015.04.17-17.10.08:005][  0]LogCrashTracker: Crashtracker disabled due to settings.
[2015.04.17-17.10.08:007][  0]LogSlate:Warning: Failed to load font data from 'Veranda'
[2015.04.17-17.10.08:012][  0]LogUObjectGlobals:Warning: Error al encontrar el objeto 'Class Ninguno.'
[2015.04.17-17.10.08:013][  0]LogUObjectGlobals:Warning: Error al encontrar el objeto 'Class Ninguno.'
[2015.04.17-17.10.08:044][  0]LogLoad: Full Startup: 16.72 seconds (BP compile: 0.09 seconds)
[2015.04.17-17.10.08:242][  0]LogRenderer:Warning: Reallocating scene render targets to support 1208x576 (Frame:2).
[2015.04.17-17.10.08:501][  3]LogAssetRegistry: Asset discovery search completed in 4.3565 seconds
[2015.04.17-17.10.13:076][335]LogContentBrowser:Verbose: The content browser source was changed by the sources view to '/Game/Levels'
[2015.04.17-17.10.13:834][386]Cmd: MAP LOAD FILE="../../../../../../Users/Souusek/Documents/GitHub/TowardTheLight/TowardsTheLight/Content/Levels/DevelopmentLevel.umap" TEMPLATE=0 SHOWPROGRESS=1 FEATURELEVEL=3
[2015.04.17-17.10.13:835][386]LightingResults: New page: Diseñar la iluminación
[2015.04.17-17.10.13:865][386]LoadErrors: New page: Cargando mapa: DevelopmentLevel.umap
[2015.04.17-17.10.13:866][386]MapCheck: New page: Revisión del mapa
[2015.04.17-17.10.13:866][386]LightingResults: New page: Diseñar la iluminación
[2015.04.17-17.10.13:873][386]LogParticles: Destroying 0 GPU particle simulations for FXSystem 0x000000F2FD025EE0
[2015.04.17-17.10.13:878][386]LogEditorServer: Finished looking for orphan Actors (0.000 secs)
[2015.04.17-17.10.13:881][386]LogAIModule: Creating AISystem for world DevelopmentLevel
[2015.04.17-17.10.13:916][386]Cmd: MAP CHECKDEP
[2015.04.17-17.10.13:917][386]MapCheck: New page: DevelopmentLevel - 17/4/2015 21:10:13
[2015.04.17-17.10.13:998][386]MapCheck: Información Map check complete: 0 Error(s), 0 Warning(s), took 81,039ms to complete.
[2015.04.17-17.10.13:998][386]LogFileHelpers: Loading map 'DevelopmentLevel' took 0.165
[2015.04.17-17.14.00:141][306]LogEditorActor: Deleted Actor: PlayerStart
[2015.04.17-17.14.00:156][306]LogEditorActor: Deleted 1 Actors (0.015 secs)
[2015.04.17-17.14.18:239][771]Cmd: UpdateLandscapeSetup
[2015.04.17-17.14.22:887][113]LogSavePackage: Save=22.342236ms
[2015.04.17-17.14.22:887][113]LogSavePackage: Moving '../../../../../../Users/Souusek/Documents/GitHub/TowardTheLight/TowardsTheLight/Saved/DevelopmentLevel720EE30A4BEBBEE2717EA2B78B9D3CD5.tmp' to '../../../../../../Users/Souusek/Documents/GitHub/TowardTheLight/TowardsTheLight/Content/Levels/DevelopmentLevel.umap'
[2015.04.17-17.15.16:519][524]Cmd: EDIT COPY
[2015.04.17-17.15.23:170][837]LogEditorViewport: Clicking on Actor (LMB): BP_Sky_Sphere_C (Sky Sphere)
[2015.04.17-17.15.24:785][956]Cmd: EDIT PASTE
[2015.04.17-17.16.00:466][934]LogUnrealMath: Expression Error : No value recognized
[2015.04.17-17.16.00:466][934]LogUnrealMath: Expression Error : Error in expression
[2015.04.17-17.16.00:466][934]LogUnrealMath: Expression Error : No value recognized
[2015.04.17-17.16.00:467][934]LogUnrealMath: Expression Error : Error in expression
[2015.04.17-17.16.08:027][486]Cmd: EDIT COPY
[2015.04.17-17.16.08:602][528]Cmd: EDIT PASTE
[2015.04.17-17.16.21:443][321]LogSavePackage: Save=24.398512ms
[2015.04.17-17.16.21:443][321]LogSavePackage: Moving '../../../../../../Users/Souusek/Documents/GitHub/TowardTheLight/TowardsTheLight/Saved/DevelopmentLevel61D7C15B4A4473C9D86540987EB1A522.tmp' to '../../../../../../Users/Souusek/Documents/GitHub/TowardTheLight/TowardsTheLight/Content/Levels/DevelopmentLevel.umap'
[2015.04.17-17.16.24:707][556]LogContentBrowser:Verbose: The content browser source was changed by the sources view to '/Game/Models/Character'
[2015.04.17-17.16.26:685][701]LogContentBrowser:Verbose: The content browser source was changed by the sources view to '/Classes_Game/TowardsTheLight'
[2015.04.17-17.16.27:769][782]LogEditor: Attempting to add actor of class 'OviCharacter' to level at -1550.00,-300.00,358.00
[2015.04.17-17.16.29:530][907]LogEditor: Attempting to add actor of class 'OviCharacter' to level at -798.08,-30.00,100.00
[2015.04.17-17.16.47:484][176]LogEditorViewport: Clicking on Actor (context menu): StaticMeshActor (Cube)
[2015.04.17-17.16.59:638][248]LogLinker:Warning: No puede encontrar el archivo '/Game/SideScroller/Character/SideScrollerSkeleton'
[2015.04.17-17.16.59:639][248]LogLinker:Warning: No puede encontrar el archivo para el activo '/Game/SideScroller/Character/SideScrollerSkeleton' mientras carga ../../../../../../Users/Souusek/Documents/GitHub/TowardTheLight/TowardsTheLight/Content/Models/Character/SideScrollerSkeletalMesh.uasset.
[2015.04.17-17.16.59:639][248]LoadErrors:Error: Error /Game/Models/Character/SideScrollerSkeletalMesh : No puede encontrar el archivo para el activo. /Game/SideScroller/Character/SideScrollerSkeleton
[2015.04.17-17.16.59:640][248]LogLinker:Warning: No puede encontrar el archivo '/Game/SideScroller/Character/SideScrollerSkeleton'
[2015.04.17-17.16.59:641][248]LogLinker:Warning: No puede encontrar el archivo para el activo '/Game/SideScroller/Character/SideScrollerSkeleton' mientras carga ../../../../../../Users/Souusek/Documents/GitHub/TowardTheLight/TowardsTheLight/Content/Models/Character/SideScrollerSkeletalMesh.uasset.
[2015.04.17-17.16.59:642][248]LogLinker:Warning: No puede encontrar el archivo '/Game/SideScroller/Character/SideScrollerSkeleton'
[2015.04.17-17.16.59:642][248]LoadErrors: Información Error al cargar /Game/SideScroller/Character/SideScrollerSkeleton.SideScrollerSkeleton Referenciado por SideScrollerSkeletalMesh
[2015.04.17-17.16.59:642][248]LogLinker:Warning: No puede encontrar el archivo para el activo '/Game/SideScroller/Character/SideScrollerSkeleton' mientras carga NULL.
[2015.04.17-17.17.34:920][735]LogSavePackage: Save=29.648478ms
[2015.04.17-17.17.34:920][735]LogSavePackage: Moving '../../../../../../Users/Souusek/Documents/GitHub/TowardTheLight/TowardsTheLight/Saved/DevelopmentLevel0FB4E3534311CEA08A3E7CA2CF1B794E.tmp' to '../../../../../../Users/Souusek/Documents/GitHub/TowardTheLight/TowardsTheLight/Content/Levels/DevelopmentLevel.umap'
[2015.04.17-17.18.25:144][767]LogEditorViewport: Clicking on Actor (LMB): StaticMeshActor (Cube)
[2015.04.17-17.19.54:380][489]LogSavePackage: Save=31.610874ms
[2015.04.17-17.19.54:380][489]LogSavePackage: Moving '../../../../../../Users/Souusek/Documents/GitHub/TowardTheLight/TowardsTheLight/Saved/DevelopmentLevel6018F55C4ED04B1D75AD8BA0F7168EB6.tmp' to '../../../../../../Users/Souusek/Documents/GitHub/TowardTheLight/TowardsTheLight/Content/Levels/DevelopmentLevel.umap'
[2015.04.17-17.20.01:664][ 94]LogRenderer:Warning: Reallocating scene render targets to support 1216x576 (Frame:54645).
[2015.04.17-17.20.02:601][151]LogPlayLevel: PIE:  No blueprints needed recompiling
[2015.04.17-17.20.02:602][151]PIE: New page: Sesión PIE (reproducción en el editor): DevelopmentLevel (17/4/2015 21:20:02)
[2015.04.17-17.20.02:604][151]LogPlayLevel: PIE: StaticDuplicateObject took: (0.001725s)
[2015.04.17-17.20.02:605][151]LogPlayLevel: PIE: World Init took: (0.001088s)
[2015.04.17-17.20.02:606][151]LogPlayLevel: PIE: Created PIE world by copying editor world from /Game/Levels/DevelopmentLevel.DevelopmentLevel to /Game/Levels/UEDPIE_0_DevelopmentLevel.DevelopmentLevel (0.003733s)
[2015.04.17-17.20.02:665][151]LogWorld: Game class is 'MyGameMode'
[2015.04.17-17.20.02:678][151]LogAIModule: Creating AISystem for world DevelopmentLevel
[2015.04.17-17.20.02:681][151]LogWorld: Bringing World /Game/Levels/UEDPIE_0_DevelopmentLevel.DevelopmentLevel up for play (max tick rate 0) at 2015.04.17-19.20.02
[2015.04.17-17.20.02:683][151]LogWorld: Bringing up level for play took: 0.004224
[2015.04.17-17.20.02:693][151]PIE: Información Tiempo de inicio de la reproducción en el editor para  /Game/Levels/UEDPIE_0_DevelopmentLevel -0,329
[2015.04.17-17.20.04:805][335]LogParticles: Destroying 0 GPU particle simulations for FXSystem 0x000000F2917F77E0
[2015.04.17-17.21.10:020][204]LogSavePackage: Save=30.841734ms
[2015.04.17-17.21.10:021][204]LogSavePackage: Moving '../../../../../../Users/Souusek/Documents/GitHub/TowardTheLight/TowardsTheLight/Saved/DevelopmentLevelFA1145CD40B2F22DD77984A93F6BB1CC.tmp' to '../../../../../../Users/Souusek/Documents/GitHub/TowardTheLight/TowardsTheLight/Content/Levels/DevelopmentLevel.umap'
[2015.04.17-17.21.11:261][287]LogPlayLevel: PIE:  No blueprints needed recompiling
[2015.04.17-17.21.11:261][287]PIE: New page: Sesión PIE (reproducción en el editor): DevelopmentLevel (17/4/2015 21:21:11)
[2015.04.17-17.21.11:264][287]LogPlayLevel: PIE: StaticDuplicateObject took: (0.001757s)
[2015.04.17-17.21.11:265][287]LogPlayLevel: PIE: World Init took: (0.000861s)
[2015.04.17-17.21.11:266][287]LogPlayLevel: PIE: Created PIE world by copying editor world from /Game/Levels/DevelopmentLevel.DevelopmentLevel to /Game/Levels/UEDPIE_0_DevelopmentLevel.DevelopmentLevel (0.003625s)
[2015.04.17-17.21.11:301][287]LogWorld: Game class is 'MyGameMode'
[2015.04.17-17.21.11:303][287]LogAIModule: Creating AISystem for world DevelopmentLevel
[2015.04.17-17.21.11:307][287]LogWorld: Bringing World /Game/Levels/UEDPIE_0_DevelopmentLevel.DevelopmentLevel up for play (max tick rate 0) at 2015.04.17-19.21.11
[2015.04.17-17.21.11:307][287]LogWorld: Bringing up level for play took: 0.003828
[2015.04.17-17.21.11:312][287]PIE: Información Tiempo de inicio de la reproducción en el editor para  /Game/Levels/UEDPIE_0_DevelopmentLevel 0,289
[2015.04.17-17.21.27:375][806]LogParticles: Destroying 0 GPU particle simulations for FXSystem 0x000000F2923FAC00
[2015.04.17-17.21.42:604][908]LogSavePackage: Save=31.733128ms
[2015.04.17-17.21.42:604][908]LogSavePackage: Moving '../../../../../../Users/Souusek/Documents/GitHub/TowardTheLight/TowardsTheLight/Saved/DevelopmentLevel0497DC144EBB7C88A0FC70A61AE7EC37.tmp' to '../../../../../../Users/Souusek/Documents/GitHub/TowardTheLight/TowardsTheLight/Content/Levels/DevelopmentLevel.umap'
[2015.04.17-17.21.43:204][950]LogPlayLevel: PIE:  No blueprints needed recompiling
[2015.04.17-17.21.43:204][950]PIE: New page: Sesión PIE (reproducción en el editor): DevelopmentLevel (17/4/2015 21:21:43)
[2015.04.17-17.21.43:207][950]LogPlayLevel: PIE: StaticDuplicateObject took: (0.001826s)
[2015.04.17-17.21.43:208][950]LogPlayLevel: PIE: World Init took: (0.000586s)
[2015.04.17-17.21.43:208][950]LogPlayLevel: PIE: Created PIE world by copying editor world from /Game/Levels/DevelopmentLevel.DevelopmentLevel to /Game/Levels/UEDPIE_0_DevelopmentLevel.DevelopmentLevel (0.003187s)
[2015.04.17-17.21.43:244][950]LogWorld: Game class is 'MyGameMode'
[2015.04.17-17.21.43:247][950]LogAIModule: Creating AISystem for world DevelopmentLevel
[2015.04.17-17.21.43:250][950]LogWorld: Bringing World /Game/Levels/UEDPIE_0_DevelopmentLevel.DevelopmentLevel up for play (max tick rate 0) at 2015.04.17-19.21.43
[2015.04.17-17.21.43:251][950]LogWorld: Bringing up level for play took: 0.003781
[2015.04.17-17.21.43:253][950]PIE: Información Tiempo de inicio de la reproducción en el editor para  /Game/Levels/UEDPIE_0_DevelopmentLevel 0,231
[2015.04.17-17.21.55:915][137]LogParticles: Destroying 0 GPU particle simulations for FXSystem 0x000000F2FCF6DD00
[2015.04.17-17.22.03:278][627]Cmd: QUIT_EDITOR
[2015.04.17-17.22.03:579][627]LogExit: Preparing to exit.
[2015.04.17-17.22.04:501][627]LogExit: Editor shut down
[2015.04.17-17.22.04:502][627]LogExit: Transaction tracking system shut down
[2015.04.17-17.22.04:504][627]LogParticles: Destroying 0 GPU particle simulations for FXSystem 0x000000F2890E7A60
[2015.04.17-17.22.04:504][627]LogParticles: Destroying 0 GPU particle simulations for FXSystem 0x000000F2FB7AD120
[2015.04.17-17.22.04:505][627]LogParticles: Destroying 0 GPU particle simulations for FXSystem 0x000000F2FB75E200
[2015.04.17-17.22.04:505][627]LogParticles: Destroying 0 GPU particle simulations for FXSystem 0x000000F288F5BE20
[2015.04.17-17.22.04:506][627]LogParticles: Destroying 0 GPU particle simulations for FXSystem 0x000000F288005B20
[2015.04.17-17.22.04:560][627]LogParticles: Destroying 0 GPU particle simulations for FXSystem 0x000000F2917F5A80
[2015.04.17-17.22.04:560][627]LogExit: Object subsystem successfully closed.
[2015.04.17-17.22.04:633][627]LogModuleManager: Shutting down and abandoning module ExternalImagePicker (179)
[2015.04.17-17.22.04:633][627]LogModuleManager: Shutting down and abandoning module CrashTracker (178)
[2015.04.17-17.22.04:634][627]LogModuleManager: Shutting down and abandoning module SuperSearch (177)
[2015.04.17-17.22.04:634][627]LogModuleManager: Shutting down and abandoning module SceneOutliner (176)
[2015.04.17-17.22.04:634][627]LogModuleManager: Shutting down and abandoning module EditorWidgets (175)
[2015.04.17-17.22.04:635][627]LogModuleManager: Shutting down and abandoning module CollectionManager (174)
[2015.04.17-17.22.04:635][627]LogModuleManager: Shutting down and abandoning module StatsViewer (173)
[2015.04.17-17.22.04:635][627]LogModuleManager: Shutting down and abandoning module FoliageEdit (172)
[2015.04.17-17.22.04:636][627]LogModuleManager: Shutting down and abandoning module LandscapeEditor (171)
[2015.04.17-17.22.04:636][627]LogModuleManager: Shutting down and abandoning module MeshPaint (170)
[2015.04.17-17.22.04:636][627]LogModuleManager: Shutting down and abandoning module ActorPickerMode (169)
[2015.04.17-17.22.04:637][627]LogModuleManager: Shutting down and abandoning module GeometryMode (168)
[2015.04.17-17.22.04:637][627]LogModuleManager: Shutting down and abandoning module TextureAlignMode (167)
[2015.04.17-17.22.04:637][627]LogModuleManager: Shutting down and abandoning module BspMode (166)
[2015.04.17-17.22.04:638][627]LogModuleManager: Shutting down and abandoning module PlacementMode (165)
[2015.04.17-17.22.04:638][627]LogModuleManager: Shutting down and abandoning module AutomationWorker (164)
[2015.04.17-17.22.04:638][627]LogModuleManager: Shutting down and abandoning module CharacterAI (163)
[2015.04.17-17.22.04:639][627]LogModuleManager: Shutting down and abandoning module SmartSnapping (162)
[2015.04.17-17.22.04:639][627]LogModuleManager: Shutting down and abandoning module ViewportSnapping (161)
[2015.04.17-17.22.04:639][627]LogModuleManager: Shutting down and abandoning module LogVisualizer (160)
[2015.04.17-17.22.04:640][627]LogModuleManager: Shutting down and abandoning module GameProjectGeneration (159)
[2015.04.17-17.22.04:640][627]LogModuleManager: Shutting down and abandoning module IntroTutorials (158)
[2015.04.17-17.22.04:640][627]LogModuleManager: Shutting down and abandoning module EditorLiveStreaming (157)
[2015.04.17-17.22.04:641][627]LogModuleManager: Shutting down and abandoning module HardwareTargeting (156)
[2015.04.17-17.22.04:641][627]LogModuleManager: Shutting down and abandoning module DeviceProfileEditor (155)
[2015.04.17-17.22.04:641][627]LogModuleManager: Shutting down and abandoning module UndoHistory (154)
[2015.04.17-17.22.04:642][627]LogModuleManager: Shutting down and abandoning module GameplayTagsEditor (153)
[2015.04.17-17.22.04:642][627]LogModuleManager: Shutting down and abandoning module UserFeedback (152)
[2015.04.17-17.22.04:642][627]LogModuleManager: Shutting down and abandoning module XmlParser (151)
[2015.04.17-17.22.04:643][627]LogModuleManager: Shutting down and abandoning module Blutility (150)
[2015.04.17-17.22.04:643][627]LogModuleManager: Shutting down and abandoning module IOSPlatformEditor (149)
[2015.04.17-17.22.04:643][627]LogModuleManager: Shutting down and abandoning module IOSRuntimeSettings (148)
[2015.04.17-17.22.04:644][627]LogModuleManager: Shutting down and abandoning module AndroidDeviceDetection (147)
[2015.04.17-17.22.05:610][627]LogModuleManager: Shutting down and abandoning module AndroidPlatformEditor (146)
[2015.04.17-17.22.05:610][627]LogModuleManager: Shutting down and abandoning module AndroidRuntimeSettings (145)
[2015.04.17-17.22.05:611][627]LogModuleManager: Shutting down and abandoning module ProjectTargetPlatformEditor (144)
[2015.04.17-17.22.05:612][627]LogModuleManager: Shutting down and abandoning module ProjectSettingsViewer (143)
[2015.04.17-17.22.05:612][627]LogModuleManager: Shutting down and abandoning module InputBindingEditor (142)
[2015.04.17-17.22.05:613][627]LogModuleManager: Shutting down and abandoning module EditorSettingsViewer (141)
[2015.04.17-17.22.05:614][627]LogModuleManager: Shutting down and abandoning module SettingsEditor (140)
[2015.04.17-17.22.05:614][627]LogModuleManager: Shutting down and abandoning module ProjectLauncher (139)
[2015.04.17-17.22.05:615][627]LogModuleManager: Shutting down and abandoning module SessionFrontend (138)
[2015.04.17-17.22.05:615][627]LogModuleManager: Shutting down and abandoning module ProfilerClient (137)
[2015.04.17-17.22.05:616][627]LogModuleManager: Shutting down and abandoning module TargetDeviceServices (136)
[2015.04.17-17.22.05:616][627]LogModuleManager: Shutting down and abandoning module DeviceManager (135)
[2015.04.17-17.22.05:617][627]LogModuleManager: Shutting down and abandoning module AutomationController (134)
[2015.04.17-17.22.05:618][627]LogModuleManager: Shutting down and abandoning module AutomationWindow (133)
[2015.04.17-17.22.05:618][627]LogModuleManager: Shutting down and abandoning module Layers (132)
[2015.04.17-17.22.05:619][627]LogModuleManager: Shutting down and abandoning module ComponentVisualizers (131)
[2015.04.17-17.22.05:619][627]LogModuleManager: Shutting down and abandoning module DetailCustomizations (130)
[2015.04.17-17.22.05:620][627]LogModuleManager: Shutting down and abandoning module PackagesDialog (129)
[2015.04.17-17.22.05:620][627]LogModuleManager: Shutting down and abandoning module AssetRegistry (128)
[2015.04.17-17.22.05:666][627]LogModuleManager: Shutting down and abandoning module Persona (127)
[2015.04.17-17.22.05:666][627]LogModuleManager: Shutting down and abandoning module SlateReflector (126)
[2015.04.17-17.22.05:667][627]LogModuleManager: Shutting down and abandoning module LevelEditor (125)
[2015.04.17-17.22.05:668][627]LogModuleManager: Shutting down and abandoning module Kismet (124)
[2015.04.17-17.22.05:669][627]LogModuleManager: Shutting down and abandoning module GraphEditor (123)
[2015.04.17-17.22.05:669][627]LogModuleManager: Shutting down and abandoning module ClassViewer (122)
[2015.04.17-17.22.05:669][627]LogModuleManager: Shutting down and abandoning module Toolbox (121)
[2015.04.17-17.22.05:670][627]LogModuleManager: Shutting down and abandoning module ModuleUI (120)
[2015.04.17-17.22.05:670][627]LogModuleManager: Shutting down and abandoning module MovieSceneTools (119)
[2015.04.17-17.22.05:671][627]LogModuleManager: Shutting down and abandoning module OutputLog (118)
[2015.04.17-17.22.05:671][627]LogModuleManager: Shutting down and abandoning module GammaUI (117)
[2015.04.17-17.22.05:671][627]LogModuleManager: Shutting down and abandoning module Documentation (116)
[2015.04.17-17.22.05:672][627]LogModuleManager: Shutting down and abandoning module GameLiveStreaming (115)
[2015.04.17-17.22.05:672][627]LogModuleManager: Shutting down and abandoning module StreamingPauseRendering (114)
[2015.04.17-17.22.05:673][627]LogModuleManager: Shutting down and abandoning module HTTP (113)
[2015.04.17-17.22.05:673][627]LogModuleManager: Shutting down and abandoning module AnalyticsET (112)
[2015.04.17-17.22.05:673][627]LogModuleManager: Shutting down and abandoning module Analytics (111)
[2015.04.17-17.22.05:674][627]LogModuleManager: Shutting down and abandoning module AITestSuite (110)
[2015.04.17-17.22.05:674][627]LogModuleManager: Shutting down and abandoning module GameplayDebugger (109)
[2015.04.17-17.22.05:675][627]LogModuleManager: Shutting down and abandoning module AIModule (108)
[2015.04.17-17.22.05:675][627]LogModuleManager: Shutting down and abandoning module ProfilerService (107)
[2015.04.17-17.22.05:724][627]LogModuleManager: Shutting down and abandoning module TaskGraph (106)
[2015.04.17-17.22.05:725][627]LogModuleManager: Shutting down and abandoning module SlateRemote (105)
[2015.04.17-17.22.05:725][627]LogModuleManager: Shutting down and abandoning module ScriptEditorPlugin (104)
[2015.04.17-17.22.05:726][627]LogModuleManager: Shutting down and abandoning module CustomMeshComponent (103)
[2015.04.17-17.22.05:726][627]LogModuleManager: Shutting down and abandoning module CableComponent (102)
[2015.04.17-17.22.05:726][627]LogModuleManager: Shutting down and abandoning module MessagingDebugger (101)
[2015.04.17-17.22.05:727][627]LogModuleManager: Shutting down and abandoning module MediaPlayerEditor (100)
[2015.04.17-17.22.05:727][627]LogModuleManager: Shutting down and abandoning module SpeedTreeImporter (99)
[2015.04.17-17.22.05:728][627]LogModuleManager: Shutting down and abandoning module PluginsEditor (98)
[2015.04.17-17.22.05:728][627]LogModuleManager: Shutting down and abandoning module MainFrame (97)
[2015.04.17-17.22.05:728][627]LogModuleManager: Shutting down and abandoning module EpicSurvey (96)
[2015.04.17-17.22.05:729][627]LogModuleManager: Shutting down and abandoning module DesktopPlatform (95)
[2015.04.17-17.22.05:729][627]LogModuleManager: Shutting down and abandoning module DirectoryWatcher (94)
[2015.04.17-17.22.05:730][627]LogModuleManager: Shutting down and abandoning module HotReload (93)
[2015.04.17-17.22.05:731][627]LogModuleManager: Shutting down and abandoning module VisualStudioSourceCodeAccess (92)
[2015.04.17-17.22.05:731][627]LogModuleManager: Shutting down and abandoning module UObjectPlugin (91)
[2015.04.17-17.22.05:731][627]LogModuleManager: Shutting down and abandoning module SubversionSourceControl (90)
[2015.04.17-17.22.05:732][627]LogModuleManager: Shutting down and abandoning module PerforceSourceControl (89)
[2015.04.17-17.22.05:732][627]LogModuleManager: Shutting down and abandoning module SourceControl (88)
[2015.04.17-17.22.05:732][627]LogModuleManager: Shutting down and abandoning module GitSourceControl (87)
[2015.04.17-17.22.05:733][627]LogModuleManager: Shutting down and abandoning module BlankPlugin (86)
[2015.04.17-17.22.05:733][627]LogModuleManager: Shutting down and abandoning module PaperTiledImporter (85)
[2015.04.17-17.22.05:733][627]LogModuleManager: Shutting down and abandoning module PaperJsonImporter (84)
[2015.04.17-17.22.05:734][627]LogModuleManager: Shutting down and abandoning module ContentBrowser (83)
[2015.04.17-17.22.05:735][627]LogModuleManager: Shutting down and abandoning module Paper2DEditor (82)
[2015.04.17-17.22.05:735][627]LogModuleManager: Shutting down and abandoning module TowardsTheLight (81)
[2015.04.17-17.22.05:735][627]LogModuleManager: Shutting down and abandoning module ScriptPlugin (80)
[2015.04.17-17.22.05:736][627]LogModuleManager: Shutting down and abandoning module UdpMessaging (79)
[2015.04.17-17.22.05:837][627]LogModuleManager: Shutting down and abandoning module Paper2D (78)
[2015.04.17-17.22.05:837][627]LogModuleManager: Shutting down and abandoning module WindowsMoviePlayer (77)
[2015.04.17-17.22.05:837][627]LogModuleManager: Shutting down and abandoning module Media (76)
[2015.04.17-17.22.05:838][627]LogModuleManager: Shutting down and abandoning module WmfMedia (75)
[2015.04.17-17.22.05:838][627]LogModuleManager: Shutting down and abandoning module OnlineBlueprintSupport (74)
[2015.04.17-17.22.05:838][627]LogModuleManager: Shutting down and abandoning module PropertyEditor (73)
[2015.04.17-17.22.05:839][627]LogModuleManager: Shutting down and abandoning module BehaviorTreeEditor (72)
[2015.04.17-17.22.05:839][627]LogModuleManager: Shutting down and abandoning module FunctionalTesting (71)
[2015.04.17-17.22.05:839][627]LogModuleManager: Shutting down and abandoning module CollisionAnalyzer (70)
[2015.04.17-17.22.05:840][627]LogModuleManager: Shutting down and abandoning module WorkspaceMenuStructure (69)
[2015.04.17-17.22.05:840][627]LogModuleManager: Shutting down and abandoning module MessageLog (68)
[2015.04.17-17.22.05:840][627]LogModuleManager: Shutting down and abandoning module Sequencer (67)
[2015.04.17-17.22.05:841][627]LogModuleManager: Shutting down and abandoning module AssetTools (66)
[2015.04.17-17.22.05:841][627]LogModuleManager: Shutting down and abandoning module UMGEditor (65)
[2015.04.17-17.22.05:841][627]LogModuleManager: Shutting down and abandoning module UMG (64)
[2015.04.17-17.22.05:841][627]LogModuleManager: Shutting down and abandoning module Slate (63)
[2015.04.17-17.22.05:842][627]LogModuleManager: Shutting down and abandoning module EditorStyle (62)
[2015.04.17-17.22.05:847][627]LogModuleManager: Shutting down and abandoning module SessionServices (61)
[2015.04.17-17.22.05:847][627]LogModuleManager: Shutting down and abandoning module SourceCodeAccess (60)
[2015.04.17-17.22.05:848][627]LogModuleManager: Shutting down and abandoning module HeadMountedDisplay (59)
[2015.04.17-17.22.05:848][627]LogModuleManager: Shutting down and abandoning module XAudio2 (58)
[2015.04.17-17.22.05:848][627]LogModuleManager: Shutting down and abandoning module Networking (56)
[2015.04.17-17.22.05:849][627]LogModuleManager: Shutting down and abandoning module Core (55)
[2015.04.17-17.22.05:849][627]LogModuleManager: Shutting down and abandoning module KismetCompiler (54)
[2015.04.17-17.22.05:849][627]LogModuleManager: Shutting down and abandoning module PhysXFormats (53)
[2015.04.17-17.22.05:850][627]LogModuleManager: Shutting down and abandoning module MeshUtilities (52)
[2015.04.17-17.22.05:850][627]LogModuleManager: Shutting down and abandoning module DerivedDataCache (51)
[2015.04.17-17.22.05:906][627]LogDerivedDataCache: Shutdown
[2015.04.17-17.22.05:907][627]LogModuleManager: Shutting down and abandoning module ShaderFormatOpenGL (50)
[2015.04.17-17.22.05:907][627]LogModuleManager: Shutting down and abandoning module ShaderFormatD3D (49)
[2015.04.17-17.22.05:907][627]LogModuleManager: Shutting down and abandoning module MetalShaderFormat (48)
[2015.04.17-17.22.05:908][627]LogModuleManager: Shutting down and abandoning module TextureFormatUncompressed (47)
[2015.04.17-17.22.05:908][627]LogModuleManager: Shutting down and abandoning module TextureFormatPVR (46)
[2015.04.17-17.22.05:908][627]LogModuleManager: Shutting down and abandoning module TextureFormatIntelISPCTexComp (45)
[2015.04.17-17.22.05:908][627]LogModuleManager: Shutting down and abandoning module TextureFormatDXT (44)
[2015.04.17-17.22.05:909][627]LogModuleManager: Shutting down and abandoning module ImageWrapper (43)
[2015.04.17-17.22.05:909][627]LogModuleManager: Shutting down and abandoning module TextureFormatASTC (42)
[2015.04.17-17.22.05:909][627]LogModuleManager: Shutting down and abandoning module TextureFormatAndroid (41)
[2015.04.17-17.22.05:910][627]LogModuleManager: Shutting down and abandoning module AudioFormatOpus (40)
[2015.04.17-17.22.05:910][627]LogModuleManager: Shutting down and abandoning module AudioFormatOgg (39)
[2015.04.17-17.22.05:910][627]LogModuleManager: Shutting down and abandoning module AudioFormatADPCM (38)
[2015.04.17-17.22.05:911][627]LogModuleManager: Shutting down and abandoning module LinuxTargetPlatform (37)
[2015.04.17-17.22.05:911][627]LogModuleManager: Shutting down and abandoning module LinuxServerTargetPlatform (36)
[2015.04.17-17.22.05:911][627]LogModuleManager: Shutting down and abandoning module LinuxNoEditorTargetPlatform (35)
[2015.04.17-17.22.05:911][627]LogModuleManager: Shutting down and abandoning module Messaging (34)
[2015.04.17-17.22.05:912][627]LogModuleManager: Shutting down and abandoning module IOSTargetPlatform (33)
[2015.04.17-17.22.05:912][627]LogModuleManager: Shutting down and abandoning module HTML5TargetPlatform (32)
[2015.04.17-17.22.05:912][627]LogModuleManager: Shutting down and abandoning module Android_PVRTCTargetPlatform (31)
[2015.04.17-17.22.05:913][627]LogModuleManager: Shutting down and abandoning module Android_ETC2TargetPlatform (30)
[2015.04.17-17.22.05:913][627]LogModuleManager: Shutting down and abandoning module Android_ETC1TargetPlatform (29)
[2015.04.17-17.22.05:913][627]LogModuleManager: Shutting down and abandoning module Android_ES31TargetPlatform (28)
[2015.04.17-17.22.05:914][627]LogModuleManager: Shutting down and abandoning module Android_DXTTargetPlatform (27)
[2015.04.17-17.22.05:914][627]LogModuleManager: Shutting down and abandoning module Android_ATCTargetPlatform (26)
[2015.04.17-17.22.05:914][627]LogModuleManager: Shutting down and abandoning module AndroidTargetPlatform (25)
[2015.04.17-17.22.05:914][627]LogModuleManager: Shutting down and abandoning module WindowsTargetPlatform (24)
[2015.04.17-17.22.05:915][627]LogModuleManager: Shutting down and abandoning module WindowsServerTargetPlatform (23)
[2015.04.17-17.22.05:915][627]LogModuleManager: Shutting down and abandoning module WindowsNoEditorTargetPlatform (22)
[2015.04.17-17.22.05:915][627]LogModuleManager: Shutting down and abandoning module WindowsClientTargetPlatform (21)
[2015.04.17-17.22.05:916][627]LogModuleManager: Shutting down and abandoning module TargetPlatform (20)
[2015.04.17-17.22.05:916][627]LogModuleManager: Shutting down and abandoning module InputCore (19)
[2015.04.17-17.22.05:916][627]LogModuleManager: Shutting down and abandoning module Settings (18)
[2015.04.17-17.22.05:917][627]LogModuleManager: Shutting down and abandoning module OnlineSubsystem (16)
[2015.04.17-17.22.05:917][627]LogModuleManager: Shutting down and abandoning module OculusRift (15)
[2015.04.17-17.22.05:917][627]LogModuleManager: Shutting down and abandoning module ExampleDeviceProfileSelector (14)
[2015.04.17-17.22.05:917][627]LogModuleManager: Shutting down and abandoning module TextureCompressor (13)
[2015.04.17-17.22.05:918][627]LogModuleManager: Shutting down and abandoning module ShaderCore (12)
[2015.04.17-17.22.05:918][627]LogModuleManager: Shutting down and abandoning module Landscape (11)
[2015.04.17-17.22.05:919][627]LogModuleManager: Shutting down and abandoning module SlateRHIRenderer (10)
[2015.04.17-17.22.05:922][627]LogModuleManager: Shutting down and abandoning module OpenGLDrv (9)
[2015.04.17-17.22.05:923][627]LogModuleManager: Shutting down and abandoning module D3D11RHI (8)
[2015.04.17-17.22.05:923][627]LogModuleManager: Shutting down and abandoning module Renderer (7)
[2015.04.17-17.22.05:923][627]LogModuleManager: Shutting down and abandoning module Engine (6)
[2015.04.17-17.22.05:924][627]LogModuleManager: Shutting down and abandoning module CoreUObject (5)
[2015.04.17-17.22.05:924][627]LogModuleManager: Shutting down and abandoning module NetworkFile (4)
[2015.04.17-17.22.05:924][627]LogModuleManager: Shutting down and abandoning module StreamingFile (3)
[2015.04.17-17.22.05:924][627]LogModuleManager: Shutting down and abandoning module SandboxFile (2)
[2015.04.17-17.22.05:925][627]LogModuleManager: Shutting down and abandoning module PakFile (1)
[2015.04.17-17.22.05:928][627]LogExit: Exiting.
[2015.04.17-17.22.05:950][627]Log file closed, 04/17/15 19:22:05
