Log file open, 04/17/15 22:00:32
LogInit:Display: Running engine for game: TowardsTheLight
LogInit:Warning: Incompatible or missing module: UE4Editor-TowardsTheLight.dll
Running C:/Program Files/Epic Games/4.7/Engine/Binaries/DotNET/UnrealBuildTool.exe TowardsTheLight Development Win64 -project="D:/master_videojuegos/proyecto/TowardTheLight/TowardsTheLight/TowardsTheLight.uproject" -rocket -editorrecompile -progress
Parsing headers for TowardsTheLightEditor
Reflection code generated for TowardsTheLightEditor
Performing 9 actions (4 in parallel)
[3/9] Resource TowardsTheLight.rc
[2/9] Resource ModuleVersionResource.rc.inl
PCH.TowardsTheLight.TowardsTheLight.h.cpp
TowardsTheLight.generated.cpp
MyGameMode.cpp
OviCharacter.cpp
TowardsTheLightGameMode.cpp
TowardsTheLight.cpp
[9/9] Link UE4Editor-TowardsTheLight.dll
   Creando biblioteca D:\master_videojuegos\proyecto\TowardTheLight\TowardsTheLight\Intermediate\Build\Win64\TowardsTheLightEditor\Development\UE4Editor-TowardsTheLight.lib y objeto D:\master_videojuegos\proyecto\TowardTheLight\TowardsTheLight\Intermediate\Build\Win64\TowardsTheLightEditor\Development\UE4Editor-TowardsTheLight.exp
-------- End Detailed Actions Stats -----------------------------------------------------------
Cumulative action seconds (8 processors): 0,00 building projects, 34,75 compiling, 0,00 creating app bundles, 0,00 generating debug info, 0,89 linking, 0,00 other
UBT execution time: 44,25 seconds
LogInit: Version: 4.7.5-2503383+++depot+UE4-Releases+4.7
LogInit: API Version: 2455222
LogInit: Compiled (64-bit): Apr  6 2015 23:21:51
LogInit: Compiled with Visual C++: 18.00.21005.01
LogInit: Build Configuration: Development
LogInit: Branch Name: ++depot+UE4-Releases+4.7
LogInit: Command line:  
LogInit: Base directory: C:/Program Files/Epic Games/4.7/Engine/Binaries/Win64/
LogInit: Rocket: 1
[2015.04.17-20.01.24:007][  0]LogTaskGraph: Started task graph with 3 named threads and 6 total threads.
[2015.04.17-20.01.24:099][  0]LogOnline:Warning: No default platform service specified for OnlineSubsystem
[2015.04.17-20.01.24:142][  0]LogInit: Presizing for 0 objects not considered by GC, pre-allocating 0 bytes.
[2015.04.17-20.01.24:150][  0]LogInit: Object subsystem initialized
[2015.04.17-20.01.24:152][  0]LogConsoleResponse:Warning: Skipping Unknown console variable: 'TranslucentSortAxis = (X=0.000000,Y=-1.000000,Z=0.000000)'
[2015.04.17-20.01.24:152][  0]LogConsoleResponse:Warning:   Found in ini file 'D:/master_videojuegos/proyecto/TowardTheLight/TowardsTheLight/Saved/Config/Windows/Engine.ini', in section '[/Script/Engine.RendererSettings]'
[2015.04.17-20.01.24:152][  0]LogConsoleResponse:Warning: Skipping Unknown console variable: 'UIScaleRule = ShortestSide'
[2015.04.17-20.01.24:152][  0]LogConsoleResponse:Warning:   Found in ini file 'D:/master_videojuegos/proyecto/TowardTheLight/TowardsTheLight/Saved/Config/Windows/Engine.ini', in section '[/Script/Engine.RendererSettings]'
[2015.04.17-20.01.24:152][  0]LogConsoleResponse:Warning: Skipping Unknown console variable: 'UIScaleCurve = (EditorCurveData=(Keys=),ExternalCurve=None)'
[2015.04.17-20.01.24:152][  0]LogConsoleResponse:Warning:   Found in ini file 'D:/master_videojuegos/proyecto/TowardTheLight/TowardsTheLight/Saved/Config/Windows/Engine.ini', in section '[/Script/Engine.RendererSettings]'
[2015.04.17-20.01.24:152][  0]LogInit: Selected Device Profile: [Windows]
[2015.04.17-20.01.24:152][  0]LogInit: Applying CVar settings loaded from the selected device profile: [Windows]
[2015.04.17-20.01.24:157][  0]LogInit: Computer: MCRUZ
[2015.04.17-20.01.24:157][  0]LogInit: User: ManuelCruz
[2015.04.17-20.01.24:157][  0]LogInit: CPU Page size=4096, Cores=4
[2015.04.17-20.01.24:157][  0]LogInit: High frequency timer resolution =2.435774 MHz
[2015.04.17-20.01.24:157][  0]LogMemory: Memory total: Physical=7.9GB (8GB approx) Virtual=131072.0GB
[2015.04.17-20.01.24:158][  0]LogMemory: Platform Memory Stats for Windows
[2015.04.17-20.01.24:158][  0]LogMemory: Process Physical Memory: 48.46 MB used, 48.46 MB peak
[2015.04.17-20.01.24:158][  0]LogMemory: Process Virtual Memory: 22.75 MB used, 22.75 MB peak
[2015.04.17-20.01.24:158][  0]LogMemory: Physical Memory: 2751.59 MB used, 8111.30 MB total
[2015.04.17-20.01.24:158][  0]LogMemory: Virtual Memory: 307.34 MB used, 134217728.00 MB total
[2015.04.17-20.01.24:445][  0]LogD3D11RHI: Found D3D11 adapter 0: NVIDIA GeForce GTX 860M   (Feature Level 11_0)
[2015.04.17-20.01.24:445][  0]LogD3D11RHI: Adapter has 1972MB of dedicated video memory, 0MB of dedicated system memory, and 2048MB of shared system memory, 1 output[s]
[2015.04.17-20.01.24:485][  0]LogD3D11RHI: Found D3D11 adapter 1: Intel(R) HD Graphics 4600 (Feature Level 11_0)
[2015.04.17-20.01.24:485][  0]LogD3D11RHI: Adapter has 0MB of dedicated video memory, 0MB of dedicated system memory, and 1792MB of shared system memory, 0 output[s]
[2015.04.17-20.01.24:487][  0]LogD3D11RHI: Found D3D11 adapter 2: Microsoft Basic Render Driver (Feature Level 11_0)
[2015.04.17-20.01.24:487][  0]LogD3D11RHI: Adapter has 0MB of dedicated video memory, 0MB of dedicated system memory, and 256MB of shared system memory, 0 output[s]
[2015.04.17-20.01.24:487][  0]LogD3D11RHI: Chosen D3D11 Adapter Id = 0
[2015.04.17-20.01.24:492][  0]LogRHI: Texture pool is 1361 MB (70% of 1945 MB)
[2015.04.17-20.01.24:505][  0]LogD3D11RHI: Async texture creation enabled
[2015.04.17-20.01.24:797][  0]LogTextLocalizationManager: The requested culture ('es_ES') has no localization data; parent culture's ('es') localization data will be used.
[2015.04.17-20.01.24:833][  0]LogTextLocalizationManager:Warning: Loading localization resources contain conflicting entries for (Namespace:ContentBrowser, Key:ImportAssetToolTip):
Resource: (C:/Program Files/Epic Games/4.7/Engine/Content/Localization/Editor/es/Editor.locres) Hash: (-630476809) String: (Importar a {0}...)
Resource: (C:/Program Files/Epic Games/4.7/Engine/Content/Localization/Editor/es/Editor.locres) Hash: (1271782899) String: (Importa un activo desde el archivo a esta carpeta.)
[2015.04.17-20.01.24:881][  0]LogContentStreaming: Texture pool size is 0.000000MB
[2015.04.17-20.01.27:501][  0]LogTargetPlatformManager:Display: Building Assets For Windows
[2015.04.17-20.01.28:381][  0]LogTargetPlatformManager:Display: Building Assets For Windows
[2015.04.17-20.01.28:481][  0]LogDerivedDataCache:Display: Max Cache Size: 512 MB
[2015.04.17-20.01.28:526][  0]LogDerivedDataCache: Loaded boot cache 0.04s 40MB C:/Users/Manuel Cruz/AppData/Local/UnrealEngine/4.7/DerivedDataCache/Boot.ddc.
[2015.04.17-20.01.28:526][  0]LogDerivedDataCache:Display: Loaded Boot cache: C:/Users/Manuel Cruz/AppData/Local/UnrealEngine/4.7/DerivedDataCache/Boot.ddc
[2015.04.17-20.01.28:526][  0]LogDerivedDataCache: FDerivedDataBackendGraph:  Pak pak cache file D:/master_videojuegos/proyecto/TowardTheLight/TowardsTheLight/DerivedDataCache/DDC.ddp not found, will not use a pak cache.
[2015.04.17-20.01.28:526][  0]LogDerivedDataCache: Unable to find inner node Pak for hierarchical cache Hierarchy.
[2015.04.17-20.01.28:629][  0]LogDerivedDataCache:Display: Pak cache opened for reading ../../../Engine/DerivedDataCache/Compressed.ddp.
[2015.04.17-20.01.28:642][  0]LogDerivedDataCache: Using Local data cache path C:/Users/Manuel Cruz/AppData/Local/UnrealEngine/Common/DerivedDataCache: Writable
[2015.04.17-20.01.30:371][  0]LogMeshUtilities: No automatic mesh reduction module available
[2015.04.17-20.01.30:371][  0]LogMeshUtilities: No automatic mesh merging module available
[2015.04.17-20.01.30:837][  0]LogInit: WinSock: version 1.1 (2.2), MaxSocks=32767, MaxUdp=65467
[2015.04.17-20.01.31:106][  0]LogSlate:Warning: Failed to load font data from '../../../Engine/Content/Slate/Fonts/Roboto-Italic.ttf'
[2015.04.17-20.01.47:639][  0]UdpMessaging: Initializing bridge on interface 0.0.0.0:0 to multicast group 230.0.0.1:6666.
[2015.04.17-20.01.48:793][  0]SourceControl: Información El control de código fuente está desactivado
[2015.04.17-20.01.48:793][  0]SourceControl: Información El control de código fuente está desactivado
[2015.04.17-20.01.48:793][  0]SourceControl: Información El control de código fuente está desactivado
[2015.04.17-20.01.48:793][  0]LogSourceControl: RunCommandInternalRaw: 'git version'
[2015.04.17-20.01.48:793][  0]LogSourceControl: RunCommandInternalRaw: ExecProcess ReturnCode=2 OutResults=''
[2015.04.17-20.01.48:809][  0]SourceControl: Información El control de código fuente está desactivado
[2015.04.17-20.01.49:502][  0]LogObj: 24248 objects as part of root set at end of initial load.
[2015.04.17-20.01.49:502][  0]LogUObjectAllocator: 5149192 out of 0 bytes used by permanent object pool.
[2015.04.17-20.01.49:613][  0]LogEngine: Initializing Engine...
[2015.04.17-20.01.51:821][  0]LogInit: XAudio2 using 'Altavoces (Realtek High Definition Audio)' : 2 channels at 48 kHz using 32 bits per sample (channel mask 0x3)
[2015.04.17-20.01.51:864][  0]LogInit: FAudioDevice initialized.
[2015.04.17-20.01.51:930][  0]LogAIModule: Creating AISystem for world NewWorld
[2015.04.17-20.01.51:953][  0]LogDerivedDataCache: Saved boot cache 0.02s 39MB C:/Users/Manuel Cruz/AppData/Local/UnrealEngine/4.7/DerivedDataCache/Boot.ddc.
[2015.04.17-20.01.51:957][  0]LogInit: Texture streaming: Enabled
[2015.04.17-20.01.52:077][  0]LogAnalytics: Creating configured Analytics provider AnalyticsET
[2015.04.17-20.01.52:077][  0]LogAnalytics: ET APIKey = Rocket.Release. APIServer = http://et2.epicgames.com/ET2/. AppVersion = 4.7.5-2503383+++depot+UE4-Releases+4.7
[2015.04.17-20.01.52:077][  0]LogAnalytics: ET APIKey = Rocket.Release. DataRouterUploadURL = https://datarouter-public-service-gamedev.ol.epicgames.net/datarouter/api/v1/public/data. AppVersion = 4.7.5-2503383+++depot+UE4-Releases+4.7
[2015.04.17-20.01.52:077][  0]LogAnalytics: SetUserId cf3e962b4f6b803c9f3bfc8f9d3c5aa6|fb4b5d7a798346e4b2a57627c6ace3fa|5cb3378a-ab04-48dc-b237-dc85636457fe
[2015.04.17-20.01.52:077][  0]LogAnalytics: AnalyticsET::StartSession [Rocket.Release]
[2015.04.17-20.01.52:548][  0]LogInit: Transaction tracking system initialized
[2015.04.17-20.01.52:958][  0]BlueprintLog: New page: Cargar el editor
[2015.04.17-20.01.53:014][  0]LogAssetRegistry: FAssetRegistry took 0.0111 seconds to start up
[2015.04.17-20.01.53:014][  0]LogDirectoryWatcher:Warning: Failed to begin reading directory changes for ../../../Engine/Plugins/Experimental/CharacterAI/Content/. Error: 0
[2015.04.17-20.01.53:981][  0]LogTargetPlatformManager:Display: Building Assets For Windows
[2015.04.17-20.01.54:424][  0]LogTargetPlatformManager:Display: Building Assets For Windows
[2015.04.17-20.01.54:934][  0]LogSlate:Warning: Failed to load font data from '../../../Engine/Content/Editor/Slate/Fonts/Roboto-Regular.ttf'
[2015.04.17-20.01.54:935][  0]LogSlate:Warning: Failed to load font data from '../../../Engine/Content/Editor/Slate/Fonts/Roboto-Bold.ttf'
[2015.04.17-20.01.54:940][  0]LogConsoleResponse:Display: 
[2015.04.17-20.01.55:098][  0]LogCook:Display: Done creating registry. It took  0.00s.
[2015.04.17-20.01.55:395][  0]SourceControl: Información El control de código fuente está desactivado
[2015.04.17-20.01.55:395][  0]Cmd: MAP LOAD FILE="../../../Engine/Content/Maps/Templates/Template_Default.umap" TEMPLATE=1 SHOWPROGRESS=1 FEATURELEVEL=3
[2015.04.17-20.01.55:396][  0]LightingResults: New page: Diseñar la iluminación
[2015.04.17-20.01.55:416][  0]MapCheck: New page: Revisión del mapa
[2015.04.17-20.01.55:416][  0]LightingResults: New page: Diseñar la iluminación
[2015.04.17-20.01.55:423][  0]LogParticles: Destroying 0 GPU particle simulations for FXSystem 0x000000195D15F380
[2015.04.17-20.01.56:281][  0]LogEditorServer: Finished looking for orphan Actors (0.000 secs)
[2015.04.17-20.01.56:285][  0]LogAIModule: Creating AISystem for world Untitled_1
[2015.04.17-20.01.56:286][  0]Cmd: MAP CHECKDEP
[2015.04.17-20.01.56:286][  0]MapCheck: New page: Untitled_1 - 18/4/2015 0:01:56
[2015.04.17-20.01.56:438][  0]MapCheck: Información Map check complete: 0 Error(s), 0 Warning(s), took 152,09ms to complete.
[2015.04.17-20.01.56:438][  0]LogFileHelpers: Loading map 'Template_Default' took 1.043
[2015.04.17-20.01.56:656][  0]LogCollectionManager: Loaded 0 collections in 0.002369 seconds
[2015.04.17-20.01.56:671][  0]LogContentBrowser: Native class hierarchy populated in 0.0154 seconds. Added 1699 classes and 263 folders.
[2015.04.17-20.01.56:694][  0]LogContentBrowser:Verbose: The content browser source was changed by the sources view to '/Classes_Game/TowardsTheLight'
[2015.04.17-20.01.56:736][  0]LogContentBrowser: Native class hierarchy updated for 'SceneOutliner' in 0.0084 seconds. Added 1 classes and 2 folders.
[2015.04.17-20.01.56:832][  0]LogCrashTracker: Crashtracker disabled due to settings.
[2015.04.17-20.01.56:833][  0]LogSlate:Warning: Failed to load font data from 'Veranda'
[2015.04.17-20.01.56:839][  0]LogUObjectGlobals:Warning: Error al encontrar el objeto 'Class Ninguno.'
[2015.04.17-20.01.56:866][  0]LogLoad: Full Startup: 85.23 seconds (BP compile: 0.10 seconds)
[2015.04.17-20.01.58:550][  0]LogRenderer:Warning: Reallocating scene render targets to support 32x32 (Frame:2).
[2015.04.17-20.01.58:661][  0]LogRenderer:Warning: Reallocating scene render targets to support 968x440 (Frame:4).
[2015.04.17-20.02.20:131][229]LogAssetRegistry: Asset discovery search completed in 27.1290 seconds
[2015.04.17-20.08.02:177][928]LogSynthBenchmark:Display: FSynthBenchmark (V0.95):  requested WorkScale=1.00
[2015.04.17-20.08.02:177][928]LogSynthBenchmark:Display: ===============
[2015.04.17-20.08.02:177][928]LogSynthBenchmark:Display: Main Processor:
[2015.04.17-20.08.02:254][928]LogSynthBenchmark:Display:          ... 0.050472 s/Run 'RayIntersect'
[2015.04.17-20.08.02:254][928]LogSynthBenchmark:Display:          ... 0.026780 s/Run 'Fractal'
[2015.04.17-20.08.02:254][928]LogSynthBenchmark:Display: 
[2015.04.17-20.08.02:254][928]LogSynthBenchmark:Display:   CompiledTarget_x_Bits: 64
[2015.04.17-20.08.02:254][928]LogSynthBenchmark:Display:   UE_BUILD_SHIPPING: 0
[2015.04.17-20.08.02:254][928]LogSynthBenchmark:Display:   UE_BUILD_TEST: 0
[2015.04.17-20.08.02:254][928]LogSynthBenchmark:Display:   UE_BUILD_DEBUG: 0
[2015.04.17-20.08.02:254][928]LogSynthBenchmark:Display:   TotalPhysicalGBRam: 8
[2015.04.17-20.08.02:254][928]LogSynthBenchmark:Display:   NumberOfCores (physical): 4
[2015.04.17-20.08.02:254][928]LogSynthBenchmark:Display:   NumberOfCores (logical): 8
[2015.04.17-20.08.02:254][928]LogSynthBenchmark:Display:   CPU Perf Index 0: 50.7
[2015.04.17-20.08.02:254][928]LogSynthBenchmark:Display:   CPU Perf Index 1: 106.8
[2015.04.17-20.08.02:254][928]LogSynthBenchmark:Display:  
[2015.04.17-20.08.02:254][928]LogSynthBenchmark:Display: Graphics:
[2015.04.17-20.08.02:254][928]LogSynthBenchmark:Display:   Adapter Name: 'NVIDIA GeForce GTX 860M  '
[2015.04.17-20.08.02:254][928]LogSynthBenchmark:Display:   (On Optimus the name might be wrong, memory should be ok)
[2015.04.17-20.08.02:254][928]LogSynthBenchmark:Display:   Vendor Id: 0x10de
[2015.04.17-20.08.02:254][928]LogSynthBenchmark:Display:   GPU Memory: 1973/0/2049 MB
[2015.04.17-20.08.02:286][928]LogSynthBenchmark:Display:   GPU first test: 0.03s
[2015.04.17-20.08.02:287][928]LogSynthBenchmark:Display:          ... 0.313 GigaPix/s, Confidence=100% 'ALUHeavyNoise' (likely to be very inaccurate)
[2015.04.17-20.08.02:287][928]LogSynthBenchmark:Display:          ... 0.248 GigaPix/s, Confidence=100% 'TexHeavy' (likely to be very inaccurate)
[2015.04.17-20.08.02:287][928]LogSynthBenchmark:Display:          ... 0.196 GigaPix/s, Confidence=100% 'DepTexHeavy' (likely to be very inaccurate)
[2015.04.17-20.08.02:287][928]LogSynthBenchmark:Display:          ... 0.837 GigaPix/s, Confidence=100% 'FillOnly' (likely to be very inaccurate)
[2015.04.17-20.08.02:287][928]LogSynthBenchmark:Display:          ... 0.051 GigaPix/s, Confidence=100% 'Bandwidth' (likely to be very inaccurate)
[2015.04.17-20.08.02:469][928]LogSynthBenchmark:Display:   GPU second test: 0.18s
[2015.04.17-20.08.02:469][928]LogSynthBenchmark:Display:          ... 0.445 GigaPix/s, Confidence=89% 'ALUHeavyNoise' (likely to be inaccurate)
[2015.04.17-20.08.02:469][928]LogSynthBenchmark:Display:          ... 0.343 GigaPix/s, Confidence=89% 'TexHeavy' (likely to be inaccurate)
[2015.04.17-20.08.02:469][928]LogSynthBenchmark:Display:          ... 0.328 GigaPix/s, Confidence=89% 'DepTexHeavy' (likely to be inaccurate)
[2015.04.17-20.08.02:469][928]LogSynthBenchmark:Display:          ... 1.842 GigaPix/s, Confidence=89% 'FillOnly' (likely to be inaccurate)
[2015.04.17-20.08.02:469][928]LogSynthBenchmark:Display:          ... 0.060 GigaPix/s, Confidence=89% 'Bandwidth' (likely to be inaccurate)
[2015.04.17-20.08.02:469][928]LogSynthBenchmark:Display:          ... 0.445 GigaPix/s, Confidence=89% 'ALUHeavyNoise'
[2015.04.17-20.08.02:469][928]LogSynthBenchmark:Display:          ... 0.343 GigaPix/s, Confidence=89% 'TexHeavy'
[2015.04.17-20.08.02:469][928]LogSynthBenchmark:Display:          ... 0.328 GigaPix/s, Confidence=89% 'DepTexHeavy'
[2015.04.17-20.08.02:469][928]LogSynthBenchmark:Display:          ... 1.842 GigaPix/s, Confidence=89% 'FillOnly'
[2015.04.17-20.08.02:469][928]LogSynthBenchmark:Display:          ... 0.060 GigaPix/s, Confidence=89% 'Bandwidth'
[2015.04.17-20.08.02:469][928]LogSynthBenchmark:Display: 
[2015.04.17-20.08.02:469][928]LogSynthBenchmark:Display:   GPU Perf Index 0: 9.7
[2015.04.17-20.08.02:469][928]LogSynthBenchmark:Display:   GPU Perf Index 1: 4.6
[2015.04.17-20.08.02:469][928]LogSynthBenchmark:Display:   GPU Perf Index 2: 8.5
[2015.04.17-20.08.02:469][928]LogSynthBenchmark:Display:   GPU Perf Index 3: 7.2
[2015.04.17-20.08.02:469][928]LogSynthBenchmark:Display:   GPU Perf Index 4: 5.6
[2015.04.17-20.08.02:469][928]LogSynthBenchmark:Display:   CPUIndex: 50.7
[2015.04.17-20.08.02:469][928]LogSynthBenchmark:Display:   GPUIndex: 9.7
[2015.04.17-20.08.02:469][928]LogSynthBenchmark:Display: 
[2015.04.17-20.08.02:469][928]LogSynthBenchmark:Display:          ... Total Time: 0.292389 sec
[2015.04.17-20.08.02:469][928]LogConsoleManager:Warning: Console variable 'r.Streaming.PoolSize' wasn't set (Priority Code < Scalability)
[2015.04.17-20.08.02:469][928]LogConsoleManager:Warning: Console variable 'r.MaterialQualityLevel' wasn't set (Priority Console < Scalability)
[2015.04.17-20.08.02:475][928]LogConsoleManager:Warning: Console variable 'r.Streaming.PoolSize' wasn't set (Priority Code < Scalability)
[2015.04.17-20.08.02:475][928]LogConsoleManager:Warning: Console variable 'r.MaterialQualityLevel' wasn't set (Priority Console < Scalability)
[2015.04.17-20.08.02:496][929]LogRenderer:Warning: Reallocating scene render targets to support 968x440 (Frame:18926).
[2015.04.17-20.11.41:400][863]LogEditor: Attempting to add actor of class 'OviCharacter' to level at -100.00,-300.00,108.00
[2015.04.17-20.11.41:974][891]LogEditor: Attempting to add actor of class 'OviCharacter' to level at 370.00,-300.00,108.00
[2015.04.17-20.11.43:678][983]LogEditorViewport: Clicking on Actor (LMB): StaticMeshActor (Floor)
[2015.04.17-20.11.47:127][184]LogContentBrowser:Verbose: The content browser source was changed by the sources view to '/Game'
[2015.04.17-20.11.48:395][260]LogContentBrowser:Verbose: The content browser source was changed by the sources view to '/Game/Models'
[2015.04.17-20.11.49:806][337]LogContentBrowser:Verbose: The content browser source was changed by the sources view to '/Game/Levels'
[2015.04.17-20.11.51:049][393]LogLinker:Warning: No puede encontrar el archivo '/Game/SideScroller/Character/SideScrollerSkeleton'
[2015.04.17-20.11.51:049][393]LogLinker:Warning: No puede encontrar el archivo para el activo '/Game/SideScroller/Character/SideScrollerSkeleton' mientras carga D:/master_videojuegos/proyecto/TowardTheLight/TowardsTheLight/Content/Models/Character/SideScrollerSkeletalMesh.uasset.
[2015.04.17-20.11.51:049][393]LoadErrors:Error: Error /Game/Models/Character/SideScrollerSkeletalMesh : No puede encontrar el archivo para el activo. /Game/SideScroller/Character/SideScrollerSkeleton
[2015.04.17-20.11.51:050][393]LogLinker:Warning: No puede encontrar el archivo '/Game/SideScroller/Character/SideScrollerSkeleton'
[2015.04.17-20.11.51:050][393]LogLinker:Warning: No puede encontrar el archivo para el activo '/Game/SideScroller/Character/SideScrollerSkeleton' mientras carga D:/master_videojuegos/proyecto/TowardTheLight/TowardsTheLight/Content/Models/Character/SideScrollerSkeletalMesh.uasset.
[2015.04.17-20.11.51:055][393]LogLinker:Warning: No puede encontrar el archivo '/Game/SideScroller/Character/SideScrollerSkeleton'
[2015.04.17-20.11.51:055][393]LoadErrors: Información Error al cargar /Game/SideScroller/Character/SideScrollerSkeleton.SideScrollerSkeleton Referenciado por SideScrollerSkeletalMesh
[2015.04.17-20.11.51:055][393]LogLinker:Warning: No puede encontrar el archivo para el activo '/Game/SideScroller/Character/SideScrollerSkeleton' mientras carga NULL.
[2015.04.17-20.11.51:112][393]LogMaterial: Missing cached shader map for material CustomCube, compiling. 
[2015.04.17-20.11.53:432][393]Cmd: MAP LOAD FILE="D:/master_videojuegos/proyecto/TowardTheLight/TowardsTheLight/Content/Levels/DevelopmentLevel.umap" TEMPLATE=0 SHOWPROGRESS=1 FEATURELEVEL=3
[2015.04.17-20.11.53:436][393]LightingResults: New page: Diseñar la iluminación
[2015.04.17-20.11.53:495][393]LoadErrors: New page: Cargando mapa: DevelopmentLevel.umap
[2015.04.17-20.11.53:497][393]MapCheck: New page: Revisión del mapa
[2015.04.17-20.11.53:497][393]LightingResults: New page: Diseñar la iluminación
[2015.04.17-20.11.53:508][393]LogParticles: Destroying 0 GPU particle simulations for FXSystem 0x00000019535D6F20
[2015.04.17-20.11.53:544][393]LogEditorServer: Finished looking for orphan Actors (0.000 secs)
[2015.04.17-20.11.53:546][393]LogAIModule: Creating AISystem for world DevelopmentLevel
[2015.04.17-20.11.53:560][393]Cmd: MAP CHECKDEP
[2015.04.17-20.11.53:560][393]MapCheck: New page: DevelopmentLevel - 18/4/2015 0:11:53
[2015.04.17-20.11.53:756][393]MapCheck: Información Map check complete: 0 Error(s), 0 Warning(s), took 196,43ms to complete.
[2015.04.17-20.11.53:759][393]LogFileHelpers: Loading map 'DevelopmentLevel' took 0.331
[2015.04.17-20.11.56:636][554]LogPlayLevel: PIE:  No blueprints needed recompiling
[2015.04.17-20.11.56:636][554]PIE: New page: Sesión PIE (reproducción en el editor): DevelopmentLevel (18/4/2015 0:11:56)
[2015.04.17-20.11.56:639][554]LogPlayLevel: PIE: StaticDuplicateObject took: (0.002260s)
[2015.04.17-20.11.56:640][554]LogPlayLevel: PIE: World Init took: (0.000792s)
[2015.04.17-20.11.56:640][554]LogPlayLevel: PIE: Created PIE world by copying editor world from /Game/Levels/DevelopmentLevel.DevelopmentLevel to /Game/Levels/UEDPIE_0_DevelopmentLevel.DevelopmentLevel (0.003247s)
[2015.04.17-20.11.56:699][554]LogWorld: Game class is 'MyGameMode'
[2015.04.17-20.11.56:702][554]LogAIModule: Creating AISystem for world DevelopmentLevel
[2015.04.17-20.11.56:705][554]LogWorld: Bringing World /Game/Levels/UEDPIE_0_DevelopmentLevel.DevelopmentLevel up for play (max tick rate 60) at 2015.04.17-22.11.56
[2015.04.17-20.11.56:705][554]LogWorld: Bringing up level for play took: 0.002912
[2015.04.17-20.11.56:742][554]PIE: Información Tiempo de inicio de la reproducción en el editor para  /Game/Levels/UEDPIE_0_DevelopmentLevel -0,204
[2015.04.17-20.12.12:088][465]LogParticles: Destroying 0 GPU particle simulations for FXSystem 0x00000019562636A0
[2015.04.17-20.12.13:315][520]Cmd: QUIT_EDITOR
[2015.04.17-20.12.13:750][520]LogExit: Preparing to exit.
[2015.04.17-20.12.14:030][520]LogExit: Editor shut down
[2015.04.17-20.12.14:030][520]LogExit: Transaction tracking system shut down
[2015.04.17-20.12.14:031][520]LogParticles: Destroying 0 GPU particle simulations for FXSystem 0x0000001951B2F6A0
[2015.04.17-20.12.14:031][520]LogParticles: Destroying 0 GPU particle simulations for FXSystem 0x0000001960AA8400
[2015.04.17-20.12.14:072][520]LogParticles: Destroying 0 GPU particle simulations for FXSystem 0x0000001962D1A0C0
[2015.04.17-20.12.14:072][520]LogParticles: Destroying 0 GPU particle simulations for FXSystem 0x0000001956644C20
[2015.04.17-20.12.14:072][520]LogExit: Object subsystem successfully closed.
[2015.04.17-20.12.14:155][520]LogModuleManager: Shutting down and abandoning module SynthBenchmark (179)
[2015.04.17-20.12.14:155][520]LogModuleManager: Shutting down and abandoning module CrashTracker (178)
[2015.04.17-20.12.14:155][520]LogModuleManager: Shutting down and abandoning module SuperSearch (177)
[2015.04.17-20.12.14:155][520]LogModuleManager: Shutting down and abandoning module SceneOutliner (176)
[2015.04.17-20.12.14:155][520]LogModuleManager: Shutting down and abandoning module EditorWidgets (175)
[2015.04.17-20.12.14:155][520]LogModuleManager: Shutting down and abandoning module CollectionManager (174)
[2015.04.17-20.12.14:155][520]LogModuleManager: Shutting down and abandoning module StatsViewer (173)
[2015.04.17-20.12.14:155][520]LogModuleManager: Shutting down and abandoning module FoliageEdit (172)
[2015.04.17-20.12.14:155][520]LogModuleManager: Shutting down and abandoning module LandscapeEditor (171)
[2015.04.17-20.12.14:156][520]LogModuleManager: Shutting down and abandoning module MeshPaint (170)
[2015.04.17-20.12.14:156][520]LogModuleManager: Shutting down and abandoning module ActorPickerMode (169)
[2015.04.17-20.12.14:156][520]LogModuleManager: Shutting down and abandoning module GeometryMode (168)
[2015.04.17-20.12.14:156][520]LogModuleManager: Shutting down and abandoning module TextureAlignMode (167)
[2015.04.17-20.12.14:156][520]LogModuleManager: Shutting down and abandoning module BspMode (166)
[2015.04.17-20.12.14:156][520]LogModuleManager: Shutting down and abandoning module PlacementMode (165)
[2015.04.17-20.12.14:156][520]LogModuleManager: Shutting down and abandoning module AutomationWorker (164)
[2015.04.17-20.12.14:156][520]LogModuleManager: Shutting down and abandoning module CharacterAI (163)
[2015.04.17-20.12.14:156][520]LogModuleManager: Shutting down and abandoning module SmartSnapping (162)
[2015.04.17-20.12.14:156][520]LogModuleManager: Shutting down and abandoning module ViewportSnapping (161)
[2015.04.17-20.12.14:156][520]LogModuleManager: Shutting down and abandoning module LogVisualizer (160)
[2015.04.17-20.12.14:156][520]LogModuleManager: Shutting down and abandoning module GameProjectGeneration (159)
[2015.04.17-20.12.14:156][520]LogModuleManager: Shutting down and abandoning module IntroTutorials (158)
[2015.04.17-20.12.14:156][520]LogModuleManager: Shutting down and abandoning module EditorLiveStreaming (157)
[2015.04.17-20.12.14:156][520]LogModuleManager: Shutting down and abandoning module HardwareTargeting (156)
[2015.04.17-20.12.14:156][520]LogModuleManager: Shutting down and abandoning module DeviceProfileEditor (155)
[2015.04.17-20.12.14:156][520]LogModuleManager: Shutting down and abandoning module UndoHistory (154)
[2015.04.17-20.12.14:156][520]LogModuleManager: Shutting down and abandoning module GameplayTagsEditor (153)
[2015.04.17-20.12.14:156][520]LogModuleManager: Shutting down and abandoning module UserFeedback (152)
[2015.04.17-20.12.14:156][520]LogModuleManager: Shutting down and abandoning module XmlParser (151)
[2015.04.17-20.12.14:156][520]LogModuleManager: Shutting down and abandoning module Blutility (150)
[2015.04.17-20.12.14:156][520]LogModuleManager: Shutting down and abandoning module IOSPlatformEditor (149)
[2015.04.17-20.12.14:156][520]LogModuleManager: Shutting down and abandoning module IOSRuntimeSettings (148)
[2015.04.17-20.12.14:156][520]LogModuleManager: Shutting down and abandoning module AndroidDeviceDetection (147)
[2015.04.17-20.12.14:889][520]LogModuleManager: Shutting down and abandoning module AndroidPlatformEditor (146)
[2015.04.17-20.12.14:889][520]LogModuleManager: Shutting down and abandoning module AndroidRuntimeSettings (145)
[2015.04.17-20.12.14:889][520]LogModuleManager: Shutting down and abandoning module ProjectTargetPlatformEditor (144)
[2015.04.17-20.12.14:890][520]LogModuleManager: Shutting down and abandoning module ProjectSettingsViewer (143)
[2015.04.17-20.12.14:890][520]LogModuleManager: Shutting down and abandoning module InputBindingEditor (142)
[2015.04.17-20.12.14:890][520]LogModuleManager: Shutting down and abandoning module EditorSettingsViewer (141)
[2015.04.17-20.12.14:891][520]LogModuleManager: Shutting down and abandoning module SettingsEditor (140)
[2015.04.17-20.12.14:891][520]LogModuleManager: Shutting down and abandoning module ProjectLauncher (139)
[2015.04.17-20.12.14:891][520]LogModuleManager: Shutting down and abandoning module SessionFrontend (138)
[2015.04.17-20.12.14:891][520]LogModuleManager: Shutting down and abandoning module ProfilerClient (137)
[2015.04.17-20.12.14:891][520]LogModuleManager: Shutting down and abandoning module TargetDeviceServices (136)
[2015.04.17-20.12.14:891][520]LogModuleManager: Shutting down and abandoning module DeviceManager (135)
[2015.04.17-20.12.14:891][520]LogModuleManager: Shutting down and abandoning module AutomationController (134)
[2015.04.17-20.12.14:891][520]LogModuleManager: Shutting down and abandoning module AutomationWindow (133)
[2015.04.17-20.12.14:891][520]LogModuleManager: Shutting down and abandoning module Layers (132)
[2015.04.17-20.12.14:891][520]LogModuleManager: Shutting down and abandoning module ComponentVisualizers (131)
[2015.04.17-20.12.14:891][520]LogModuleManager: Shutting down and abandoning module DetailCustomizations (130)
[2015.04.17-20.12.14:891][520]LogModuleManager: Shutting down and abandoning module PackagesDialog (129)
[2015.04.17-20.12.14:892][520]LogModuleManager: Shutting down and abandoning module AssetRegistry (128)
[2015.04.17-20.12.14:986][520]LogModuleManager: Shutting down and abandoning module Persona (127)
[2015.04.17-20.12.14:986][520]LogModuleManager: Shutting down and abandoning module SlateReflector (126)
[2015.04.17-20.12.14:986][520]LogModuleManager: Shutting down and abandoning module LevelEditor (125)
[2015.04.17-20.12.14:987][520]LogModuleManager: Shutting down and abandoning module Kismet (124)
[2015.04.17-20.12.14:987][520]LogModuleManager: Shutting down and abandoning module GraphEditor (123)
[2015.04.17-20.12.14:987][520]LogModuleManager: Shutting down and abandoning module ClassViewer (122)
[2015.04.17-20.12.14:987][520]LogModuleManager: Shutting down and abandoning module Toolbox (121)
[2015.04.17-20.12.14:987][520]LogModuleManager: Shutting down and abandoning module ModuleUI (120)
[2015.04.17-20.12.14:987][520]LogModuleManager: Shutting down and abandoning module MovieSceneTools (119)
[2015.04.17-20.12.14:987][520]LogModuleManager: Shutting down and abandoning module OutputLog (118)
[2015.04.17-20.12.14:987][520]LogModuleManager: Shutting down and abandoning module GammaUI (117)
[2015.04.17-20.12.14:987][520]LogModuleManager: Shutting down and abandoning module Documentation (116)
[2015.04.17-20.12.14:987][520]LogModuleManager: Shutting down and abandoning module GameLiveStreaming (115)
[2015.04.17-20.12.14:987][520]LogModuleManager: Shutting down and abandoning module StreamingPauseRendering (114)
[2015.04.17-20.12.14:987][520]LogModuleManager: Shutting down and abandoning module HTTP (113)
[2015.04.17-20.12.14:987][520]LogModuleManager: Shutting down and abandoning module AnalyticsET (112)
[2015.04.17-20.12.14:987][520]LogModuleManager: Shutting down and abandoning module Analytics (111)
[2015.04.17-20.12.14:987][520]LogModuleManager: Shutting down and abandoning module AITestSuite (110)
[2015.04.17-20.12.14:987][520]LogModuleManager: Shutting down and abandoning module GameplayDebugger (109)
[2015.04.17-20.12.14:987][520]LogModuleManager: Shutting down and abandoning module AIModule (108)
[2015.04.17-20.12.14:987][520]LogModuleManager: Shutting down and abandoning module ProfilerService (107)
[2015.04.17-20.12.15:219][520]LogModuleManager: Shutting down and abandoning module TaskGraph (106)
[2015.04.17-20.12.15:219][520]LogModuleManager: Shutting down and abandoning module SlateRemote (105)
[2015.04.17-20.12.15:219][520]LogModuleManager: Shutting down and abandoning module ScriptEditorPlugin (104)
[2015.04.17-20.12.15:219][520]LogModuleManager: Shutting down and abandoning module CustomMeshComponent (103)
[2015.04.17-20.12.15:219][520]LogModuleManager: Shutting down and abandoning module CableComponent (102)
[2015.04.17-20.12.15:219][520]LogModuleManager: Shutting down and abandoning module MessagingDebugger (101)
[2015.04.17-20.12.15:219][520]LogModuleManager: Shutting down and abandoning module MediaPlayerEditor (100)
[2015.04.17-20.12.15:219][520]LogModuleManager: Shutting down and abandoning module SpeedTreeImporter (99)
[2015.04.17-20.12.15:219][520]LogModuleManager: Shutting down and abandoning module PluginsEditor (98)
[2015.04.17-20.12.15:219][520]LogModuleManager: Shutting down and abandoning module MainFrame (97)
[2015.04.17-20.12.15:219][520]LogModuleManager: Shutting down and abandoning module EpicSurvey (96)
[2015.04.17-20.12.15:219][520]LogModuleManager: Shutting down and abandoning module DirectoryWatcher (95)
[2015.04.17-20.12.15:221][520]LogModuleManager: Shutting down and abandoning module HotReload (94)
[2015.04.17-20.12.15:221][520]LogModuleManager: Shutting down and abandoning module VisualStudioSourceCodeAccess (93)
[2015.04.17-20.12.15:221][520]LogModuleManager: Shutting down and abandoning module UObjectPlugin (92)
[2015.04.17-20.12.15:221][520]LogModuleManager: Shutting down and abandoning module SubversionSourceControl (91)
[2015.04.17-20.12.15:221][520]LogModuleManager: Shutting down and abandoning module PerforceSourceControl (90)
[2015.04.17-20.12.15:221][520]LogModuleManager: Shutting down and abandoning module SourceControl (89)
[2015.04.17-20.12.15:221][520]LogModuleManager: Shutting down and abandoning module GitSourceControl (88)
[2015.04.17-20.12.15:221][520]LogModuleManager: Shutting down and abandoning module BlankPlugin (87)
[2015.04.17-20.12.15:221][520]LogModuleManager: Shutting down and abandoning module PaperTiledImporter (86)
[2015.04.17-20.12.15:221][520]LogModuleManager: Shutting down and abandoning module PaperJsonImporter (85)
[2015.04.17-20.12.15:221][520]LogModuleManager: Shutting down and abandoning module ContentBrowser (84)
[2015.04.17-20.12.15:222][520]LogModuleManager: Shutting down and abandoning module Paper2DEditor (83)
[2015.04.17-20.12.15:222][520]LogModuleManager: Shutting down and abandoning module TowardsTheLight (82)
[2015.04.17-20.12.15:222][520]LogModuleManager: Shutting down and abandoning module ScriptPlugin (81)
[2015.04.17-20.12.15:222][520]LogModuleManager: Shutting down and abandoning module UdpMessaging (80)
[2015.04.17-20.12.15:322][520]LogModuleManager: Shutting down and abandoning module Paper2D (79)
[2015.04.17-20.12.15:322][520]LogModuleManager: Shutting down and abandoning module WindowsMoviePlayer (78)
[2015.04.17-20.12.15:327][520]LogModuleManager: Shutting down and abandoning module Media (77)
[2015.04.17-20.12.15:327][520]LogModuleManager: Shutting down and abandoning module WmfMedia (76)
[2015.04.17-20.12.15:328][520]LogModuleManager: Shutting down and abandoning module OnlineBlueprintSupport (75)
[2015.04.17-20.12.15:328][520]LogModuleManager: Shutting down and abandoning module PropertyEditor (74)
[2015.04.17-20.12.15:328][520]LogModuleManager: Shutting down and abandoning module BehaviorTreeEditor (73)
[2015.04.17-20.12.15:328][520]LogModuleManager: Shutting down and abandoning module FunctionalTesting (72)
[2015.04.17-20.12.15:328][520]LogModuleManager: Shutting down and abandoning module CollisionAnalyzer (71)
[2015.04.17-20.12.15:328][520]LogModuleManager: Shutting down and abandoning module WorkspaceMenuStructure (70)
[2015.04.17-20.12.15:328][520]LogModuleManager: Shutting down and abandoning module MessageLog (69)
[2015.04.17-20.12.15:328][520]LogModuleManager: Shutting down and abandoning module Sequencer (68)
[2015.04.17-20.12.15:328][520]LogModuleManager: Shutting down and abandoning module AssetTools (67)
[2015.04.17-20.12.15:328][520]LogModuleManager: Shutting down and abandoning module UMGEditor (66)
[2015.04.17-20.12.15:328][520]LogModuleManager: Shutting down and abandoning module UMG (65)
[2015.04.17-20.12.15:328][520]LogModuleManager: Shutting down and abandoning module Slate (64)
[2015.04.17-20.12.15:328][520]LogModuleManager: Shutting down and abandoning module EditorStyle (63)
[2015.04.17-20.12.15:349][520]LogModuleManager: Shutting down and abandoning module SessionServices (62)
[2015.04.17-20.12.15:349][520]LogModuleManager: Shutting down and abandoning module SourceCodeAccess (61)
[2015.04.17-20.12.15:349][520]LogModuleManager: Shutting down and abandoning module HeadMountedDisplay (60)
[2015.04.17-20.12.15:349][520]LogModuleManager: Shutting down and abandoning module XAudio2 (59)
[2015.04.17-20.12.15:349][520]LogModuleManager: Shutting down and abandoning module Networking (57)
[2015.04.17-20.12.15:349][520]LogModuleManager: Shutting down and abandoning module Core (56)
[2015.04.17-20.12.15:349][520]LogModuleManager: Shutting down and abandoning module KismetCompiler (55)
[2015.04.17-20.12.15:349][520]LogModuleManager: Shutting down and abandoning module PhysXFormats (54)
[2015.04.17-20.12.15:349][520]LogModuleManager: Shutting down and abandoning module MeshUtilities (53)
[2015.04.17-20.12.15:349][520]LogModuleManager: Shutting down and abandoning module DerivedDataCache (52)
[2015.04.17-20.12.15:436][520]LogDerivedDataCache: Shutdown
[2015.04.17-20.12.15:436][520]LogModuleManager: Shutting down and abandoning module ShaderFormatOpenGL (51)
[2015.04.17-20.12.15:436][520]LogModuleManager: Shutting down and abandoning module ShaderFormatD3D (50)
[2015.04.17-20.12.15:436][520]LogModuleManager: Shutting down and abandoning module MetalShaderFormat (49)
[2015.04.17-20.12.15:436][520]LogModuleManager: Shutting down and abandoning module TextureFormatUncompressed (48)
[2015.04.17-20.12.15:436][520]LogModuleManager: Shutting down and abandoning module TextureFormatPVR (47)
[2015.04.17-20.12.15:436][520]LogModuleManager: Shutting down and abandoning module TextureFormatIntelISPCTexComp (46)
[2015.04.17-20.12.15:436][520]LogModuleManager: Shutting down and abandoning module TextureFormatDXT (45)
[2015.04.17-20.12.15:436][520]LogModuleManager: Shutting down and abandoning module ImageWrapper (44)
[2015.04.17-20.12.15:436][520]LogModuleManager: Shutting down and abandoning module TextureFormatASTC (43)
[2015.04.17-20.12.15:436][520]LogModuleManager: Shutting down and abandoning module TextureFormatAndroid (42)
[2015.04.17-20.12.15:436][520]LogModuleManager: Shutting down and abandoning module AudioFormatOpus (41)
[2015.04.17-20.12.15:436][520]LogModuleManager: Shutting down and abandoning module AudioFormatOgg (40)
[2015.04.17-20.12.15:436][520]LogModuleManager: Shutting down and abandoning module AudioFormatADPCM (39)
[2015.04.17-20.12.15:436][520]LogModuleManager: Shutting down and abandoning module LinuxTargetPlatform (38)
[2015.04.17-20.12.15:436][520]LogModuleManager: Shutting down and abandoning module LinuxServerTargetPlatform (37)
[2015.04.17-20.12.15:436][520]LogModuleManager: Shutting down and abandoning module LinuxNoEditorTargetPlatform (36)
[2015.04.17-20.12.15:436][520]LogModuleManager: Shutting down and abandoning module Messaging (35)
[2015.04.17-20.12.15:436][520]LogModuleManager: Shutting down and abandoning module IOSTargetPlatform (34)
[2015.04.17-20.12.15:436][520]LogModuleManager: Shutting down and abandoning module HTML5TargetPlatform (33)
[2015.04.17-20.12.15:436][520]LogModuleManager: Shutting down and abandoning module Android_PVRTCTargetPlatform (32)
[2015.04.17-20.12.15:436][520]LogModuleManager: Shutting down and abandoning module Android_ETC2TargetPlatform (31)
[2015.04.17-20.12.15:436][520]LogModuleManager: Shutting down and abandoning module Android_ETC1TargetPlatform (30)
[2015.04.17-20.12.15:436][520]LogModuleManager: Shutting down and abandoning module Android_ES31TargetPlatform (29)
[2015.04.17-20.12.15:437][520]LogModuleManager: Shutting down and abandoning module Android_DXTTargetPlatform (28)
[2015.04.17-20.12.15:437][520]LogModuleManager: Shutting down and abandoning module Android_ATCTargetPlatform (27)
[2015.04.17-20.12.15:437][520]LogModuleManager: Shutting down and abandoning module AndroidTargetPlatform (26)
[2015.04.17-20.12.15:437][520]LogModuleManager: Shutting down and abandoning module WindowsTargetPlatform (25)
[2015.04.17-20.12.15:437][520]LogModuleManager: Shutting down and abandoning module WindowsServerTargetPlatform (24)
[2015.04.17-20.12.15:437][520]LogModuleManager: Shutting down and abandoning module WindowsNoEditorTargetPlatform (23)
[2015.04.17-20.12.15:437][520]LogModuleManager: Shutting down and abandoning module WindowsClientTargetPlatform (22)
[2015.04.17-20.12.15:437][520]LogModuleManager: Shutting down and abandoning module TargetPlatform (21)
[2015.04.17-20.12.15:437][520]LogModuleManager: Shutting down and abandoning module InputCore (20)
[2015.04.17-20.12.15:437][520]LogModuleManager: Shutting down and abandoning module Settings (19)
[2015.04.17-20.12.15:437][520]LogModuleManager: Shutting down and abandoning module OnlineSubsystem (17)
[2015.04.17-20.12.15:437][520]LogModuleManager: Shutting down and abandoning module OculusRift (16)
[2015.04.17-20.12.15:437][520]LogModuleManager: Shutting down and abandoning module ExampleDeviceProfileSelector (15)
[2015.04.17-20.12.15:437][520]LogModuleManager: Shutting down and abandoning module DesktopPlatform (14)
[2015.04.17-20.12.15:437][520]LogModuleManager: Shutting down and abandoning module TextureCompressor (13)
[2015.04.17-20.12.15:437][520]LogModuleManager: Shutting down and abandoning module ShaderCore (12)
[2015.04.17-20.12.15:437][520]LogModuleManager: Shutting down and abandoning module Landscape (11)
[2015.04.17-20.12.15:437][520]LogModuleManager: Shutting down and abandoning module SlateRHIRenderer (10)
[2015.04.17-20.12.15:445][520]LogModuleManager: Shutting down and abandoning module OpenGLDrv (9)
[2015.04.17-20.12.15:445][520]LogModuleManager: Shutting down and abandoning module D3D11RHI (8)
[2015.04.17-20.12.15:445][520]LogModuleManager: Shutting down and abandoning module Renderer (7)
[2015.04.17-20.12.15:445][520]LogModuleManager: Shutting down and abandoning module Engine (6)
[2015.04.17-20.12.15:445][520]LogModuleManager: Shutting down and abandoning module CoreUObject (5)
[2015.04.17-20.12.15:445][520]LogModuleManager: Shutting down and abandoning module NetworkFile (4)
[2015.04.17-20.12.15:445][520]LogModuleManager: Shutting down and abandoning module StreamingFile (3)
[2015.04.17-20.12.15:445][520]LogModuleManager: Shutting down and abandoning module SandboxFile (2)
[2015.04.17-20.12.15:445][520]LogModuleManager: Shutting down and abandoning module PakFile (1)
[2015.04.17-20.12.15:446][520]LogExit: Exiting.
[2015.04.17-20.12.15:473][520]Log file closed, 04/17/15 22:12:15
