Log file open, 04/18/15 12:33:46
LogInit:Display: Running engine for game: TowardsTheLight
LogInit: Version: 4.7.5-2503383+++depot+UE4-Releases+4.7
LogInit: API Version: 2455222
LogInit: Compiled (64-bit): Apr  6 2015 23:21:51
LogInit: Compiled with Visual C++: 18.00.21005.01
LogInit: Build Configuration: DebugGame
LogInit: Branch Name: ++depot+UE4-Releases+4.7
LogInit: Command line:  -debug
LogInit: Base directory: C:/Program Files/Epic Games/4.7/Engine/Binaries/Win64/
LogInit: Rocket: 1
[2015.04.18-10.33.46:277][  0]LogTaskGraph: Started task graph with 3 named threads and 6 total threads.
[2015.04.18-10.33.46:342][  0]LogOnline:Warning: No default platform service specified for OnlineSubsystem
[2015.04.18-10.33.46:657][  0]LogInit: Presizing for 0 objects not considered by GC, pre-allocating 0 bytes.
[2015.04.18-10.33.46:669][  0]LogInit: Object subsystem initialized
[2015.04.18-10.33.46:674][  0]LogConsoleResponse:Warning: Skipping Unknown console variable: 'TranslucentSortAxis = (X=0.000000,Y=-1.000000,Z=0.000000)'
[2015.04.18-10.33.46:675][  0]LogConsoleResponse:Warning:   Found in ini file 'D:/master_videojuegos/proyecto/TowardTheLight/TowardsTheLight/Saved/Config/Windows/Engine.ini', in section '[/Script/Engine.RendererSettings]'
[2015.04.18-10.33.46:676][  0]LogConsoleResponse:Warning: Skipping Unknown console variable: 'UIScaleRule = ShortestSide'
[2015.04.18-10.33.46:677][  0]LogConsoleResponse:Warning:   Found in ini file 'D:/master_videojuegos/proyecto/TowardTheLight/TowardsTheLight/Saved/Config/Windows/Engine.ini', in section '[/Script/Engine.RendererSettings]'
[2015.04.18-10.33.46:678][  0]LogConsoleResponse:Warning: Skipping Unknown console variable: 'UIScaleCurve = (EditorCurveData=(Keys=),ExternalCurve=None)'
[2015.04.18-10.33.46:679][  0]LogConsoleResponse:Warning:   Found in ini file 'D:/master_videojuegos/proyecto/TowardTheLight/TowardsTheLight/Saved/Config/Windows/Engine.ini', in section '[/Script/Engine.RendererSettings]'
[2015.04.18-10.33.46:680][  0]LogInit: Selected Device Profile: [Windows]
[2015.04.18-10.33.46:681][  0]LogInit: Applying CVar settings loaded from the selected device profile: [Windows]
[2015.04.18-10.33.46:724][  0]LogInit: Computer: MCRUZ
[2015.04.18-10.33.46:725][  0]LogInit: User: ManuelCruz
[2015.04.18-10.33.46:726][  0]LogInit: CPU Page size=4096, Cores=4
[2015.04.18-10.33.46:728][  0]LogInit: High frequency timer resolution =2.435774 MHz
[2015.04.18-10.33.46:728][  0]LogMemory: Memory total: Physical=7.9GB (8GB approx) Virtual=131072.0GB
[2015.04.18-10.33.46:730][  0]LogMemory: Platform Memory Stats for Windows
[2015.04.18-10.33.46:731][  0]LogMemory: Process Physical Memory: 46.32 MB used, 46.32 MB peak
[2015.04.18-10.33.46:732][  0]LogMemory: Process Virtual Memory: 26.62 MB used, 26.63 MB peak
[2015.04.18-10.33.46:733][  0]LogMemory: Physical Memory: 4725.02 MB used, 8111.30 MB total
[2015.04.18-10.33.46:734][  0]LogMemory: Virtual Memory: 292.10 MB used, 134217728.00 MB total
[2015.04.18-10.33.47:481][  0]LogD3D11RHI: Found D3D11 adapter 0: NVIDIA GeForce GTX 860M   (Feature Level 11_0)
[2015.04.18-10.33.47:482][  0]LogD3D11RHI: Adapter has 1972MB of dedicated video memory, 0MB of dedicated system memory, and 2048MB of shared system memory, 1 output[s]
[2015.04.18-10.33.47:671][  0]LogD3D11RHI: Found D3D11 adapter 1: Intel(R) HD Graphics 4600 (Feature Level 11_0)
[2015.04.18-10.33.47:671][  0]LogD3D11RHI: Adapter has 0MB of dedicated video memory, 0MB of dedicated system memory, and 1792MB of shared system memory, 0 output[s]
[2015.04.18-10.33.47:744][  0]LogD3D11RHI: Found D3D11 adapter 2: Microsoft Basic Render Driver (Feature Level 11_0)
[2015.04.18-10.33.47:745][  0]LogD3D11RHI: Adapter has 0MB of dedicated video memory, 0MB of dedicated system memory, and 256MB of shared system memory, 0 output[s]
[2015.04.18-10.33.47:745][  0]LogD3D11RHI: Chosen D3D11 Adapter Id = 0
[2015.04.18-10.33.47:749][  0]LogRHI: Texture pool is 1361 MB (70% of 1945 MB)
[2015.04.18-10.33.47:791][  0]LogD3D11RHI: Async texture creation enabled
[2015.04.18-10.33.49:145][  0]LogTextLocalizationManager: The requested culture ('es_ES') has no localization data; parent culture's ('es') localization data will be used.
[2015.04.18-10.33.49:230][  0]LogTextLocalizationManager:Warning: Loading localization resources contain conflicting entries for (Namespace:ContentBrowser, Key:ImportAssetToolTip):
Resource: (C:/Program Files/Epic Games/4.7/Engine/Content/Localization/Editor/es/Editor.locres) Hash: (-630476809) String: (Importar a {0}...)
Resource: (C:/Program Files/Epic Games/4.7/Engine/Content/Localization/Editor/es/Editor.locres) Hash: (1271782899) String: (Importa un activo desde el archivo a esta carpeta.)
[2015.04.18-10.33.49:282][  0]LogContentStreaming: Texture pool size is 0.000000MB
[2015.04.18-10.34.01:338][  0]LogTargetPlatformManager:Display: Building Assets For Windows
[2015.04.18-10.34.06:809][  0]LogTargetPlatformManager:Display: Building Assets For Windows
[2015.04.18-10.34.07:255][  0]LogDerivedDataCache:Display: Max Cache Size: 512 MB
[2015.04.18-10.34.07:842][  0]LogDerivedDataCache: Loaded boot cache 0.58s 39MB C:/Users/Manuel Cruz/AppData/Local/UnrealEngine/4.7/DerivedDataCache/Boot.ddc.
[2015.04.18-10.34.07:843][  0]LogDerivedDataCache:Display: Loaded Boot cache: C:/Users/Manuel Cruz/AppData/Local/UnrealEngine/4.7/DerivedDataCache/Boot.ddc
[2015.04.18-10.34.07:844][  0]LogDerivedDataCache: FDerivedDataBackendGraph:  Pak pak cache file D:/master_videojuegos/proyecto/TowardTheLight/TowardsTheLight/DerivedDataCache/DDC.ddp not found, will not use a pak cache.
[2015.04.18-10.34.07:846][  0]LogDerivedDataCache: Unable to find inner node Pak for hierarchical cache Hierarchy.
[2015.04.18-10.34.08:041][  0]LogDerivedDataCache:Display: Pak cache opened for reading ../../../Engine/DerivedDataCache/Compressed.ddp.
[2015.04.18-10.34.08:197][  0]LogDerivedDataCache: Using Local data cache path C:/Users/Manuel Cruz/AppData/Local/UnrealEngine/Common/DerivedDataCache: Writable
[2015.04.18-10.34.14:025][  0]LogMeshUtilities: No automatic mesh reduction module available
[2015.04.18-10.34.14:025][  0]LogMeshUtilities: No automatic mesh merging module available
[2015.04.18-10.34.19:438][  0]LogInit: WinSock: version 1.1 (2.2), MaxSocks=32767, MaxUdp=65467
[2015.04.18-10.34.20:600][  0]LogSlate:Warning: Failed to load font data from '../../../Engine/Content/Slate/Fonts/Roboto-Italic.ttf'
[2015.04.18-10.34.51:740][  0]UdpMessaging: Initializing bridge on interface 0.0.0.0:0 to multicast group 230.0.0.1:6666.
[2015.04.18-10.34.58:250][  0]SourceControl: Información El control de código fuente está desactivado
[2015.04.18-10.34.58:251][  0]SourceControl: Información El control de código fuente está desactivado
[2015.04.18-10.34.58:251][  0]SourceControl: Información El control de código fuente está desactivado
[2015.04.18-10.34.58:252][  0]LogSourceControl: RunCommandInternalRaw: 'git version'
[2015.04.18-10.34.58:252][  0]LogSourceControl: RunCommandInternalRaw: ExecProcess ReturnCode=2 OutResults=''
[2015.04.18-10.34.58:269][  0]SourceControl: Información El control de código fuente está desactivado
[2015.04.18-10.35.07:893][  0]LogObj: 24248 objects as part of root set at end of initial load.
[2015.04.18-10.35.07:894][  0]LogUObjectAllocator: 5149192 out of 0 bytes used by permanent object pool.
[2015.04.18-10.35.08:989][  0]LogEngine: Initializing Engine...
[2015.04.18-10.35.12:211][  0]LogInit: XAudio2 using 'Altavoces (Realtek High Definition Audio)' : 2 channels at 48 kHz using 32 bits per sample (channel mask 0x3)
[2015.04.18-10.35.12:817][  0]LogInit: FAudioDevice initialized.
[2015.04.18-10.35.13:137][  0]LogAIModule: Creating AISystem for world NewWorld
[2015.04.18-10.35.13:188][  0]LogDerivedDataCache: Saved boot cache 0.05s 39MB C:/Users/Manuel Cruz/AppData/Local/UnrealEngine/4.7/DerivedDataCache/Boot.ddc.
[2015.04.18-10.35.13:192][  0]LogInit: Texture streaming: Enabled
[2015.04.18-10.35.15:319][  0]LogAnalytics: Creating configured Analytics provider AnalyticsET
[2015.04.18-10.35.15:320][  0]LogAnalytics: ET APIKey = Rocket.Release. APIServer = http://et2.epicgames.com/ET2/. AppVersion = 4.7.5-2503383+++depot+UE4-Releases+4.7
[2015.04.18-10.35.15:320][  0]LogAnalytics: ET APIKey = Rocket.Release. DataRouterUploadURL = https://datarouter-public-service-gamedev.ol.epicgames.net/datarouter/api/v1/public/data. AppVersion = 4.7.5-2503383+++depot+UE4-Releases+4.7
[2015.04.18-10.35.15:321][  0]LogAnalytics: SetUserId cf3e962b4f6b803c9f3bfc8f9d3c5aa6|fb4b5d7a798346e4b2a57627c6ace3fa|5cb3378a-ab04-48dc-b237-dc85636457fe
[2015.04.18-10.35.15:321][  0]LogAnalytics: AnalyticsET::StartSession [Rocket.Release]
[2015.04.18-10.35.15:440][  0]LogInit: Transaction tracking system initialized
[2015.04.18-10.35.26:777][  0]BlueprintLog: New page: Cargar el editor
[2015.04.18-10.35.27:244][  0]LogAssetRegistry: FAssetRegistry took 0.0121 seconds to start up
[2015.04.18-10.35.27:247][  0]LogDirectoryWatcher:Warning: Failed to begin reading directory changes for ../../../Engine/Plugins/Experimental/CharacterAI/Content/. Error: 0
[2015.04.18-10.35.38:664][  0]LogTargetPlatformManager:Display: Building Assets For Windows
[2015.04.18-10.35.39:366][  0]LogTargetPlatformManager:Display: Building Assets For Windows
[2015.04.18-10.35.53:101][  0]LogSlate:Warning: Failed to load font data from '../../../Engine/Content/Editor/Slate/Fonts/Roboto-Regular.ttf'
[2015.04.18-10.35.53:106][  0]LogSlate:Warning: Failed to load font data from '../../../Engine/Content/Editor/Slate/Fonts/Roboto-Bold.ttf'
[2015.04.18-10.35.55:418][  0]LogConsoleResponse:Display: 
[2015.04.18-10.35.57:793][  0]LogCook:Display: Done creating registry. It took  0.00s.
[2015.04.18-10.36.07:719][  0]SourceControl: Información El control de código fuente está desactivado
[2015.04.18-10.36.07:721][  0]Cmd: MAP LOAD FILE="../../../Engine/Content/Maps/Templates/Template_Default.umap" TEMPLATE=1 SHOWPROGRESS=1 FEATURELEVEL=3
[2015.04.18-10.36.07:738][  0]LightingResults: New page: Diseñar la iluminación
[2015.04.18-10.36.07:772][  0]MapCheck: New page: Revisión del mapa
[2015.04.18-10.36.07:773][  0]LightingResults: New page: Diseñar la iluminación
[2015.04.18-10.36.07:786][  0]LogParticles: Destroying 0 GPU particle simulations for FXSystem 0x000000943939F380
[2015.04.18-10.36.09:814][  0]LogEditorServer: Finished looking for orphan Actors (0.000 secs)
[2015.04.18-10.36.09:826][  0]LogAIModule: Creating AISystem for world Untitled_1
[2015.04.18-10.36.09:827][  0]Cmd: MAP CHECKDEP
[2015.04.18-10.36.09:828][  0]MapCheck: New page: Untitled_1 - 18/4/2015 14:36:09
[2015.04.18-10.36.10:003][  0]MapCheck: Información Map check complete: 0 Error(s), 0 Warning(s), took 174,864ms to complete.
[2015.04.18-10.36.10:003][  0]LogFileHelpers: Loading map 'Template_Default' took 2.283
[2015.04.18-10.36.12:054][  0]LogCollectionManager: Loaded 0 collections in 0.009365 seconds
[2015.04.18-10.36.12:105][  0]LogContentBrowser: Native class hierarchy populated in 0.0487 seconds. Added 1699 classes and 263 folders.
[2015.04.18-10.36.13:423][  0]LogContentBrowser: Native class hierarchy updated for 'SceneOutliner' in 0.0094 seconds. Added 1 classes and 2 folders.
[2015.04.18-10.36.14:486][  0]LogCrashTracker: Crashtracker disabled due to settings.
[2015.04.18-10.36.14:493][  0]LogSlate:Warning: Failed to load font data from 'Veranda'
[2015.04.18-10.36.14:562][  0]LogUObjectGlobals:Warning: Error al encontrar el objeto 'Class Ninguno.'
[2015.04.18-10.36.14:661][  0]LogLoad: Full Startup: 154.71 seconds (BP compile: 0.12 seconds)
[2015.04.18-10.36.14:723][  0]LogContentBrowser:Verbose: The content browser source was changed by the sources view to '/Game/Levels'
[2015.04.18-10.36.15:185][  0]LogRenderer:Warning: Reallocating scene render targets to support 32x32 (Frame:2).
[2015.04.18-10.36.15:449][  0]LogRenderer:Warning: Reallocating scene render targets to support 968x440 (Frame:4).
[2015.04.18-10.36.16:036][  5]LogAssetRegistry: Asset discovery search completed in 48.8039 seconds
[2015.04.18-10.37.11:703][530]LogLinker:Warning: No puede encontrar el archivo '/Game/SideScroller/Character/SideScrollerSkeleton'
[2015.04.18-10.37.11:705][530]LogLinker:Warning: No puede encontrar el archivo para el activo '/Game/SideScroller/Character/SideScrollerSkeleton' mientras carga D:/master_videojuegos/proyecto/TowardTheLight/TowardsTheLight/Content/Models/Character/SideScrollerSkeletalMesh.uasset.
[2015.04.18-10.37.11:706][530]LoadErrors:Error: Error /Game/Models/Character/SideScrollerSkeletalMesh : No puede encontrar el archivo para el activo. /Game/SideScroller/Character/SideScrollerSkeleton
[2015.04.18-10.37.11:709][530]LogLinker:Warning: No puede encontrar el archivo '/Game/SideScroller/Character/SideScrollerSkeleton'
[2015.04.18-10.37.11:711][530]LogLinker:Warning: No puede encontrar el archivo para el activo '/Game/SideScroller/Character/SideScrollerSkeleton' mientras carga D:/master_videojuegos/proyecto/TowardTheLight/TowardsTheLight/Content/Models/Character/SideScrollerSkeletalMesh.uasset.
[2015.04.18-10.37.11:726][530]LogLinker:Warning: No puede encontrar el archivo '/Game/SideScroller/Character/SideScrollerSkeleton'
[2015.04.18-10.37.11:727][530]LoadErrors: Información Error al cargar /Game/SideScroller/Character/SideScrollerSkeleton.SideScrollerSkeleton Referenciado por SideScrollerSkeletalMesh
[2015.04.18-10.37.11:728][530]LogLinker:Warning: No puede encontrar el archivo para el activo '/Game/SideScroller/Character/SideScrollerSkeleton' mientras carga NULL.
[2015.04.18-10.37.11:931][530]Cmd: MAP LOAD FILE="D:/master_videojuegos/proyecto/TowardTheLight/TowardsTheLight/Content/Levels/DevelopmentLevel.umap" TEMPLATE=0 SHOWPROGRESS=1 FEATURELEVEL=3
[2015.04.18-10.37.11:932][530]LightingResults: New page: Diseñar la iluminación
[2015.04.18-10.37.11:978][530]LoadErrors: New page: Cargando mapa: DevelopmentLevel.umap
[2015.04.18-10.37.11:979][530]MapCheck: New page: Revisión del mapa
[2015.04.18-10.37.11:980][530]LightingResults: New page: Diseñar la iluminación
[2015.04.18-10.37.11:987][530]LogParticles: Destroying 0 GPU particle simulations for FXSystem 0x000000943260A7A0
[2015.04.18-10.37.12:014][530]LogEditorServer: Finished looking for orphan Actors (0.000 secs)
[2015.04.18-10.37.12:018][530]LogAIModule: Creating AISystem for world DevelopmentLevel
[2015.04.18-10.37.12:031][530]Cmd: MAP CHECKDEP
[2015.04.18-10.37.12:031][530]MapCheck: New page: DevelopmentLevel - 18/4/2015 14:37:12
[2015.04.18-10.37.12:204][530]MapCheck: Información Map check complete: 0 Error(s), 0 Warning(s), took 172,567ms to complete.
[2015.04.18-10.37.12:206][530]LogFileHelpers: Loading map 'DevelopmentLevel' took 0.277
[2015.04.18-11.29.54:996][ 14]LogPlayLevel: PIE:  No blueprints needed recompiling
[2015.04.18-11.29.54:997][ 14]PIE: New page: Sesión PIE (reproducción en el editor): DevelopmentLevel (18/4/2015 15:29:54)
[2015.04.18-11.29.55:006][ 14]LogPlayLevel: PIE: StaticDuplicateObject took: (0.007386s)
[2015.04.18-11.29.55:010][ 14]LogPlayLevel: PIE: World Init took: (0.003568s)
[2015.04.18-11.29.55:011][ 14]LogPlayLevel: PIE: Created PIE world by copying editor world from /Game/Levels/DevelopmentLevel.DevelopmentLevel to /Game/Levels/UEDPIE_0_DevelopmentLevel.DevelopmentLevel (0.012573s)
[2015.04.18-11.29.55:160][ 14]LogWorld: Game class is 'MyGameMode'
[2015.04.18-11.29.55:164][ 14]LogAIModule: Creating AISystem for world DevelopmentLevel
[2015.04.18-11.29.55:167][ 14]LogWorld: Bringing World /Game/Levels/UEDPIE_0_DevelopmentLevel.DevelopmentLevel up for play (max tick rate 60) at 2015.04.18-13.29.55
[2015.04.18-11.29.55:169][ 14]LogWorld: Bringing up level for play took: 0.003816
[2015.04.18-11.29.55:264][ 14]PIE: Información Tiempo de inicio de la reproducción en el editor para  /Game/Levels/UEDPIE_0_DevelopmentLevel -0,191
[2015.04.18-11.29.56:913][101]LogParticles: Destroying 0 GPU particle simulations for FXSystem 0x0000009440A2A5C0
[2015.04.18-11.34.09:435][ 18]LogPlayLevel: PIE:  No blueprints needed recompiling
[2015.04.18-11.34.09:436][ 18]PIE: New page: Sesión PIE (reproducción en el editor): DevelopmentLevel (18/4/2015 15:34:09)
[2015.04.18-11.34.09:441][ 18]LogPlayLevel: PIE: StaticDuplicateObject took: (0.001993s)
[2015.04.18-11.34.09:443][ 18]LogPlayLevel: PIE: World Init took: (0.001100s)
[2015.04.18-11.34.09:443][ 18]LogPlayLevel: PIE: Created PIE world by copying editor world from /Game/Levels/DevelopmentLevel.DevelopmentLevel to /Game/Levels/UEDPIE_0_DevelopmentLevel.DevelopmentLevel (0.004447s)
[2015.04.18-11.34.09:484][ 18]LogWorld: Game class is 'MyGameMode'
[2015.04.18-11.34.09:486][ 18]LogAIModule: Creating AISystem for world DevelopmentLevel
[2015.04.18-11.34.09:489][ 18]LogWorld: Bringing World /Game/Levels/UEDPIE_0_DevelopmentLevel.DevelopmentLevel up for play (max tick rate 60) at 2015.04.18-13.34.09
[2015.04.18-11.34.09:490][ 18]LogWorld: Bringing up level for play took: 0.003116
[2015.04.18-11.34.09:493][ 18]PIE: Información Tiempo de inicio de la reproducción en el editor para  /Game/Levels/UEDPIE_0_DevelopmentLevel 0,037
[2015.04.18-11.34.11:017][107]LogParticles: Destroying 0 GPU particle simulations for FXSystem 0x0000009439213920
[2015.04.18-11.34.11:836][146]Recompiling TowardsTheLight...
[2015.04.18-11.34.11:837][146]Launching UnrealBuildTool... [C:/Program Files/Epic Games/4.7/Engine/Binaries/DotNET/UnrealBuildTool.exe TowardsTheLight -ModuleWithSuffix TowardsTheLight 8654 Win64 DebugGame -editorrecompile -canskiplink "D:/master_videojuegos/proyecto/TowardTheLight/TowardsTheLight/TowardsTheLight.uproject" -rocket  -rocket]
[2015.04.18-11.34.12:320][146]Warning: Starting HotReload took  0.6s.
[2015.04.18-11.34.28:874][131]CompilerResultsLog: New page: Compilación - 18/4/2015 15:34:28
[2015.04.18-11.34.28:876][131]CompilerResultsLog: Información Parsing headers for TowardsTheLightEditor
[2015.04.18-11.34.28:876][131]CompilerResultsLog: Información Reflection code generated for TowardsTheLightEditor
[2015.04.18-11.34.28:877][131]CompilerResultsLog: Información Performing 4 actions (4 in parallel)
[2015.04.18-11.34.28:878][131]CompilerResultsLog: Información OviCharacter.cpp
[2015.04.18-11.34.28:878][131]CompilerResultsLog: Información TowardsTheLight.generated.cpp
[2015.04.18-11.34.28:879][131]CompilerResultsLog: Información MyGameMode.cpp
[2015.04.18-11.34.28:879][131]CompilerResultsLog:Error: Error D:\master_videojuegos\proyecto\TowardTheLight\TowardsTheLight\Source\TowardsTheLight\OviCharacter.cpp(21)  : error C2761: 'EName NAME_Actor' : no se permite la nueva declaraci?n de la funci?n miembro
[2015.04.18-11.34.28:880][131]CompilerResultsLog: Información -------- End Detailed Actions Stats -----------------------------------------------------------
[2015.04.18-11.34.28:880][131]CompilerResultsLog: Información ERROR: UBT ERROR: Failed to produce item: D:\master_videojuegos\proyecto\TowardTheLight\TowardsTheLight\Binaries\Win64\UE4Editor-TowardsTheLight-8654-Win64-DebugGame.dll
[2015.04.18-11.34.28:881][131]CompilerResultsLog: Información Cumulative action seconds (8 processors): 0,00 building projects, 1,83 compiling, 0,00 creating app bundles, 0,00 generating debug info, 0,00 linking, 0,00 other
[2015.04.18-11.34.28:881][131]CompilerResultsLog: Información UBT execution time: 15,46 seconds
[2015.04.18-11.34.28:881][131]LogMainFrame: MainFrame: Module compiling took 17.209 seconds
[2015.04.18-11.34.28:882][131]Warning: HotReload failed, recompile failed
[2015.04.18-11.34.52:865][ 14]Recompiling TowardsTheLight...
[2015.04.18-11.34.52:866][ 14]Launching UnrealBuildTool... [C:/Program Files/Epic Games/4.7/Engine/Binaries/DotNET/UnrealBuildTool.exe TowardsTheLight -ModuleWithSuffix TowardsTheLight 2349 Win64 DebugGame -editorrecompile -canskiplink "D:/master_videojuegos/proyecto/TowardTheLight/TowardsTheLight/TowardsTheLight.uproject" -rocket  -rocket]
[2015.04.18-11.34.52:921][ 14]Warning: Starting HotReload took  0.1s.
[2015.04.18-11.35.02:504][572]CompilerResultsLog: New page: Compilación - 18/4/2015 15:35:02
[2015.04.18-11.35.02:505][572]CompilerResultsLog: Información Performing 2 actions (4 in parallel)
[2015.04.18-11.35.02:507][572]CompilerResultsLog: Información OviCharacter.cpp
[2015.04.18-11.35.02:508][572]CompilerResultsLog: Información [2/2] Link UE4Editor-TowardsTheLight-2349-Win64-DebugGame.dll
[2015.04.18-11.35.02:508][572]CompilerResultsLog: Información    Creando biblioteca D:\master_videojuegos\proyecto\TowardTheLight\TowardsTheLight\Intermediate\Build\Win64\TowardsTheLightEditor\DebugGame\UE4Editor-TowardsTheLight-2349-Win64-DebugGame.lib y objeto D:\master_videojuegos\proyecto\TowardTheLight\TowardsTheLight\Intermediate\Build\Win64\TowardsTheLightEditor\DebugGame\UE4Editor-TowardsTheLight-2349-Win64-DebugGame.exp
[2015.04.18-11.35.02:509][572]CompilerResultsLog: Información -------- End Detailed Actions Stats -----------------------------------------------------------
[2015.04.18-11.35.02:509][572]CompilerResultsLog: Información Cumulative action seconds (8 processors): 0,00 building projects, 1,89 compiling, 0,00 creating app bundles, 0,00 generating debug info, 1,29 linking, 0,00 other
[2015.04.18-11.35.02:509][572]CompilerResultsLog: Información UBT execution time: 9,29 seconds
[2015.04.18-11.35.02:510][572]LogMainFrame: MainFrame: Module compiling took 9.656 seconds
[2015.04.18-11.35.02:777][572]LogClass: Could not find existing class OviCharacter in package /Script/TowardsTheLight for HotReload, assuming new class
[2015.04.18-11.35.02:778][572]LogClass: Function OnStartLeft is new.
[2015.04.18-11.35.02:779][572]LogClass: Function OnStartRight is new.
[2015.04.18-11.35.02:781][572]LogClass: Function OnStopLeft is new.
[2015.04.18-11.35.02:782][572]LogClass: Function OnStopRight is new.
[2015.04.18-11.35.38:310][572]LogHotReload: Re-instancing MyGameMode after hot-reload.
[2015.04.18-11.35.38:334][572]LogHotReload: Re-instancing OviCharacter after hot-reload.
[2015.04.18-11.35.40:651][572]LogContentBrowser: Native class hierarchy updated for 'TowardsTheLight' in 0.0109 seconds. Added 3 classes and 2 folders.
[2015.04.18-11.35.40:652][572]Warning: HotReload successful (0 functions remapped  0 scriptstructs remapped)
[2015.04.18-11.35.40:675][572]LogContentBrowser: Native class hierarchy populated in 0.0153 seconds. Added 1700 classes and 265 folders.
[2015.04.18-11.35.43:883][707]LogPlayLevel: PIE:  No blueprints needed recompiling
[2015.04.18-11.35.43:884][707]PIE: New page: Sesión PIE (reproducción en el editor): DevelopmentLevel (18/4/2015 15:35:43)
[2015.04.18-11.35.45:953][707]LogPlayLevel: PIE: StaticDuplicateObject took: (2.068204s)
[2015.04.18-11.35.45:955][707]LogPlayLevel: PIE: World Init took: (0.000851s)
[2015.04.18-11.35.45:955][707]LogPlayLevel: PIE: Created PIE world by copying editor world from /Game/Levels/DevelopmentLevel.DevelopmentLevel to /Game/Levels/UEDPIE_0_DevelopmentLevel.DevelopmentLevel (2.070391s)
[2015.04.18-11.35.46:002][707]LogWorld: Game class is 'MyGameMode'
[2015.04.18-11.35.46:005][707]LogAIModule: Creating AISystem for world DevelopmentLevel
[2015.04.18-11.35.46:009][707]LogWorld: Bringing World /Game/Levels/UEDPIE_0_DevelopmentLevel.DevelopmentLevel up for play (max tick rate 3) at 2015.04.18-13.35.46
[2015.04.18-11.35.46:010][707]LogWorld: Bringing up level for play took: 0.003608
[2015.04.18-11.35.46:013][707]PIE: Información Tiempo de inicio de la reproducción en el editor para  /Game/Levels/UEDPIE_0_DevelopmentLevel 2,558
[2015.04.18-11.35.49:148][835]LogParticles: Destroying 0 GPU particle simulations for FXSystem 0x00000094329E1800
[2015.04.18-11.37.06:947][420]Recompiling TowardsTheLight...
[2015.04.18-11.37.06:948][420]Launching UnrealBuildTool... [C:/Program Files/Epic Games/4.7/Engine/Binaries/DotNET/UnrealBuildTool.exe TowardsTheLight -ModuleWithSuffix TowardsTheLight 5130 Win64 DebugGame -editorrecompile -canskiplink "D:/master_videojuegos/proyecto/TowardTheLight/TowardsTheLight/TowardsTheLight.uproject" -rocket  -rocket]
[2015.04.18-11.37.06:969][420]Warning: Starting HotReload took  0.0s.
[2015.04.18-11.37.16:117][951]CompilerResultsLog: New page: Compilación - 18/4/2015 15:37:16
[2015.04.18-11.37.16:119][951]CompilerResultsLog: Información Performing 2 actions (4 in parallel)
[2015.04.18-11.37.16:120][951]CompilerResultsLog: Información OviCharacter.cpp
[2015.04.18-11.37.16:120][951]CompilerResultsLog: Información [2/2] Link UE4Editor-TowardsTheLight-5130-Win64-DebugGame.dll
[2015.04.18-11.37.16:121][951]CompilerResultsLog: Información    Creando biblioteca D:\master_videojuegos\proyecto\TowardTheLight\TowardsTheLight\Intermediate\Build\Win64\TowardsTheLightEditor\DebugGame\UE4Editor-TowardsTheLight-5130-Win64-DebugGame.lib y objeto D:\master_videojuegos\proyecto\TowardTheLight\TowardsTheLight\Intermediate\Build\Win64\TowardsTheLightEditor\DebugGame\UE4Editor-TowardsTheLight-5130-Win64-DebugGame.exp
[2015.04.18-11.37.16:122][951]CompilerResultsLog: Información -------- End Detailed Actions Stats -----------------------------------------------------------
[2015.04.18-11.37.16:123][951]CompilerResultsLog: Información Cumulative action seconds (8 processors): 0,00 building projects, 1,71 compiling, 0,00 creating app bundles, 0,00 generating debug info, 0,80 linking, 0,00 other
[2015.04.18-11.37.16:123][951]CompilerResultsLog: Información UBT execution time: 8,96 seconds
[2015.04.18-11.37.16:124][951]LogMainFrame: MainFrame: Module compiling took 9.189 seconds
[2015.04.18-11.37.36:383][951]LogContentBrowser: Native class hierarchy updated for 'TowardsTheLight' in 0.0300 seconds. Added 3 classes and 2 folders.
[2015.04.18-11.37.36:385][951]Warning: HotReload successful (4 functions remapped  0 scriptstructs remapped)
[2015.04.18-11.37.36:415][951]LogContentBrowser: Native class hierarchy populated in 0.0189 seconds. Added 1700 classes and 265 folders.
[2015.04.18-11.37.39:603][ 77]Recompiling TowardsTheLight...
[2015.04.18-11.37.39:603][ 77]Launching UnrealBuildTool... [C:/Program Files/Epic Games/4.7/Engine/Binaries/DotNET/UnrealBuildTool.exe TowardsTheLight -ModuleWithSuffix TowardsTheLight 9594 Win64 DebugGame -editorrecompile -canskiplink "D:/master_videojuegos/proyecto/TowardTheLight/TowardsTheLight/TowardsTheLight.uproject" -rocket  -rocket]
[2015.04.18-11.37.39:620][ 77]Warning: Starting HotReload took  0.0s.
[2015.04.18-11.37.48:342][583]CompilerResultsLog: New page: Compilación - 18/4/2015 15:37:48
[2015.04.18-11.37.48:343][583]CompilerResultsLog: Información Performing 2 actions (4 in parallel)
[2015.04.18-11.37.48:344][583]CompilerResultsLog: Información OviCharacter.cpp
[2015.04.18-11.37.48:344][583]CompilerResultsLog: Información [2/2] Link UE4Editor-TowardsTheLight-9594-Win64-DebugGame.dll
[2015.04.18-11.37.48:345][583]CompilerResultsLog: Información    Creando biblioteca D:\master_videojuegos\proyecto\TowardTheLight\TowardsTheLight\Intermediate\Build\Win64\TowardsTheLightEditor\DebugGame\UE4Editor-TowardsTheLight-9594-Win64-DebugGame.lib y objeto D:\master_videojuegos\proyecto\TowardTheLight\TowardsTheLight\Intermediate\Build\Win64\TowardsTheLightEditor\DebugGame\UE4Editor-TowardsTheLight-9594-Win64-DebugGame.exp
[2015.04.18-11.37.48:346][583]CompilerResultsLog: Información -------- End Detailed Actions Stats -----------------------------------------------------------
[2015.04.18-11.37.48:346][583]CompilerResultsLog: Información Cumulative action seconds (8 processors): 0,00 building projects, 1,71 compiling, 0,00 creating app bundles, 0,00 generating debug info, 0,79 linking, 0,00 other
[2015.04.18-11.37.48:347][583]CompilerResultsLog: Información UBT execution time: 8,54 seconds
[2015.04.18-11.37.48:347][583]LogMainFrame: MainFrame: Module compiling took 8.756 seconds
[2015.04.18-11.38.02:228][583]LogContentBrowser: Native class hierarchy updated for 'TowardsTheLight' in 0.0214 seconds. Added 3 classes and 2 folders.
[2015.04.18-11.38.02:230][583]Warning: HotReload successful (4 functions remapped  0 scriptstructs remapped)
[2015.04.18-11.38.02:254][583]LogContentBrowser: Native class hierarchy populated in 0.0153 seconds. Added 1700 classes and 265 folders.
[2015.04.18-11.38.04:271][646]Recompiling TowardsTheLight...
[2015.04.18-11.38.04:273][646]Launching UnrealBuildTool... [C:/Program Files/Epic Games/4.7/Engine/Binaries/DotNET/UnrealBuildTool.exe TowardsTheLight -ModuleWithSuffix TowardsTheLight 5430 Win64 DebugGame -editorrecompile -canskiplink "D:/master_videojuegos/proyecto/TowardTheLight/TowardsTheLight/TowardsTheLight.uproject" -rocket  -rocket]
[2015.04.18-11.38.04:289][646]Warning: Starting HotReload took  0.0s.
[2015.04.18-11.38.11:152][ 40]CompilerResultsLog: New page: Compilación - 18/4/2015 15:38:11
[2015.04.18-11.38.11:153][ 40]CompilerResultsLog: Información Performing 2 actions (4 in parallel)
[2015.04.18-11.38.11:154][ 40]CompilerResultsLog: Información OviCharacter.cpp
[2015.04.18-11.38.11:156][ 40]CompilerResultsLog:Error: Error D:\master_videojuegos\proyecto\TowardTheLight\TowardsTheLight\Source\TowardsTheLight\OviCharacter.cpp(22)  : error C2374: 'name' : nueva definici?n; inicializaci?n m?ltiple
[2015.04.18-11.38.11:157][ 40]CompilerResultsLog: Información          D:\master_videojuegos\proyecto\TowardTheLight\TowardsTheLight\Source\TowardsTheLight\OviCharacter.cpp(21)  : vea la declaraci?n de 'name'
[2015.04.18-11.38.11:158][ 40]CompilerResultsLog: Información -------- End Detailed Actions Stats -----------------------------------------------------------
[2015.04.18-11.38.11:158][ 40]CompilerResultsLog: Información ERROR: UBT ERROR: Failed to produce item: D:\master_videojuegos\proyecto\TowardTheLight\TowardsTheLight\Binaries\Win64\UE4Editor-TowardsTheLight-5430-Win64-DebugGame.dll
[2015.04.18-11.38.11:158][ 40]CompilerResultsLog: Información Cumulative action seconds (8 processors): 0,00 building projects, 0,43 compiling, 0,00 creating app bundles, 0,00 generating debug info, 0,00 linking, 0,00 other
[2015.04.18-11.38.11:159][ 40]CompilerResultsLog: Información UBT execution time: 6,69 seconds
[2015.04.18-11.38.11:159][ 40]LogMainFrame: MainFrame: Module compiling took 6.901 seconds
[2015.04.18-11.38.11:160][ 40]Warning: HotReload failed, recompile failed
[2015.04.18-11.38.20:172][276]Recompiling TowardsTheLight...
[2015.04.18-11.38.20:173][276]Launching UnrealBuildTool... [C:/Program Files/Epic Games/4.7/Engine/Binaries/DotNET/UnrealBuildTool.exe TowardsTheLight -ModuleWithSuffix TowardsTheLight 3052 Win64 DebugGame -editorrecompile -canskiplink "D:/master_videojuegos/proyecto/TowardTheLight/TowardsTheLight/TowardsTheLight.uproject" -rocket  -rocket]
[2015.04.18-11.38.20:192][276]Warning: Starting HotReload took  0.0s.
[2015.04.18-11.38.28:297][745]CompilerResultsLog: New page: Compilación - 18/4/2015 15:38:28
[2015.04.18-11.38.28:300][745]CompilerResultsLog: Información Performing 2 actions (4 in parallel)
[2015.04.18-11.38.28:301][745]CompilerResultsLog: Información OviCharacter.cpp
[2015.04.18-11.38.28:301][745]CompilerResultsLog: Información [2/2] Link UE4Editor-TowardsTheLight-3052-Win64-DebugGame.dll
[2015.04.18-11.38.28:302][745]CompilerResultsLog: Información    Creando biblioteca D:\master_videojuegos\proyecto\TowardTheLight\TowardsTheLight\Intermediate\Build\Win64\TowardsTheLightEditor\DebugGame\UE4Editor-TowardsTheLight-3052-Win64-DebugGame.lib y objeto D:\master_videojuegos\proyecto\TowardTheLight\TowardsTheLight\Intermediate\Build\Win64\TowardsTheLightEditor\DebugGame\UE4Editor-TowardsTheLight-3052-Win64-DebugGame.exp
[2015.04.18-11.38.28:303][745]CompilerResultsLog: Información -------- End Detailed Actions Stats -----------------------------------------------------------
[2015.04.18-11.38.28:304][745]CompilerResultsLog: Información Cumulative action seconds (8 processors): 0,00 building projects, 1,01 compiling, 0,00 creating app bundles, 0,00 generating debug info, 0,79 linking, 0,00 other
[2015.04.18-11.38.28:304][745]CompilerResultsLog: Información UBT execution time: 7,91 seconds
[2015.04.18-11.38.28:305][745]LogMainFrame: MainFrame: Module compiling took 8.151 seconds
[2015.04.18-11.41.14:816][745]LogContentBrowser: Native class hierarchy updated for 'TowardsTheLight' in 0.0109 seconds. Added 3 classes and 2 folders.
[2015.04.18-11.41.14:818][745]Warning: HotReload successful (4 functions remapped  0 scriptstructs remapped)
[2015.04.18-11.41.14:841][745]LogContentBrowser: Native class hierarchy populated in 0.0156 seconds. Added 1700 classes and 265 folders.
[2015.04.18-11.41.18:005][860]Recompiling TowardsTheLight...
[2015.04.18-11.41.18:006][860]Launching UnrealBuildTool... [C:/Program Files/Epic Games/4.7/Engine/Binaries/DotNET/UnrealBuildTool.exe TowardsTheLight -ModuleWithSuffix TowardsTheLight 2105 Win64 DebugGame -editorrecompile -canskiplink "D:/master_videojuegos/proyecto/TowardTheLight/TowardsTheLight/TowardsTheLight.uproject" -rocket  -rocket]
[2015.04.18-11.41.18:036][860]Warning: Starting HotReload took  0.0s.
[2015.04.18-11.41.22:009][ 67]LogSavePackage: Save=29.320866ms
[2015.04.18-11.41.22:010][ 67]LogSavePackage: Moving 'D:/master_videojuegos/proyecto/TowardTheLight/TowardsTheLight/Saved/DevelopmentLevel_Auto1C998026C48CFC7FE0B0C6B9AE842DDC2.tmp' to 'D:/master_videojuegos/proyecto/TowardTheLight/TowardsTheLight/Saved/Autosaves/Game/Levels/DevelopmentLevel_Auto1.umap'
[2015.04.18-11.41.22:020][ 67]LogFileHelpers: Editor autosave (incl. sublevels) for '/Game/Levels/DevelopmentLevel' took 0.140
[2015.04.18-11.41.22:020][ 67]LogFileHelpers: Editor autosave (incl. sublevels) for all levels took 0.140
[2015.04.18-11.41.26:179][317]CompilerResultsLog: New page: Compilación - 18/4/2015 15:41:26
[2015.04.18-11.41.26:181][317]CompilerResultsLog: Información Performing 2 actions (4 in parallel)
[2015.04.18-11.41.26:182][317]CompilerResultsLog: Información OviCharacter.cpp
[2015.04.18-11.41.26:183][317]CompilerResultsLog: Información [2/2] Link UE4Editor-TowardsTheLight-2105-Win64-DebugGame.dll
[2015.04.18-11.41.26:184][317]CompilerResultsLog: Información    Creando biblioteca D:\master_videojuegos\proyecto\TowardTheLight\TowardsTheLight\Intermediate\Build\Win64\TowardsTheLightEditor\DebugGame\UE4Editor-TowardsTheLight-2105-Win64-DebugGame.lib y objeto D:\master_videojuegos\proyecto\TowardTheLight\TowardsTheLight\Intermediate\Build\Win64\TowardsTheLightEditor\DebugGame\UE4Editor-TowardsTheLight-2105-Win64-DebugGame.exp
[2015.04.18-11.41.26:185][317]CompilerResultsLog: Información -------- End Detailed Actions Stats -----------------------------------------------------------
[2015.04.18-11.41.26:185][317]CompilerResultsLog: Información Cumulative action seconds (8 processors): 0,00 building projects, 0,99 compiling, 0,00 creating app bundles, 0,00 generating debug info, 0,80 linking, 0,00 other
[2015.04.18-11.41.26:186][317]CompilerResultsLog: Información UBT execution time: 7,87 seconds
[2015.04.18-11.41.26:186][317]LogMainFrame: MainFrame: Module compiling took 8.195 seconds
[2015.04.18-11.41.38:179][317]LogContentBrowser: Native class hierarchy updated for 'TowardsTheLight' in 0.0147 seconds. Added 3 classes and 2 folders.
[2015.04.18-11.41.38:181][317]Warning: HotReload successful (4 functions remapped  0 scriptstructs remapped)
[2015.04.18-11.41.38:204][317]LogContentBrowser: Native class hierarchy populated in 0.0158 seconds. Added 1700 classes and 265 folders.
[2015.04.18-11.41.42:253][502]Recompiling TowardsTheLight...
[2015.04.18-11.41.42:254][502]Launching UnrealBuildTool... [C:/Program Files/Epic Games/4.7/Engine/Binaries/DotNET/UnrealBuildTool.exe TowardsTheLight -ModuleWithSuffix TowardsTheLight 868 Win64 DebugGame -editorrecompile -canskiplink "D:/master_videojuegos/proyecto/TowardTheLight/TowardsTheLight/TowardsTheLight.uproject" -rocket  -rocket]
[2015.04.18-11.41.42:273][502]Warning: Starting HotReload took  0.0s.
[2015.04.18-11.41.50:523][980]CompilerResultsLog: New page: Compilación - 18/4/2015 15:41:50
[2015.04.18-11.41.50:525][980]CompilerResultsLog: Información Performing 2 actions (4 in parallel)
[2015.04.18-11.41.50:525][980]CompilerResultsLog: Información OviCharacter.cpp
[2015.04.18-11.41.50:526][980]CompilerResultsLog: Información [2/2] Link UE4Editor-TowardsTheLight-868-Win64-DebugGame.dll
[2015.04.18-11.41.50:527][980]CompilerResultsLog: Información    Creando biblioteca D:\master_videojuegos\proyecto\TowardTheLight\TowardsTheLight\Intermediate\Build\Win64\TowardsTheLightEditor\DebugGame\UE4Editor-TowardsTheLight-868-Win64-DebugGame.lib y objeto D:\master_videojuegos\proyecto\TowardTheLight\TowardsTheLight\Intermediate\Build\Win64\TowardsTheLightEditor\DebugGame\UE4Editor-TowardsTheLight-868-Win64-DebugGame.exp
[2015.04.18-11.41.50:527][980]CompilerResultsLog: Información -------- End Detailed Actions Stats -----------------------------------------------------------
[2015.04.18-11.41.50:528][980]CompilerResultsLog: Información Cumulative action seconds (8 processors): 0,00 building projects, 1,13 compiling, 0,00 creating app bundles, 0,00 generating debug info, 0,80 linking, 0,00 other
[2015.04.18-11.41.50:528][980]CompilerResultsLog: Información UBT execution time: 8,08 seconds
[2015.04.18-11.41.50:529][980]LogMainFrame: MainFrame: Module compiling took 8.287 seconds
[2015.04.18-11.42.53:410][980]LogContentBrowser: Native class hierarchy updated for 'TowardsTheLight' in 0.0122 seconds. Added 3 classes and 2 folders.
[2015.04.18-11.42.53:412][980]Warning: HotReload successful (4 functions remapped  0 scriptstructs remapped)
[2015.04.18-11.42.53:437][980]LogContentBrowser: Native class hierarchy populated in 0.0171 seconds. Added 1700 classes and 265 folders.
[2015.04.18-11.42.55:592][ 48]Recompiling TowardsTheLight...
[2015.04.18-11.42.55:592][ 48]Launching UnrealBuildTool... [C:/Program Files/Epic Games/4.7/Engine/Binaries/DotNET/UnrealBuildTool.exe TowardsTheLight -ModuleWithSuffix TowardsTheLight 9406 Win64 DebugGame -editorrecompile -canskiplink "D:/master_videojuegos/proyecto/TowardTheLight/TowardsTheLight/TowardsTheLight.uproject" -rocket  -rocket]
[2015.04.18-11.42.55:621][ 48]Warning: Starting HotReload took  0.1s.
[2015.04.18-11.43.02:726][247]CompilerResultsLog: New page: Compilación - 18/4/2015 15:43:02
[2015.04.18-11.43.02:728][247]CompilerResultsLog: Información Performing 2 actions (4 in parallel)
[2015.04.18-11.43.02:728][247]CompilerResultsLog: Información OviCharacter.cpp
[2015.04.18-11.43.02:729][247]CompilerResultsLog: Información [2/2] Link UE4Editor-TowardsTheLight-9406-Win64-DebugGame.dll
[2015.04.18-11.43.02:729][247]CompilerResultsLog: Información    Creando biblioteca D:\master_videojuegos\proyecto\TowardTheLight\TowardsTheLight\Intermediate\Build\Win64\TowardsTheLightEditor\DebugGame\UE4Editor-TowardsTheLight-9406-Win64-DebugGame.lib y objeto D:\master_videojuegos\proyecto\TowardTheLight\TowardsTheLight\Intermediate\Build\Win64\TowardsTheLightEditor\DebugGame\UE4Editor-TowardsTheLight-9406-Win64-DebugGame.exp
[2015.04.18-11.43.02:729][247]CompilerResultsLog: Información -------- End Detailed Actions Stats -----------------------------------------------------------
[2015.04.18-11.43.02:730][247]CompilerResultsLog: Información Cumulative action seconds (8 processors): 0,00 building projects, 0,35 compiling, 0,00 creating app bundles, 0,00 generating debug info, 0,65 linking, 0,00 other
[2015.04.18-11.43.02:730][247]CompilerResultsLog: Información UBT execution time: 6,85 seconds
[2015.04.18-11.43.02:730][247]LogMainFrame: MainFrame: Module compiling took 7.209 seconds
[2015.04.18-11.45.43:824][247]LogContentBrowser: Native class hierarchy updated for 'TowardsTheLight' in 0.0140 seconds. Added 3 classes and 2 folders.
[2015.04.18-11.45.43:826][247]Warning: HotReload successful (4 functions remapped  0 scriptstructs remapped)
[2015.04.18-11.45.43:854][247]LogContentBrowser: Native class hierarchy populated in 0.0185 seconds. Added 1700 classes and 265 folders.
[2015.04.18-11.49.50:020][146]LogContentBrowser:Verbose: The content browser source was changed by the sources view to '/Classes_Game'
[2015.04.18-11.49.51:536][237]LogContentBrowser:Verbose: The content browser source was changed by the sources view to '/Classes_Game/TowardsTheLight'
[2015.04.18-11.55.23:604][304]Recompiling TowardsTheLight...
[2015.04.18-11.55.23:605][304]Launching UnrealBuildTool... [C:/Program Files/Epic Games/4.7/Engine/Binaries/DotNET/UnrealBuildTool.exe TowardsTheLight -ModuleWithSuffix TowardsTheLight 9172 Win64 DebugGame -editorrecompile -canskiplink "D:/master_videojuegos/proyecto/TowardTheLight/TowardsTheLight/TowardsTheLight.uproject" -rocket  -rocket]
[2015.04.18-11.55.38:599][304]CompilerResultsLog: New page: Compilación - 18/4/2015 15:55:38
[2015.04.18-11.55.38:602][304]CompilerResultsLog: Información Parsing headers for TowardsTheLightEditor
[2015.04.18-11.55.38:602][304]CompilerResultsLog: Información Reflection code generated for TowardsTheLightEditor
[2015.04.18-11.55.38:603][304]CompilerResultsLog: Información Performing 3 actions (4 in parallel)
[2015.04.18-11.55.38:604][304]CompilerResultsLog: Información OviCameraActor.cpp
[2015.04.18-11.55.38:604][304]CompilerResultsLog: Información TowardsTheLight.generated.cpp
[2015.04.18-11.55.38:605][304]CompilerResultsLog: Información [3/3] Link UE4Editor-TowardsTheLight-9172-Win64-DebugGame.dll
[2015.04.18-11.55.38:605][304]CompilerResultsLog: Información    Creando biblioteca D:\master_videojuegos\proyecto\TowardTheLight\TowardsTheLight\Intermediate\Build\Win64\TowardsTheLightEditor\DebugGame\UE4Editor-TowardsTheLight-9172-Win64-DebugGame.lib y objeto D:\master_videojuegos\proyecto\TowardTheLight\TowardsTheLight\Intermediate\Build\Win64\TowardsTheLightEditor\DebugGame\UE4Editor-TowardsTheLight-9172-Win64-DebugGame.exp
[2015.04.18-11.55.38:605][304]CompilerResultsLog: Información -------- End Detailed Actions Stats -----------------------------------------------------------
[2015.04.18-11.55.38:606][304]CompilerResultsLog: Información Cumulative action seconds (8 processors): 0,00 building projects, 2,11 compiling, 0,00 creating app bundles, 0,00 generating debug info, 0,90 linking, 0,00 other
[2015.04.18-11.55.38:607][304]CompilerResultsLog: Información UBT execution time: 14,36 seconds
[2015.04.18-11.55.38:607][304]LogMainFrame: MainFrame: Module compiling took 15.024 seconds
[2015.04.18-11.55.38:717][304]LogClass: Could not find existing class OviCameraActor in package /Script/TowardsTheLight for HotReload, assuming new class
[2015.04.18-11.55.38:733][304]LogContentBrowser: Native class hierarchy updated for 'TowardsTheLight' in 0.0135 seconds. Added 4 classes and 2 folders.
[2015.04.18-11.55.38:735][304]Warning: HotReload successful (4 functions remapped  0 scriptstructs remapped)
[2015.04.18-11.55.38:764][304]LogContentBrowser: Native class hierarchy populated in 0.0215 seconds. Added 1701 classes and 265 folders.
[2015.04.18-11.55.38:766][304]Warning: HotReload operation took 15.2s.
[2015.04.18-11.55.39:072][304]LogVSAccessor:Warning: Couldn't goto line number '0' in 'D:/master_videojuegos/proyecto/TowardTheLight/TowardsTheLight/Source/TowardsTheLight/OviCameraActor.h'
[2015.04.18-11.55.39:199][304]LogVSAccessor:Warning: Couldn't goto line number '0' in 'D:/master_videojuegos/proyecto/TowardTheLight/TowardsTheLight/Source/TowardsTheLight/OviCameraActor.cpp'
[2015.04.18-11.55.39:223][304]LogHotReload: New module detected: UE4Editor-TowardsTheLight-9172-Win64-DebugGame.dll
[2015.04.18-11.55.39:319][305]LogHotReload: Starting Hot-Reload from IDE
[2015.04.18-11.55.39:550][305]LogContentBrowser: Native class hierarchy updated for 'TowardsTheLight' in 0.0123 seconds. Added 4 classes and 2 folders.
[2015.04.18-11.55.39:551][305]Warning: HotReload successful (0 functions remapped  0 scriptstructs remapped)
[2015.04.18-11.55.39:587][305]LogContentBrowser: Native class hierarchy populated in 0.0173 seconds. Added 1701 classes and 265 folders.
[2015.04.18-11.59.42:919][165]Recompiling TowardsTheLight...
[2015.04.18-11.59.42:920][165]Launching UnrealBuildTool... [C:/Program Files/Epic Games/4.7/Engine/Binaries/DotNET/UnrealBuildTool.exe TowardsTheLight -ModuleWithSuffix TowardsTheLight 8852 Win64 DebugGame -editorrecompile -canskiplink "D:/master_videojuegos/proyecto/TowardTheLight/TowardsTheLight/TowardsTheLight.uproject" -rocket  -rocket]
[2015.04.18-11.59.42:972][165]Warning: Starting HotReload took  0.1s.
[2015.04.18-11.59.57:343][ 10]CompilerResultsLog: New page: Compilación - 18/4/2015 15:59:57
[2015.04.18-11.59.57:344][ 10]CompilerResultsLog: Información Parsing headers for TowardsTheLightEditor
[2015.04.18-11.59.57:345][ 10]CompilerResultsLog: Información Reflection code generated for TowardsTheLightEditor
[2015.04.18-11.59.57:345][ 10]CompilerResultsLog: Información Performing 4 actions (4 in parallel)
[2015.04.18-11.59.57:346][ 10]CompilerResultsLog: Información OviCameraActor.cpp
[2015.04.18-11.59.57:346][ 10]CompilerResultsLog: Información OviCharacter.cpp
[2015.04.18-11.59.57:347][ 10]CompilerResultsLog: Información TowardsTheLight.generated.cpp
[2015.04.18-11.59.57:347][ 10]CompilerResultsLog:Error: Error D:\master_videojuegos\proyecto\TowardTheLight\TowardsTheLight\Source\TowardsTheLight\OviCameraActor.cpp(6)  : error C2512: 'ACameraActor' : no hay disponible un constructor predeterminado adecuado
[2015.04.18-11.59.57:347][ 10]CompilerResultsLog: Información -------- End Detailed Actions Stats -----------------------------------------------------------
[2015.04.18-11.59.57:347][ 10]CompilerResultsLog: Información ERROR: UBT ERROR: Failed to produce item: D:\master_videojuegos\proyecto\TowardTheLight\TowardsTheLight\Binaries\Win64\UE4Editor-TowardsTheLight-8852-Win64-DebugGame.dll
[2015.04.18-11.59.57:348][ 10]CompilerResultsLog: Información Cumulative action seconds (8 processors): 0,00 building projects, 1,89 compiling, 0,00 creating app bundles, 0,00 generating debug info, 0,00 linking, 0,00 other
[2015.04.18-11.59.57:348][ 10]CompilerResultsLog: Información UBT execution time: 14,07 seconds
[2015.04.18-11.59.57:348][ 10]LogMainFrame: MainFrame: Module compiling took 14.451 seconds
[2015.04.18-11.59.57:348][ 10]Warning: HotReload failed, recompile failed
[2015.04.18-12.00.33:103][103]Recompiling TowardsTheLight...
[2015.04.18-12.00.33:104][103]Launching UnrealBuildTool... [C:/Program Files/Epic Games/4.7/Engine/Binaries/DotNET/UnrealBuildTool.exe TowardsTheLight -ModuleWithSuffix TowardsTheLight 8812 Win64 DebugGame -editorrecompile -canskiplink "D:/master_videojuegos/proyecto/TowardTheLight/TowardsTheLight/TowardsTheLight.uproject" -rocket  -rocket]
[2015.04.18-12.00.33:130][103]Warning: Starting HotReload took  0.0s.
[2015.04.18-12.00.46:836][907]CompilerResultsLog: New page: Compilación - 18/4/2015 16:00:46
[2015.04.18-12.00.46:837][907]CompilerResultsLog: Información Parsing headers for TowardsTheLightEditor
[2015.04.18-12.00.46:838][907]CompilerResultsLog: Información Reflection code generated for TowardsTheLightEditor
[2015.04.18-12.00.46:838][907]CompilerResultsLog: Información Performing 3 actions (4 in parallel)
[2015.04.18-12.00.46:838][907]CompilerResultsLog: Información TowardsTheLight.generated.cpp
[2015.04.18-12.00.46:839][907]CompilerResultsLog: Información OviCameraActor.cpp
[2015.04.18-12.00.46:839][907]CompilerResultsLog: Información [3/3] Link UE4Editor-TowardsTheLight-8812-Win64-DebugGame.dll
[2015.04.18-12.00.46:840][907]CompilerResultsLog: Información    Creando biblioteca D:\master_videojuegos\proyecto\TowardTheLight\TowardsTheLight\Intermediate\Build\Win64\TowardsTheLightEditor\DebugGame\UE4Editor-TowardsTheLight-8812-Win64-DebugGame.lib y objeto D:\master_videojuegos\proyecto\TowardTheLight\TowardsTheLight\Intermediate\Build\Win64\TowardsTheLightEditor\DebugGame\UE4Editor-TowardsTheLight-8812-Win64-DebugGame.exp
[2015.04.18-12.00.46:840][907]CompilerResultsLog: Información -------- End Detailed Actions Stats -----------------------------------------------------------
[2015.04.18-12.00.46:841][907]CompilerResultsLog: Información Cumulative action seconds (8 processors): 0,00 building projects, 0,82 compiling, 0,00 creating app bundles, 0,00 generating debug info, 1,20 linking, 0,00 other
[2015.04.18-12.00.46:842][907]CompilerResultsLog: Información UBT execution time: 13,53 seconds
[2015.04.18-12.00.46:842][907]LogMainFrame: MainFrame: Module compiling took 13.753 seconds
[2015.04.18-12.00.46:892][907]LogContentBrowser: Native class hierarchy updated for 'TowardsTheLight' in 0.0103 seconds. Added 4 classes and 2 folders.
[2015.04.18-12.00.46:894][907]Warning: HotReload successful (4 functions remapped  0 scriptstructs remapped)
[2015.04.18-12.00.46:917][907]LogContentBrowser: Native class hierarchy populated in 0.0157 seconds. Added 1701 classes and 265 folders.
[2015.04.18-12.00.55:951][443]LogEditorViewport: Clicking on Actor (LMB): StaticMeshActor (Cube)
[2015.04.18-12.00.56:909][487]LogPlayLevel: PIE:  No blueprints needed recompiling
[2015.04.18-12.00.56:910][487]PIE: New page: Sesión PIE (reproducción en el editor): DevelopmentLevel (18/4/2015 16:00:56)
[2015.04.18-12.00.56:913][487]LogPlayLevel: PIE: StaticDuplicateObject took: (0.002030s)
[2015.04.18-12.00.56:915][487]LogPlayLevel: PIE: World Init took: (0.000705s)
[2015.04.18-12.00.56:916][487]LogPlayLevel: PIE: Created PIE world by copying editor world from /Game/Levels/DevelopmentLevel.DevelopmentLevel to /Game/Levels/UEDPIE_0_DevelopmentLevel.DevelopmentLevel (0.004475s)
[2015.04.18-12.00.56:954][487]LogWorld: Game class is 'MyGameMode'
[2015.04.18-12.00.56:956][487]LogAIModule: Creating AISystem for world DevelopmentLevel
[2015.04.18-12.00.56:959][487]LogWorld: Bringing World /Game/Levels/UEDPIE_0_DevelopmentLevel.DevelopmentLevel up for play (max tick rate 60) at 2015.04.18-14.00.56
[2015.04.18-12.00.56:961][487]LogWorld: Bringing up level for play took: 0.003188
[2015.04.18-12.00.56:963][487]PIE: Información Tiempo de inicio de la reproducción en el editor para  /Game/Levels/UEDPIE_0_DevelopmentLevel -0,492
[2015.04.18-12.01.12:056][388]LogParticles: Destroying 0 GPU particle simulations for FXSystem 0x000000943CDA62A0
[2015.04.18-12.01.17:118][669]LogEditorActor: Deleted Actor: CameraActor
[2015.04.18-12.01.17:129][669]LogEditorActor: Deleted 1 Actors (0.012 secs)
[2015.04.18-12.01.20:393][861]LogEditor: Attempting to add actor of class 'OviCameraActor' to level at -750.00,-670.00,-200.00
[2015.04.18-12.01.21:329][914]LogEditor: Attempting to add actor of class 'OviCameraActor' to level at -750.00,-360.00,70.00
[2015.04.18-12.01.22:213][948]LogSavePackage: Save=22.231537ms
[2015.04.18-12.01.22:213][948]LogSavePackage: Moving 'D:/master_videojuegos/proyecto/TowardTheLight/TowardsTheLight/Saved/DevelopmentLevel_Auto23AAB377B4F17B7E844210DA7E62AA114.tmp' to 'D:/master_videojuegos/proyecto/TowardTheLight/TowardsTheLight/Saved/Autosaves/Game/Levels/DevelopmentLevel_Auto2.umap'
[2015.04.18-12.01.22:251][948]LogFileHelpers: Editor autosave (incl. sublevels) for '/Game/Levels/DevelopmentLevel' took 0.171
[2015.04.18-12.01.22:251][948]LogFileHelpers: Editor autosave (incl. sublevels) for all levels took 0.171
[2015.04.18-12.01.42:781][172]LogPlayLevel: PIE:  No blueprints needed recompiling
[2015.04.18-12.01.42:782][172]PIE: New page: Sesión PIE (reproducción en el editor): DevelopmentLevel (18/4/2015 16:01:42)
[2015.04.18-12.01.42:784][172]LogPlayLevel: PIE: StaticDuplicateObject took: (0.001677s)
[2015.04.18-12.01.42:786][172]LogPlayLevel: PIE: World Init took: (0.000962s)
[2015.04.18-12.01.42:787][172]LogPlayLevel: PIE: Created PIE world by copying editor world from /Game/Levels/DevelopmentLevel.DevelopmentLevel to /Game/Levels/UEDPIE_0_DevelopmentLevel.DevelopmentLevel (0.003830s)
[2015.04.18-12.01.42:858][172]LogWorld: Game class is 'MyGameMode'
[2015.04.18-12.01.42:860][172]LogAIModule: Creating AISystem for world DevelopmentLevel
[2015.04.18-12.01.42:863][172]LogWorld: Bringing World /Game/Levels/UEDPIE_0_DevelopmentLevel.DevelopmentLevel up for play (max tick rate 60) at 2015.04.18-14.01.42
[2015.04.18-12.01.42:864][172]LogWorld: Bringing up level for play took: 0.003009
[2015.04.18-12.01.42:867][172]PIE: Información Tiempo de inicio de la reproducción en el editor para  /Game/Levels/UEDPIE_0_DevelopmentLevel -0,589
[2015.04.18-12.01.50:967][653]LogParticles: Destroying 0 GPU particle simulations for FXSystem 0x0000009437709D00
[2015.04.18-12.02.24:338][635]LogPlayLevel: PIE:  No blueprints needed recompiling
[2015.04.18-12.02.24:338][635]PIE: New page: Sesión PIE (reproducción en el editor): DevelopmentLevel (18/4/2015 16:02:24)
[2015.04.18-12.02.24:341][635]LogPlayLevel: PIE: StaticDuplicateObject took: (0.001610s)
[2015.04.18-12.02.24:343][635]LogPlayLevel: PIE: World Init took: (0.001522s)
[2015.04.18-12.02.24:344][635]LogPlayLevel: PIE: Created PIE world by copying editor world from /Game/Levels/DevelopmentLevel.DevelopmentLevel to /Game/Levels/UEDPIE_0_DevelopmentLevel.DevelopmentLevel (0.004320s)
[2015.04.18-12.02.24:408][635]LogWorld: Game class is 'MyGameMode'
[2015.04.18-12.02.24:410][635]LogAIModule: Creating AISystem for world DevelopmentLevel
[2015.04.18-12.02.24:413][635]LogWorld: Bringing World /Game/Levels/UEDPIE_0_DevelopmentLevel.DevelopmentLevel up for play (max tick rate 60) at 2015.04.18-14.02.24
[2015.04.18-12.02.24:414][635]LogWorld: Bringing up level for play took: 0.002923
[2015.04.18-12.02.24:416][635]PIE: Información Tiempo de inicio de la reproducción en el editor para  /Game/Levels/UEDPIE_0_DevelopmentLevel 0,961
[2015.04.18-12.02.29:630][944]LogParticles: Destroying 0 GPU particle simulations for FXSystem 0x0000009433140CC0
[2015.04.18-12.02.33:747][162]LogPlayLevel: PIE:  No blueprints needed recompiling
[2015.04.18-12.02.33:749][162]PIE: New page: Sesión PIE (reproducción en el editor): DevelopmentLevel (18/4/2015 16:02:33)
[2015.04.18-12.02.33:751][162]LogPlayLevel: PIE: StaticDuplicateObject took: (0.001575s)
[2015.04.18-12.02.33:753][162]LogPlayLevel: PIE: World Init took: (0.000689s)
[2015.04.18-12.02.33:753][162]LogPlayLevel: PIE: Created PIE world by copying editor world from /Game/Levels/DevelopmentLevel.DevelopmentLevel to /Game/Levels/UEDPIE_0_DevelopmentLevel.DevelopmentLevel (0.003499s)
[2015.04.18-12.02.33:820][162]LogWorld: Game class is 'MyGameMode'
[2015.04.18-12.02.33:822][162]LogAIModule: Creating AISystem for world DevelopmentLevel
[2015.04.18-12.02.33:825][162]LogWorld: Bringing World /Game/Levels/UEDPIE_0_DevelopmentLevel.DevelopmentLevel up for play (max tick rate 60) at 2015.04.18-14.02.33
[2015.04.18-12.02.33:826][162]LogWorld: Bringing up level for play took: 0.002790
[2015.04.18-12.02.33:828][162]PIE: Información Tiempo de inicio de la reproducción en el editor para  /Game/Levels/UEDPIE_0_DevelopmentLevel 0,373
[2015.04.18-12.02.35:377][251]LogParticles: Destroying 0 GPU particle simulations for FXSystem 0x000000944909D1C0
[2015.04.18-12.05.48:035][420]Recompiling TowardsTheLight...
[2015.04.18-12.05.48:036][420]Launching UnrealBuildTool... [C:/Program Files/Epic Games/4.7/Engine/Binaries/DotNET/UnrealBuildTool.exe TowardsTheLight -ModuleWithSuffix TowardsTheLight 7735 Win64 DebugGame -editorrecompile -canskiplink "D:/master_videojuegos/proyecto/TowardTheLight/TowardsTheLight/TowardsTheLight.uproject" -rocket  -rocket]
[2015.04.18-12.05.48:146][420]Warning: Starting HotReload took  0.1s.
[2015.04.18-12.06.01:988][231]CompilerResultsLog: New page: Compilación - 18/4/2015 16:06:01
[2015.04.18-12.06.01:991][231]CompilerResultsLog: Información Parsing headers for TowardsTheLightEditor
[2015.04.18-12.06.01:992][231]CompilerResultsLog: Información Reflection code generated for TowardsTheLightEditor
[2015.04.18-12.06.01:994][231]CompilerResultsLog: Información Performing 3 actions (4 in parallel)
[2015.04.18-12.06.01:995][231]CompilerResultsLog: Información OviCameraActor.cpp
[2015.04.18-12.06.01:995][231]CompilerResultsLog: Información TowardsTheLight.generated.cpp
[2015.04.18-12.06.01:996][231]CompilerResultsLog: Información [3/3] Link UE4Editor-TowardsTheLight-7735-Win64-DebugGame.dll
[2015.04.18-12.06.01:996][231]CompilerResultsLog: Información    Creando biblioteca D:\master_videojuegos\proyecto\TowardTheLight\TowardsTheLight\Intermediate\Build\Win64\TowardsTheLightEditor\DebugGame\UE4Editor-TowardsTheLight-7735-Win64-DebugGame.lib y objeto D:\master_videojuegos\proyecto\TowardTheLight\TowardsTheLight\Intermediate\Build\Win64\TowardsTheLightEditor\DebugGame\UE4Editor-TowardsTheLight-7735-Win64-DebugGame.exp
[2015.04.18-12.06.01:997][231]CompilerResultsLog: Información -------- End Detailed Actions Stats -----------------------------------------------------------
[2015.04.18-12.06.01:997][231]CompilerResultsLog: Información Cumulative action seconds (8 processors): 0,00 building projects, 1,05 compiling, 0,00 creating app bundles, 0,00 generating debug info, 0,96 linking, 0,00 other
[2015.04.18-12.06.01:998][231]CompilerResultsLog: Información UBT execution time: 13,57 seconds
[2015.04.18-12.06.01:999][231]LogMainFrame: MainFrame: Module compiling took 13.979 seconds
[2015.04.18-12.06.02:079][231]LogContentBrowser: Native class hierarchy updated for 'TowardsTheLight' in 0.0109 seconds. Added 4 classes and 2 folders.
[2015.04.18-12.06.02:081][231]Warning: HotReload successful (4 functions remapped  0 scriptstructs remapped)
[2015.04.18-12.06.02:104][231]LogContentBrowser: Native class hierarchy populated in 0.0159 seconds. Added 1701 classes and 265 folders.
[2015.04.18-12.06.03:962][342]LogPlayLevel: PIE:  No blueprints needed recompiling
[2015.04.18-12.06.03:963][342]PIE: New page: Sesión PIE (reproducción en el editor): DevelopmentLevel (18/4/2015 16:06:03)
[2015.04.18-12.06.03:966][342]LogPlayLevel: PIE: StaticDuplicateObject took: (0.001960s)
[2015.04.18-12.06.03:968][342]LogPlayLevel: PIE: World Init took: (0.001205s)
[2015.04.18-12.06.03:969][342]LogPlayLevel: PIE: Created PIE world by copying editor world from /Game/Levels/DevelopmentLevel.DevelopmentLevel to /Game/Levels/UEDPIE_0_DevelopmentLevel.DevelopmentLevel (0.005245s)
[2015.04.18-12.06.04:049][342]LogWorld: Game class is 'MyGameMode'
[2015.04.18-12.06.04:057][342]LogAIModule: Creating AISystem for world DevelopmentLevel
[2015.04.18-12.06.04:065][342]LogWorld: Bringing World /Game/Levels/UEDPIE_0_DevelopmentLevel.DevelopmentLevel up for play (max tick rate 60) at 2015.04.18-14.06.04
[2015.04.18-12.06.04:067][342]LogWorld: Bringing up level for play took: 0.007519
[2015.04.18-12.06.04:072][342]PIE: Información Tiempo de inicio de la reproducción en el editor para  /Game/Levels/UEDPIE_0_DevelopmentLevel 0,617
[2015.04.18-12.06.09:300][651]LogParticles: Destroying 0 GPU particle simulations for FXSystem 0x000000944909F880
[2015.04.18-12.06.16:924][976]LogPlayLevel: PIE:  No blueprints needed recompiling
[2015.04.18-12.06.16:925][976]PIE: New page: Sesión PIE (reproducción en el editor): DevelopmentLevel (18/4/2015 16:06:16)
[2015.04.18-12.06.16:928][976]LogPlayLevel: PIE: StaticDuplicateObject took: (0.002123s)
[2015.04.18-12.06.16:929][976]LogPlayLevel: PIE: World Init took: (0.001022s)
[2015.04.18-12.06.16:930][976]LogPlayLevel: PIE: Created PIE world by copying editor world from /Game/Levels/DevelopmentLevel.DevelopmentLevel to /Game/Levels/UEDPIE_0_DevelopmentLevel.DevelopmentLevel (0.004408s)
[2015.04.18-12.06.17:001][976]LogWorld: Game class is 'MyGameMode'
[2015.04.18-12.06.17:003][976]LogAIModule: Creating AISystem for world DevelopmentLevel
[2015.04.18-12.06.17:006][976]LogWorld: Bringing World /Game/Levels/UEDPIE_0_DevelopmentLevel.DevelopmentLevel up for play (max tick rate 60) at 2015.04.18-14.06.17
[2015.04.18-12.06.17:007][976]LogWorld: Bringing up level for play took: 0.002856
[2015.04.18-12.06.17:009][976]PIE: Información Tiempo de inicio de la reproducción en el editor para  /Game/Levels/UEDPIE_0_DevelopmentLevel -0,446
[2015.04.18-12.06.18:577][ 66]LogParticles: Destroying 0 GPU particle simulations for FXSystem 0x000000944909FC40
[2015.04.18-12.06.21:041][201]LogPlayLevel: PIE:  No blueprints needed recompiling
[2015.04.18-12.06.21:042][201]PIE: New page: Sesión PIE (reproducción en el editor): DevelopmentLevel (18/4/2015 16:06:21)
[2015.04.18-12.06.21:045][201]LogPlayLevel: PIE: StaticDuplicateObject took: (0.001937s)
[2015.04.18-12.06.21:047][201]LogPlayLevel: PIE: World Init took: (0.001290s)
[2015.04.18-12.06.21:048][201]LogPlayLevel: PIE: Created PIE world by copying editor world from /Game/Levels/DevelopmentLevel.DevelopmentLevel to /Game/Levels/UEDPIE_0_DevelopmentLevel.DevelopmentLevel (0.005256s)
[2015.04.18-12.06.21:116][201]LogWorld: Game class is 'MyGameMode'
[2015.04.18-12.06.21:118][201]LogAIModule: Creating AISystem for world DevelopmentLevel
[2015.04.18-12.06.21:121][201]LogWorld: Bringing World /Game/Levels/UEDPIE_0_DevelopmentLevel.DevelopmentLevel up for play (max tick rate 60) at 2015.04.18-14.06.21
[2015.04.18-12.06.21:122][201]LogWorld: Bringing up level for play took: 0.003086
[2015.04.18-12.06.21:124][201]PIE: Información Tiempo de inicio de la reproducción en el editor para  /Game/Levels/UEDPIE_0_DevelopmentLevel -0,331
[2015.04.18-12.06.23:156][322]Recompiling TowardsTheLight...
[2015.04.18-12.06.23:157][322]Launching UnrealBuildTool... [C:/Program Files/Epic Games/4.7/Engine/Binaries/DotNET/UnrealBuildTool.exe TowardsTheLight -ModuleWithSuffix TowardsTheLight 2896 Win64 DebugGame -editorrecompile -canskiplink "D:/master_videojuegos/proyecto/TowardTheLight/TowardsTheLight/TowardsTheLight.uproject" -rocket  -rocket]
[2015.04.18-12.06.23:173][322]Warning: Starting HotReload took  0.0s.
[2015.04.18-12.06.25:330][426]LogParticles: Destroying 0 GPU particle simulations for FXSystem 0x000000944909C5E0
[2015.04.18-12.06.28:124][591]CompilerResultsLog: New page: Compilación - 18/4/2015 16:06:28
[2015.04.18-12.06.28:125][591]CompilerResultsLog: Información Target is up to date.
[2015.04.18-12.06.28:126][591]LogMainFrame: MainFrame: Module compiling took 4.983 seconds
[2015.04.18-12.07.37:869][429]Recompiling TowardsTheLight...
[2015.04.18-12.07.37:870][429]Launching UnrealBuildTool... [C:/Program Files/Epic Games/4.7/Engine/Binaries/DotNET/UnrealBuildTool.exe TowardsTheLight -ModuleWithSuffix TowardsTheLight 4694 Win64 DebugGame -editorrecompile -canskiplink "D:/master_videojuegos/proyecto/TowardTheLight/TowardsTheLight/TowardsTheLight.uproject" -rocket  -rocket]
[2015.04.18-12.07.38:230][429]Warning: Starting HotReload took  0.4s.
[2015.04.18-12.07.44:287][783]CompilerResultsLog: New page: Compilación - 18/4/2015 16:07:44
[2015.04.18-12.07.44:287][783]CompilerResultsLog: Información Target is up to date.
[2015.04.18-12.07.44:288][783]LogMainFrame: MainFrame: Module compiling took 6.433 seconds
[2015.04.18-12.07.44:995][825]LogPlayLevel: PIE:  No blueprints needed recompiling
[2015.04.18-12.07.44:996][825]PIE: New page: Sesión PIE (reproducción en el editor): DevelopmentLevel (18/4/2015 16:07:44)
[2015.04.18-12.07.44:999][825]LogPlayLevel: PIE: StaticDuplicateObject took: (0.001986s)
[2015.04.18-12.07.45:001][825]LogPlayLevel: PIE: World Init took: (0.001332s)
[2015.04.18-12.07.45:001][825]LogPlayLevel: PIE: Created PIE world by copying editor world from /Game/Levels/DevelopmentLevel.DevelopmentLevel to /Game/Levels/UEDPIE_0_DevelopmentLevel.DevelopmentLevel (0.004394s)
[2015.04.18-12.07.45:065][825]LogWorld: Game class is 'MyGameMode'
[2015.04.18-12.07.45:068][825]LogAIModule: Creating AISystem for world DevelopmentLevel
[2015.04.18-12.07.45:071][825]LogWorld: Bringing World /Game/Levels/UEDPIE_0_DevelopmentLevel.DevelopmentLevel up for play (max tick rate 60) at 2015.04.18-14.07.45
[2015.04.18-12.07.45:072][825]LogWorld: Bringing up level for play took: 0.003440
[2015.04.18-12.08.03:745][825]PIE: Información Tiempo de inicio de la reproducción en el editor para  /Game/Levels/UEDPIE_0_DevelopmentLevel 18,29
[2015.04.18-12.08.07:664][999]LogParticles: Destroying 0 GPU particle simulations for FXSystem 0x00000094492A0AE0
[2015.04.18-12.08.23:451][924]LogPlayLevel: PIE:  No blueprints needed recompiling
[2015.04.18-12.08.23:453][924]PIE: New page: Sesión PIE (reproducción en el editor): DevelopmentLevel (18/4/2015 16:08:23)
[2015.04.18-12.08.23:457][924]LogPlayLevel: PIE: StaticDuplicateObject took: (0.002350s)
[2015.04.18-12.08.23:458][924]LogPlayLevel: PIE: World Init took: (0.000743s)
[2015.04.18-12.08.23:459][924]LogPlayLevel: PIE: Created PIE world by copying editor world from /Game/Levels/DevelopmentLevel.DevelopmentLevel to /Game/Levels/UEDPIE_0_DevelopmentLevel.DevelopmentLevel (0.004255s)
[2015.04.18-12.08.23:525][924]LogWorld: Game class is 'MyGameMode'
[2015.04.18-12.08.23:527][924]LogAIModule: Creating AISystem for world DevelopmentLevel
[2015.04.18-12.08.23:530][924]LogWorld: Bringing World /Game/Levels/UEDPIE_0_DevelopmentLevel.DevelopmentLevel up for play (max tick rate 60) at 2015.04.18-14.08.23
[2015.04.18-12.08.23:531][924]LogWorld: Bringing up level for play took: 0.002997
[2015.04.18-12.08.23:533][924]PIE: Información Tiempo de inicio de la reproducción en el editor para  /Game/Levels/UEDPIE_0_DevelopmentLevel 0,079
[2015.04.18-12.08.25:307][ 26]LogParticles: Destroying 0 GPU particle simulations for FXSystem 0x00000094375E44A0
[2015.04.18-12.08.40:589][351]Recompiling TowardsTheLight...
[2015.04.18-12.08.40:590][351]Launching UnrealBuildTool... [C:/Program Files/Epic Games/4.7/Engine/Binaries/DotNET/UnrealBuildTool.exe TowardsTheLight -ModuleWithSuffix TowardsTheLight 5251 Win64 DebugGame -editorrecompile -canskiplink "D:/master_videojuegos/proyecto/TowardTheLight/TowardsTheLight/TowardsTheLight.uproject" -rocket  -rocket]
[2015.04.18-12.08.40:607][351]Warning: Starting HotReload took  0.0s.
[2015.04.18-12.08.48:366][798]CompilerResultsLog: New page: Compilación - 18/4/2015 16:08:48
[2015.04.18-12.08.48:369][798]CompilerResultsLog: Información Performing 2 actions (4 in parallel)
[2015.04.18-12.08.48:370][798]CompilerResultsLog: Información OviCameraActor.cpp
[2015.04.18-12.08.48:370][798]CompilerResultsLog: Información [2/2] Link UE4Editor-TowardsTheLight-5251-Win64-DebugGame.dll
[2015.04.18-12.08.48:371][798]CompilerResultsLog: Información    Creando biblioteca D:\master_videojuegos\proyecto\TowardTheLight\TowardsTheLight\Intermediate\Build\Win64\TowardsTheLightEditor\DebugGame\UE4Editor-TowardsTheLight-5251-Win64-DebugGame.lib y objeto D:\master_videojuegos\proyecto\TowardTheLight\TowardsTheLight\Intermediate\Build\Win64\TowardsTheLightEditor\DebugGame\UE4Editor-TowardsTheLight-5251-Win64-DebugGame.exp
[2015.04.18-12.08.48:372][798]CompilerResultsLog: Información -------- End Detailed Actions Stats -----------------------------------------------------------
[2015.04.18-12.08.48:372][798]CompilerResultsLog: Información Cumulative action seconds (8 processors): 0,00 building projects, 0,25 compiling, 0,00 creating app bundles, 0,00 generating debug info, 0,99 linking, 0,00 other
[2015.04.18-12.08.48:373][798]CompilerResultsLog: Información UBT execution time: 7,58 seconds
[2015.04.18-12.08.48:373][798]LogMainFrame: MainFrame: Module compiling took 7.799 seconds
[2015.04.18-12.08.48:443][798]LogContentBrowser: Native class hierarchy updated for 'TowardsTheLight' in 0.0106 seconds. Added 4 classes and 2 folders.
[2015.04.18-12.08.48:445][798]Warning: HotReload successful (4 functions remapped  0 scriptstructs remapped)
[2015.04.18-12.08.48:467][798]LogContentBrowser: Native class hierarchy populated in 0.0152 seconds. Added 1701 classes and 265 folders.
[2015.04.18-12.08.50:224][903]LogPlayLevel: PIE:  No blueprints needed recompiling
[2015.04.18-12.08.50:225][903]PIE: New page: Sesión PIE (reproducción en el editor): DevelopmentLevel (18/4/2015 16:08:50)
[2015.04.18-12.08.50:228][903]LogPlayLevel: PIE: StaticDuplicateObject took: (0.002010s)
[2015.04.18-12.08.50:229][903]LogPlayLevel: PIE: World Init took: (0.001007s)
[2015.04.18-12.08.50:230][903]LogPlayLevel: PIE: Created PIE world by copying editor world from /Game/Levels/DevelopmentLevel.DevelopmentLevel to /Game/Levels/UEDPIE_0_DevelopmentLevel.DevelopmentLevel (0.004082s)
[2015.04.18-12.08.50:301][903]LogWorld: Game class is 'MyGameMode'
[2015.04.18-12.08.50:309][903]LogAIModule: Creating AISystem for world DevelopmentLevel
[2015.04.18-12.08.50:318][903]LogWorld: Bringing World /Game/Levels/UEDPIE_0_DevelopmentLevel.DevelopmentLevel up for play (max tick rate 60) at 2015.04.18-14.08.50
[2015.04.18-12.08.50:322][903]LogWorld: Bringing up level for play took: 0.010386
[2015.04.18-12.08.50:328][903]PIE: Información Tiempo de inicio de la reproducción en el editor para  /Game/Levels/UEDPIE_0_DevelopmentLevel 0,872
[2015.04.18-12.08.52:023][  0]LogParticles: Destroying 0 GPU particle simulations for FXSystem 0x00000094444209A0
[2015.04.18-12.08.55:572][188]LogPlayLevel: PIE:  No blueprints needed recompiling
[2015.04.18-12.08.55:573][188]PIE: New page: Sesión PIE (reproducción en el editor): DevelopmentLevel (18/4/2015 16:08:55)
[2015.04.18-12.08.55:578][188]LogPlayLevel: PIE: StaticDuplicateObject took: (0.003334s)
[2015.04.18-12.08.55:579][188]LogPlayLevel: PIE: World Init took: (0.001007s)
[2015.04.18-12.08.55:580][188]LogPlayLevel: PIE: Created PIE world by copying editor world from /Game/Levels/DevelopmentLevel.DevelopmentLevel to /Game/Levels/UEDPIE_0_DevelopmentLevel.DevelopmentLevel (0.005665s)
[2015.04.18-12.08.55:646][188]LogWorld: Game class is 'MyGameMode'
[2015.04.18-12.08.55:648][188]LogAIModule: Creating AISystem for world DevelopmentLevel
[2015.04.18-12.08.55:651][188]LogWorld: Bringing World /Game/Levels/UEDPIE_0_DevelopmentLevel.DevelopmentLevel up for play (max tick rate 60) at 2015.04.18-14.08.55
[2015.04.18-12.08.55:652][188]LogWorld: Bringing up level for play took: 0.003034
[2015.04.18-12.08.55:654][188]PIE: Información Tiempo de inicio de la reproducción en el editor para  /Game/Levels/UEDPIE_0_DevelopmentLevel 0,199
[2015.04.18-12.09.02:991][624]LogParticles: Destroying 0 GPU particle simulations for FXSystem 0x000000943317D080
[2015.04.18-12.09.42:117][215]Recompiling TowardsTheLight...
[2015.04.18-12.09.42:118][215]Launching UnrealBuildTool... [C:/Program Files/Epic Games/4.7/Engine/Binaries/DotNET/UnrealBuildTool.exe TowardsTheLight -ModuleWithSuffix TowardsTheLight 2131 Win64 DebugGame -editorrecompile -canskiplink "D:/master_videojuegos/proyecto/TowardTheLight/TowardsTheLight/TowardsTheLight.uproject" -rocket  -rocket]
[2015.04.18-12.09.42:135][215]Warning: Starting HotReload took  0.0s.
[2015.04.18-12.09.49:764][654]CompilerResultsLog: New page: Compilación - 18/4/2015 16:09:49
[2015.04.18-12.09.49:765][654]CompilerResultsLog: Información Performing 2 actions (4 in parallel)
[2015.04.18-12.09.49:765][654]CompilerResultsLog: Información OviCameraActor.cpp
[2015.04.18-12.09.49:765][654]CompilerResultsLog: Información [2/2] Link UE4Editor-TowardsTheLight-2131-Win64-DebugGame.dll
[2015.04.18-12.09.49:766][654]CompilerResultsLog: Información    Creando biblioteca D:\master_videojuegos\proyecto\TowardTheLight\TowardsTheLight\Intermediate\Build\Win64\TowardsTheLightEditor\DebugGame\UE4Editor-TowardsTheLight-2131-Win64-DebugGame.lib y objeto D:\master_videojuegos\proyecto\TowardTheLight\TowardsTheLight\Intermediate\Build\Win64\TowardsTheLightEditor\DebugGame\UE4Editor-TowardsTheLight-2131-Win64-DebugGame.exp
[2015.04.18-12.09.49:766][654]CompilerResultsLog: Información -------- End Detailed Actions Stats -----------------------------------------------------------
[2015.04.18-12.09.49:766][654]CompilerResultsLog: Información Cumulative action seconds (8 processors): 0,00 building projects, 0,26 compiling, 0,00 creating app bundles, 0,00 generating debug info, 0,81 linking, 0,00 other
[2015.04.18-12.09.49:767][654]CompilerResultsLog: Información UBT execution time: 7,43 seconds
[2015.04.18-12.09.49:767][654]LogMainFrame: MainFrame: Module compiling took 7.663 seconds
[2015.04.18-12.09.49:878][654]LogContentBrowser: Native class hierarchy updated for 'TowardsTheLight' in 0.0105 seconds. Added 4 classes and 2 folders.
[2015.04.18-12.09.49:879][654]Warning: HotReload successful (4 functions remapped  0 scriptstructs remapped)
[2015.04.18-12.09.49:901][654]LogContentBrowser: Native class hierarchy populated in 0.0155 seconds. Added 1701 classes and 265 folders.
[2015.04.18-12.10.42:278][796]LogPlayLevel: PIE:  No blueprints needed recompiling
[2015.04.18-12.10.42:279][796]PIE: New page: Sesión PIE (reproducción en el editor): DevelopmentLevel (18/4/2015 16:10:42)
[2015.04.18-12.10.42:282][796]LogPlayLevel: PIE: StaticDuplicateObject took: (0.002113s)
[2015.04.18-12.10.42:283][796]LogPlayLevel: PIE: World Init took: (0.000919s)
[2015.04.18-12.10.42:284][796]LogPlayLevel: PIE: Created PIE world by copying editor world from /Game/Levels/DevelopmentLevel.DevelopmentLevel to /Game/Levels/UEDPIE_0_DevelopmentLevel.DevelopmentLevel (0.004073s)
[2015.04.18-12.10.42:356][796]LogWorld: Game class is 'MyGameMode'
[2015.04.18-12.10.42:358][796]LogAIModule: Creating AISystem for world DevelopmentLevel
[201