Log file open, 04/20/15 16:58:53
LogInit:Display: Running engine for game: TowardsTheLight
LogInit: Version: 4.7.5-2503383+++depot+UE4-Releases+4.7
LogInit: API Version: 2455222
LogInit: Compiled (64-bit): Apr  6 2015 23:21:51
LogInit: Compiled with Visual C++: 18.00.21005.01
LogInit: Build Configuration: Development
LogInit: Branch Name: ++depot+UE4-Releases+4.7
LogInit: Command line: 
LogInit: Base directory: C:/Program Files/Epic Games/4.7/Engine/Binaries/Win64/
LogInit: Rocket: 1
[2015.04.20-14.58.53:863][  0]LogTaskGraph: Started task graph with 3 named threads and 6 total threads.
[2015.04.20-14.58.53:936][  0]LogOnline:Warning: No default platform service specified for OnlineSubsystem
[2015.04.20-14.58.54:059][  0]LogInit: Presizing for 0 objects not considered by GC, pre-allocating 0 bytes.
[2015.04.20-14.58.54:071][  0]LogInit: Object subsystem initialized
[2015.04.20-14.58.54:073][  0]LogConsoleResponse:Warning: Skipping Unknown console variable: 'TranslucentSortAxis = (X=0.000000,Y=-1.000000,Z=0.000000)'
[2015.04.20-14.58.54:073][  0]LogConsoleResponse:Warning:   Found in ini file 'D:/master_videojuegos/proyecto/TowardTheLight/TowardsTheLight/Saved/Config/Windows/Engine.ini', in section '[/Script/Engine.RendererSettings]'
[2015.04.20-14.58.54:073][  0]LogConsoleResponse:Warning: Skipping Unknown console variable: 'UIScaleRule = ShortestSide'
[2015.04.20-14.58.54:074][  0]LogConsoleResponse:Warning:   Found in ini file 'D:/master_videojuegos/proyecto/TowardTheLight/TowardsTheLight/Saved/Config/Windows/Engine.ini', in section '[/Script/Engine.RendererSettings]'
[2015.04.20-14.58.54:074][  0]LogConsoleResponse:Warning: Skipping Unknown console variable: 'UIScaleCurve = (EditorCurveData=(Keys=),ExternalCurve=None)'
[2015.04.20-14.58.54:074][  0]LogConsoleResponse:Warning:   Found in ini file 'D:/master_videojuegos/proyecto/TowardTheLight/TowardsTheLight/Saved/Config/Windows/Engine.ini', in section '[/Script/Engine.RendererSettings]'
[2015.04.20-14.58.54:075][  0]LogInit: Selected Device Profile: [Windows]
[2015.04.20-14.58.54:076][  0]LogInit: Applying CVar settings loaded from the selected device profile: [Windows]
[2015.04.20-14.58.54:085][  0]LogInit: Computer: MCRUZ
[2015.04.20-14.58.54:086][  0]LogInit: User: ManuelCruz
[2015.04.20-14.58.54:086][  0]LogInit: CPU Page size=4096, Cores=4
[2015.04.20-14.58.54:087][  0]LogInit: High frequency timer resolution =2.435774 MHz
[2015.04.20-14.58.54:087][  0]LogMemory: Memory total: Physical=7.9GB (8GB approx) Virtual=131072.0GB
[2015.04.20-14.58.54:087][  0]LogMemory: Platform Memory Stats for Windows
[2015.04.20-14.58.54:088][  0]LogMemory: Process Physical Memory: 46.34 MB used, 46.34 MB peak
[2015.04.20-14.58.54:088][  0]LogMemory: Process Virtual Memory: 26.62 MB used, 26.62 MB peak
[2015.04.20-14.58.54:088][  0]LogMemory: Physical Memory: 3810.41 MB used, 8111.30 MB total
[2015.04.20-14.58.54:088][  0]LogMemory: Virtual Memory: 292.10 MB used, 134217728.00 MB total
[2015.04.20-14.58.54:442][  0]LogD3D11RHI: Found D3D11 adapter 0: NVIDIA GeForce GTX 860M   (Feature Level 11_0)
[2015.04.20-14.58.54:442][  0]LogD3D11RHI: Adapter has 1972MB of dedicated video memory, 0MB of dedicated system memory, and 2048MB of shared system memory, 1 output[s]
[2015.04.20-14.58.54:540][  0]LogD3D11RHI: Found D3D11 adapter 1: Intel(R) HD Graphics 4600 (Feature Level 11_0)
[2015.04.20-14.58.54:540][  0]LogD3D11RHI: Adapter has 0MB of dedicated video memory, 0MB of dedicated system memory, and 1792MB of shared system memory, 0 output[s]
[2015.04.20-14.58.54:547][  0]LogD3D11RHI: Found D3D11 adapter 2: Microsoft Basic Render Driver (Feature Level 11_0)
[2015.04.20-14.58.54:547][  0]LogD3D11RHI: Adapter has 0MB of dedicated video memory, 0MB of dedicated system memory, and 256MB of shared system memory, 0 output[s]
[2015.04.20-14.58.54:547][  0]LogD3D11RHI: Chosen D3D11 Adapter Id = 0
[2015.04.20-14.58.54:553][  0]LogRHI: Texture pool is 1361 MB (70% of 1945 MB)
[2015.04.20-14.58.54:597][  0]LogD3D11RHI: Async texture creation enabled
[2015.04.20-14.58.54:843][  0]LogTextLocalizationManager: The requested culture ('es_ES') has no localization data; parent culture's ('es') localization data will be used.
[2015.04.20-14.58.54:887][  0]LogTextLocalizationManager:Warning: Loading localization resources contain conflicting entries for (Namespace:ContentBrowser, Key:ImportAssetToolTip):
Resource: (C:/Program Files/Epic Games/4.7/Engine/Content/Localization/Editor/es/Editor.locres) Hash: (-630476809) String: (Importar a {0}...)
Resource: (C:/Program Files/Epic Games/4.7/Engine/Content/Localization/Editor/es/Editor.locres) Hash: (1271782899) String: (Importa un activo desde el archivo a esta carpeta.)
[2015.04.20-14.58.54:942][  0]LogContentStreaming: Texture pool size is 0.000000MB
[2015.04.20-14.58.58:155][  0]LogTargetPlatformManager:Display: Building Assets For Windows
[2015.04.20-14.58.59:425][  0]LogTargetPlatformManager:Display: Building Assets For Windows
[2015.04.20-14.58.59:542][  0]LogDerivedDataCache:Display: Max Cache Size: 512 MB
[2015.04.20-14.58.59:598][  0]LogDerivedDataCache: Loaded boot cache 0.05s 39MB C:/Users/Manuel Cruz/AppData/Local/UnrealEngine/4.7/DerivedDataCache/Boot.ddc.
[2015.04.20-14.58.59:598][  0]LogDerivedDataCache:Display: Loaded Boot cache: C:/Users/Manuel Cruz/AppData/Local/UnrealEngine/4.7/DerivedDataCache/Boot.ddc
[2015.04.20-14.58.59:599][  0]LogDerivedDataCache: FDerivedDataBackendGraph:  Pak pak cache file D:/master_videojuegos/proyecto/TowardTheLight/TowardsTheLight/DerivedDataCache/DDC.ddp not found, will not use a pak cache.
[2015.04.20-14.58.59:599][  0]LogDerivedDataCache: Unable to find inner node Pak for hierarchical cache Hierarchy.
[2015.04.20-14.58.59:712][  0]LogDerivedDataCache:Display: Pak cache opened for reading ../../../Engine/DerivedDataCache/Compressed.ddp.
[2015.04.20-14.58.59:726][  0]LogDerivedDataCache: Using Local data cache path C:/Users/Manuel Cruz/AppData/Local/UnrealEngine/Common/DerivedDataCache: Writable
[2015.04.20-14.59.00:109][  0]LogMeshUtilities: No automatic mesh reduction module available
[2015.04.20-14.59.00:110][  0]LogMeshUtilities: No automatic mesh merging module available
[2015.04.20-14.59.00:676][  0]LogInit: WinSock: version 1.1 (2.2), MaxSocks=32767, MaxUdp=65467
[2015.04.20-14.59.00:920][  0]LogSlate:Warning: Failed to load font data from '../../../Engine/Content/Slate/Fonts/Roboto-Italic.ttf'
[2015.04.20-14.59.02:720][  0]UdpMessaging: Initializing bridge on interface 0.0.0.0:0 to multicast group 230.0.0.1:6666.
[2015.04.20-14.59.03:364][  0]SourceControl: Información El control de código fuente está desactivado
[2015.04.20-14.59.03:365][  0]SourceControl: Información El control de código fuente está desactivado
[2015.04.20-14.59.03:365][  0]SourceControl: Información El control de código fuente está desactivado
[2015.04.20-14.59.03:366][  0]LogSourceControl: RunCommandInternalRaw: 'git version'
[2015.04.20-14.59.03:366][  0]LogSourceControl: RunCommandInternalRaw: ExecProcess ReturnCode=2 OutResults=''
[2015.04.20-14.59.03:386][  0]SourceControl: Información El control de código fuente está desactivado
[2015.04.20-14.59.04:017][  0]LogObj: 24251 objects as part of root set at end of initial load.
[2015.04.20-14.59.04:018][  0]LogUObjectAllocator: 5152600 out of 0 bytes used by permanent object pool.
[2015.04.20-14.59.04:169][  0]LogEngine: Initializing Engine...
[2015.04.20-14.59.06:356][  0]LogInit: XAudio2 using 'Altavoces (Realtek High Definition Audio)' : 2 channels at 48 kHz using 32 bits per sample (channel mask 0x3)
[2015.04.20-14.59.06:374][  0]LogInit: FAudioDevice initialized.
[2015.04.20-14.59.06:456][  0]LogAIModule: Creating AISystem for world NewWorld
[2015.04.20-14.59.06:484][  0]LogDerivedDataCache: Saved boot cache 0.03s 39MB C:/Users/Manuel Cruz/AppData/Local/UnrealEngine/4.7/DerivedDataCache/Boot.ddc.
[2015.04.20-14.59.06:491][  0]LogInit: Texture streaming: Enabled
[2015.04.20-14.59.06:642][  0]LogAnalytics: Creating configured Analytics provider AnalyticsET
[2015.04.20-14.59.06:643][  0]LogAnalytics: ET APIKey = Rocket.Release. APIServer = http://et2.epicgames.com/ET2/. AppVersion = 4.7.5-2503383+++depot+UE4-Releases+4.7
[2015.04.20-14.59.06:643][  0]LogAnalytics: ET APIKey = Rocket.Release. DataRouterUploadURL = https://datarouter-public-service-gamedev.ol.epicgames.net/datarouter/api/v1/public/data. AppVersion = 4.7.5-2503383+++depot+UE4-Releases+4.7
[2015.04.20-14.59.06:644][  0]LogAnalytics: SetUserId cf3e962b4f6b803c9f3bfc8f9d3c5aa6|fb4b5d7a798346e4b2a57627c6ace3fa|5cb3378a-ab04-48dc-b237-dc85636457fe
[2015.04.20-14.59.06:644][  0]LogAnalytics: AnalyticsET::StartSession [Rocket.Release]
[2015.04.20-14.59.06:688][  0]LogInit: Transaction tracking system initialized
[2015.04.20-14.59.07:256][  0]BlueprintLog: New page: Cargar el editor
[2015.04.20-14.59.07:330][  0]LogAssetRegistry: FAssetRegistry took 0.0114 seconds to start up
[2015.04.20-14.59.07:332][  0]LogDirectoryWatcher:Warning: Failed to begin reading directory changes for ../../../Engine/Plugins/Experimental/CharacterAI/Content/. Error: 0
[2015.04.20-14.59.08:497][  0]LogTargetPlatformManager:Display: Building Assets For Windows
[2015.04.20-14.59.09:090][  0]LogTargetPlatformManager:Display: Building Assets For Windows
[2015.04.20-14.59.09:918][  0]LogSlate:Warning: Failed to load font data from '../../../Engine/Content/Editor/Slate/Fonts/Roboto-Regular.ttf'
[2015.04.20-14.59.09:919][  0]LogSlate:Warning: Failed to load font data from '../../../Engine/Content/Editor/Slate/Fonts/Roboto-Bold.ttf'
[2015.04.20-14.59.09:961][  0]LogConsoleResponse:Display: 
[2015.04.20-14.59.10:151][  0]LogCook:Display: Done creating registry. It took  0.00s.
[2015.04.20-14.59.10:627][  0]SourceControl: Información El control de código fuente está desactivado
[2015.04.20-14.59.10:628][  0]Cmd: MAP LOAD FILE="../../../Engine/Content/Maps/Templates/Template_Default.umap" TEMPLATE=1 SHOWPROGRESS=1 FEATURELEVEL=3
[2015.04.20-14.59.10:630][  0]LightingResults: New page: Diseñar la iluminación
[2015.04.20-14.59.10:656][  0]MapCheck: New page: Revisión del mapa
[2015.04.20-14.59.10:656][  0]LightingResults: New page: Diseñar la iluminación
[2015.04.20-14.59.10:668][  0]LogParticles: Destroying 0 GPU particle simulations for FXSystem 0x000000ED971EB380
[2015.04.20-14.59.11:699][  0]LogEditorServer: Finished looking for orphan Actors (0.000 secs)
[2015.04.20-14.59.11:706][  0]LogAIModule: Creating AISystem for world Untitled_1
[2015.04.20-14.59.11:707][  0]Cmd: MAP CHECKDEP
[2015.04.20-14.59.11:708][  0]MapCheck: New page: Untitled_1 - 20/4/2015 18:59:11
[2015.04.20-14.59.11:888][  0]MapCheck: Información Map check complete: 0 Error(s), 0 Warning(s), took 180,761ms to complete.
[2015.04.20-14.59.11:889][  0]LogFileHelpers: Loading map 'Template_Default' took 1.261
[2015.04.20-14.59.12:121][  0]LogCollectionManager: Loaded 0 collections in 0.002777 seconds
[2015.04.20-14.59.12:144][  0]LogContentBrowser: Native class hierarchy populated in 0.0224 seconds. Added 1700 classes and 263 folders.
[2015.04.20-14.59.12:264][  0]LogContentBrowser: Native class hierarchy updated for 'SceneOutliner' in 0.0118 seconds. Added 1 classes and 2 folders.
[2015.04.20-14.59.12:408][  0]LogCrashTracker: Crashtracker disabled due to settings.
[2015.04.20-14.59.12:409][  0]LogSlate:Warning: Failed to load font data from 'Veranda'
[2015.04.20-14.59.12:419][  0]LogUObjectGlobals:Warning: Error al encontrar el objeto 'Class Ninguno.'
[2015.04.20-14.59.12:471][  0]LogLoad: Full Startup: 21.12 seconds (BP compile: 0.11 seconds)
[2015.04.20-14.59.12:977][  0]LogRenderer:Warning: Reallocating scene render targets to support 32x32 (Frame:2).
[2015.04.20-14.59.13:075][  0]LogRenderer:Warning: Reallocating scene render targets to support 880x440 (Frame:4).
[2015.04.20-14.59.14:285][  4]LogAssetRegistry: Asset discovery search completed in 6.9670 seconds
[2015.04.20-15.04.23:446][242]LogContentBrowser:Verbose: The content browser source was changed by the sources view to '/Game'
[2015.04.20-15.04.26:047][553]LogContentBrowser:Verbose: The content browser source was changed by the sources view to '/Game/Levels'
[2015.04.20-15.04.27:152][660]LogLinker:Warning: No puede encontrar el archivo '/Game/SideScroller/Character/SideScrollerSkeleton'
[2015.04.20-15.04.27:153][660]LogLinker:Warning: No puede encontrar el archivo para el activo '/Game/SideScroller/Character/SideScrollerSkeleton' mientras carga D:/master_videojuegos/proyecto/TowardTheLight/TowardsTheLight/Content/Models/Character/SideScrollerSkeletalMesh.uasset.
[2015.04.20-15.04.27:154][660]LoadErrors:Error: Error /Game/Models/Character/SideScrollerSkeletalMesh : No puede encontrar el archivo para el activo. /Game/SideScroller/Character/SideScrollerSkeleton
[2015.04.20-15.04.27:154][660]LogLinker:Warning: No puede encontrar el archivo '/Game/SideScroller/Character/SideScrollerSkeleton'
[2015.04.20-15.04.27:155][660]LogLinker:Warning: No puede encontrar el archivo para el activo '/Game/SideScroller/Character/SideScrollerSkeleton' mientras carga D:/master_videojuegos/proyecto/TowardTheLight/TowardsTheLight/Content/Models/Character/SideScrollerSkeletalMesh.uasset.
[2015.04.20-15.04.27:163][660]LogLinker:Warning: No puede encontrar el archivo '/Game/SideScroller/Character/SideScrollerSkeleton'
[2015.04.20-15.04.27:163][660]LoadErrors: Información Error al cargar /Game/SideScroller/Character/SideScrollerSkeleton.SideScrollerSkeleton Referenciado por SideScrollerSkeletalMesh
[2015.04.20-15.04.27:164][660]LogLinker:Warning: No puede encontrar el archivo para el activo '/Game/SideScroller/Character/SideScrollerSkeleton' mientras carga NULL.
[2015.04.20-15.04.27:209][660]Cmd: MAP LOAD FILE="D:/master_videojuegos/proyecto/TowardTheLight/TowardsTheLight/Content/Levels/DevelopmentLevel.umap" TEMPLATE=0 SHOWPROGRESS=1 FEATURELEVEL=3
[2015.04.20-15.04.27:210][660]LightingResults: New page: Diseñar la iluminación
[2015.04.20-15.04.27:258][660]LoadErrors: New page: Cargando mapa: DevelopmentLevel.umap
[2015.04.20-15.04.27:258][660]MapCheck: New page: Revisión del mapa
[2015.04.20-15.04.27:259][660]LightingResults: New page: Diseñar la iluminación
[2015.04.20-15.04.27:266][660]LogParticles: Destroying 0 GPU particle simulations for FXSystem 0x000000ED8DC467A0
[2015.04.20-15.04.27:293][660]LogEditorServer: Finished looking for orphan Actors (0.000 secs)
[2015.04.20-15.04.27:295][660]LogAIModule: Creating AISystem for world DevelopmentLevel
[2015.04.20-15.04.27:309][660]Cmd: MAP CHECKDEP
[2015.04.20-15.04.27:309][660]MapCheck: New page: DevelopmentLevel - 20/4/2015 19:04:27
[2015.04.20-15.04.27:479][660]MapCheck: Información Map check complete: 0 Error(s), 0 Warning(s), took 169,578ms to complete.
[2015.04.20-15.04.27:481][660]LogFileHelpers: Loading map 'DevelopmentLevel' took 0.274
[2015.04.20-15.04.29:589][893]LogPlayLevel: PIE:  No blueprints needed recompiling
[2015.04.20-15.04.29:590][893]PIE: New page: Sesión PIE (reproducción en el editor): DevelopmentLevel (20/4/2015 19:04:29)
[2015.04.20-15.04.29:593][893]LogPlayLevel: PIE: StaticDuplicateObject took: (0.002006s)
[2015.04.20-15.04.29:595][893]LogPlayLevel: PIE: World Init took: (0.001609s)
[2015.04.20-15.04.29:596][893]LogPlayLevel: PIE: Created PIE world by copying editor world from /Game/Levels/DevelopmentLevel.DevelopmentLevel to /Game/Levels/UEDPIE_0_DevelopmentLevel.DevelopmentLevel (0.005578s)
[2015.04.20-15.04.29:654][893]LogWorld: Game class is 'MyGameMode'
[2015.04.20-15.04.29:657][893]LogAIModule: Creating AISystem for world DevelopmentLevel
[2015.04.20-15.04.29:660][893]LogWorld: Bringing World /Game/Levels/UEDPIE_0_DevelopmentLevel.DevelopmentLevel up for play (max tick rate 0) at 2015.04.20-17.04.29
[2015.04.20-15.04.29:661][893]LogWorld: Bringing up level for play took: 0.003005
[2015.04.20-15.04.29:668][893]PIE: Información Tiempo de inicio de la reproducción en el editor para  /Game/Levels/UEDPIE_0_DevelopmentLevel 0,714
[2015.04.20-15.04.36:045][608]LogParticles: Destroying 0 GPU particle simulations for FXSystem 0x000000ED905D72E0
[2015.04.20-15.04.39:445][984]LogSavePackage: Save=22.250834ms
[2015.04.20-15.04.39:445][984]LogSavePackage: Moving 'D:/master_videojuegos/proyecto/TowardTheLight/TowardsTheLight/Saved/DevelopmentLevel3E0A7AF94EC45D6BEAB8708E31907127.tmp' to 'D:/master_videojuegos/proyecto/TowardTheLight/TowardsTheLight/Content/Levels/DevelopmentLevel.umap'
[2015.04.20-15.04.41:567][186]Cmd: QUIT_EDITOR
[2015.04.20-15.04.41:805][186]LogExit: Preparing to exit.
[2015.04.20-15.04.43:035][186]LogExit: Editor shut down
[2015.04.20-15.04.43:037][186]LogExit: Transaction tracking system shut down
[2015.04.20-15.04.43:038][186]LogParticles: Destroying 0 GPU particle simulations for FXSystem 0x000000ED92F20860
[2015.04.20-15.04.43:039][186]LogParticles: Destroying 0 GPU particle simulations for FXSystem 0x000000ED9C60D080
[2015.04.20-15.04.43:040][186]LogParticles: Destroying 0 GPU particle simulations for FXSystem 0x000000ED905F1A80
[2015.04.20-15.04.43:078][186]LogExit: Object subsystem successfully closed.
[2015.04.20-15.04.43:177][186]LogModuleManager: Shutting down and abandoning module CrashTracker (178)
[2015.04.20-15.04.43:178][186]LogModuleManager: Shutting down and abandoning module SuperSearch (177)
[2015.04.20-15.04.43:178][186]LogModuleManager: Shutting down and abandoning module SceneOutliner (176)
[2015.04.20-15.04.43:179][186]LogModuleManager: Shutting down and abandoning module EditorWidgets (175)
[2015.04.20-15.04.43:179][186]LogModuleManager: Shutting down and abandoning module CollectionManager (174)
[2015.04.20-15.04.43:179][186]LogModuleManager: Shutting down and abandoning module StatsViewer (173)
[2015.04.20-15.04.43:180][186]LogModuleManager: Shutting down and abandoning module FoliageEdit (172)
[2015.04.20-15.04.43:180][186]LogModuleManager: Shutting down and abandoning module LandscapeEditor (171)
[2015.04.20-15.04.43:180][186]LogModuleManager: Shutting down and abandoning module MeshPaint (170)
[2015.04.20-15.04.43:180][186]LogModuleManager: Shutting down and abandoning module ActorPickerMode (169)
[2015.04.20-15.04.43:180][186]LogModuleManager: Shutting down and abandoning module GeometryMode (168)
[2015.04.20-15.04.43:181][186]LogModuleManager: Shutting down and abandoning module TextureAlignMode (167)
[2015.04.20-15.04.43:181][186]LogModuleManager: Shutting down and abandoning module BspMode (166)
[2015.04.20-15.04.43:181][186]LogModuleManager: Shutting down and abandoning module PlacementMode (165)
[2015.04.20-15.04.43:181][186]LogModuleManager: Shutting down and abandoning module AutomationWorker (164)
[2015.04.20-15.04.43:182][186]LogModuleManager: Shutting down and abandoning module CharacterAI (163)
[2015.04.20-15.04.43:182][186]LogModuleManager: Shutting down and abandoning module SmartSnapping (162)
[2015.04.20-15.04.43:182][186]LogModuleManager: Shutting down and abandoning module ViewportSnapping (161)
[2015.04.20-15.04.43:182][186]LogModuleManager: Shutting down and abandoning module LogVisualizer (160)
[2015.04.20-15.04.43:182][186]LogModuleManager: Shutting down and abandoning module GameProjectGeneration (159)
[2015.04.20-15.04.43:183][186]LogModuleManager: Shutting down and abandoning module IntroTutorials (158)
[2015.04.20-15.04.43:183][186]LogModuleManager: Shutting down and abandoning module EditorLiveStreaming (157)
[2015.04.20-15.04.43:183][186]LogModuleManager: Shutting down and abandoning module HardwareTargeting (156)
[2015.04.20-15.04.43:183][186]LogModuleManager: Shutting down and abandoning module DeviceProfileEditor (155)
[2015.04.20-15.04.43:183][186]LogModuleManager: Shutting down and abandoning module UndoHistory (154)
[2015.04.20-15.04.43:184][186]LogModuleManager: Shutting down and abandoning module GameplayTagsEditor (153)
[2015.04.20-15.04.43:184][186]LogModuleManager: Shutting down and abandoning module UserFeedback (152)
[2015.04.20-15.04.43:184][186]LogModuleManager: Shutting down and abandoning module XmlParser (151)
[2015.04.20-15.04.43:184][186]LogModuleManager: Shutting down and abandoning module Blutility (150)
[2015.04.20-15.04.43:184][186]LogModuleManager: Shutting down and abandoning module IOSPlatformEditor (149)
[2015.04.20-15.04.43:185][186]LogModuleManager: Shutting down and abandoning module IOSRuntimeSettings (148)
[2015.04.20-15.04.43:185][186]LogModuleManager: Shutting down and abandoning module AndroidDeviceDetection (147)
[2015.04.20-15.04.43:881][186]LogModuleManager: Shutting down and abandoning module AndroidPlatformEditor (146)
[2015.04.20-15.04.43:881][186]LogModuleManager: Shutting down and abandoning module AndroidRuntimeSettings (145)
[2015.04.20-15.04.43:881][186]LogModuleManager: Shutting down and abandoning module ProjectTargetPlatformEditor (144)
[2015.04.20-15.04.43:882][186]LogModuleManager: Shutting down and abandoning module ProjectSettingsViewer (143)
[2015.04.20-15.04.43:882][186]LogModuleManager: Shutting down and abandoning module InputBindingEditor (142)
[2015.04.20-15.04.43:882][186]LogModuleManager: Shutting down and abandoning module EditorSettingsViewer (141)
[2015.04.20-15.04.43:883][186]LogModuleManager: Shutting down and abandoning module SettingsEditor (140)
[2015.04.20-15.04.43:883][186]LogModuleManager: Shutting down and abandoning module ProjectLauncher (139)
[2015.04.20-15.04.43:883][186]LogModuleManager: Shutting down and abandoning module SessionFrontend (138)
[2015.04.20-15.04.43:883][186]LogModuleManager: Shutting down and abandoning module ProfilerClient (137)
[2015.04.20-15.04.43:884][186]LogModuleManager: Shutting down and abandoning module TargetDeviceServices (136)
[2015.04.20-15.04.43:884][186]LogModuleManager: Shutting down and abandoning module DeviceManager (135)
[2015.04.20-15.04.43:884][186]LogModuleManager: Shutting down and abandoning module AutomationController (134)
[2015.04.20-15.04.43:884][186]LogModuleManager: Shutting down and abandoning module AutomationWindow (133)
[2015.04.20-15.04.43:884][186]LogModuleManager: Shutting down and abandoning module Layers (132)
[2015.04.20-15.04.43:885][186]LogModuleManager: Shutting down and abandoning module ComponentVisualizers (131)
[2015.04.20-15.04.43:885][186]LogModuleManager: Shutting down and abandoning module DetailCustomizations (130)
[2015.04.20-15.04.43:885][186]LogModuleManager: Shutting down and abandoning module PackagesDialog (129)
[2015.04.20-15.04.43:885][186]LogModuleManager: Shutting down and abandoning module AssetRegistry (128)
[2015.04.20-15.04.43:924][186]LogModuleManager: Shutting down and abandoning module Persona (127)
[2015.04.20-15.04.43:925][186]LogModuleManager: Shutting down and abandoning module SlateReflector (126)
[2015.04.20-15.04.43:925][186]LogModuleManager: Shutting down and abandoning module LevelEditor (125)
[2015.04.20-15.04.43:926][186]LogModuleManager: Shutting down and abandoning module Kismet (124)
[2015.04.20-15.04.43:927][186]LogModuleManager: Shutting down and abandoning module GraphEditor (123)
[2015.04.20-15.04.43:927][186]LogModuleManager: Shutting down and abandoning module ClassViewer (122)
[2015.04.20-15.04.43:927][186]LogModuleManager: Shutting down and abandoning module Toolbox (121)
[2015.04.20-15.04.43:928][186]LogModuleManager: Shutting down and abandoning module ModuleUI (120)
[2015.04.20-15.04.43:928][186]LogModuleManager: Shutting down and abandoning module MovieSceneTools (119)
[2015.04.20-15.04.43:928][186]LogModuleManager: Shutting down and abandoning module OutputLog (118)
[2015.04.20-15.04.43:928][186]LogModuleManager: Shutting down and abandoning module GammaUI (117)
[2015.04.20-15.04.43:928][186]LogModuleManager: Shutting down and abandoning module Documentation (116)
[2015.04.20-15.04.43:929][186]LogModuleManager: Shutting down and abandoning module GameLiveStreaming (115)
[2015.04.20-15.04.43:929][186]LogModuleManager: Shutting down and abandoning module StreamingPauseRendering (114)
[2015.04.20-15.04.43:929][186]LogModuleManager: Shutting down and abandoning module HTTP (113)
[2015.04.20-15.04.43:929][186]LogModuleManager: Shutting down and abandoning module AnalyticsET (112)
[2015.04.20-15.04.43:930][186]LogModuleManager: Shutting down and abandoning module Analytics (111)
[2015.04.20-15.04.43:930][186]LogModuleManager: Shutting down and abandoning module AITestSuite (110)
[2015.04.20-15.04.43:930][186]LogModuleManager: Shutting down and abandoning module GameplayDebugger (109)
[2015.04.20-15.04.43:930][186]LogModuleManager: Shutting down and abandoning module AIModule (108)
[2015.04.20-15.04.43:930][186]LogModuleManager: Shutting down and abandoning module ProfilerService (107)
[2015.04.20-15.04.44:011][186]LogModuleManager: Shutting down and abandoning module TaskGraph (106)
[2015.04.20-15.04.44:012][186]LogModuleManager: Shutting down and abandoning module SlateRemote (105)
[2015.04.20-15.04.44:012][186]LogModuleManager: Shutting down and abandoning module ScriptEditorPlugin (104)
[2015.04.20-15.04.44:012][186]LogModuleManager: Shutting down and abandoning module CustomMeshComponent (103)
[2015.04.20-15.04.44:012][186]LogModuleManager: Shutting down and abandoning module CableComponent (102)
[2015.04.20-15.04.44:013][186]LogModuleManager: Shutting down and abandoning module MessagingDebugger (101)
[2015.04.20-15.04.44:013][186]LogModuleManager: Shutting down and abandoning module MediaPlayerEditor (100)
[2015.04.20-15.04.44:013][186]LogModuleManager: Shutting down and abandoning module SpeedTreeImporter (99)
[2015.04.20-15.04.44:013][186]LogModuleManager: Shutting down and abandoning module PluginsEditor (98)
[2015.04.20-15.04.44:014][186]LogModuleManager: Shutting down and abandoning module MainFrame (97)
[2015.04.20-15.04.44:014][186]LogModuleManager: Shutting down and abandoning module EpicSurvey (96)
[2015.04.20-15.04.44:014][186]LogModuleManager: Shutting down and abandoning module DesktopPlatform (95)
[2015.04.20-15.04.44:014][186]LogModuleManager: Shutting down and abandoning module DirectoryWatcher (94)
[2015.04.20-15.04.44:015][186]LogModuleManager: Shutting down and abandoning module HotReload (93)
[2015.04.20-15.04.44:015][186]LogModuleManager: Shutting down and abandoning module VisualStudioSourceCodeAccess (92)
[2015.04.20-15.04.44:015][186]LogModuleManager: Shutting down and abandoning module UObjectPlugin (91)
[2015.04.20-15.04.44:015][186]LogModuleManager: Shutting down and abandoning module SubversionSourceControl (90)
[2015.04.20-15.04.44:015][186]LogModuleManager: Shutting down and abandoning module PerforceSourceControl (89)
[2015.04.20-15.04.44:016][186]LogModuleManager: Shutting down and abandoning module SourceControl (88)
[2015.04.20-15.04.44:016][186]LogModuleManager: Shutting down and abandoning module GitSourceControl (87)
[2015.04.20-15.04.44:016][186]LogModuleManager: Shutting down and abandoning module BlankPlugin (86)
[2015.04.20-15.04.44:016][186]LogModuleManager: Shutting down and abandoning module PaperTiledImporter (85)
[2015.04.20-15.04.44:017][186]LogModuleManager: Shutting down and abandoning module PaperJsonImporter (84)
[2015.04.20-15.04.44:017][186]LogModuleManager: Shutting down and abandoning module ContentBrowser (83)
[2015.04.20-15.04.44:018][186]LogModuleManager: Shutting down and abandoning module Paper2DEditor (82)
[2015.04.20-15.04.44:018][186]LogModuleManager: Shutting down and abandoning module TowardsTheLight (81)
[2015.04.20-15.04.44:018][186]LogModuleManager: Shutting down and abandoning module ScriptPlugin (80)
[2015.04.20-15.04.44:018][186]LogModuleManager: Shutting down and abandoning module UdpMessaging (79)
[2015.04.20-15.04.44:119][186]LogModuleManager: Shutting down and abandoning module Paper2D (78)
[2015.04.20-15.04.44:119][186]LogModuleManager: Shutting down and abandoning module WindowsMoviePlayer (77)
[2015.04.20-15.04.44:121][186]LogModuleManager: Shutting down and abandoning module Media (76)
[2015.04.20-15.04.44:122][186]LogModuleManager: Shutting down and abandoning module WmfMedia (75)
[2015.04.20-15.04.44:122][186]LogModuleManager: Shutting down and abandoning module OnlineBlueprintSupport (74)
[2015.04.20-15.04.44:123][186]LogModuleManager: Shutting down and abandoning module PropertyEditor (73)
[2015.04.20-15.04.44:124][186]LogModuleManager: Shutting down and abandoning module BehaviorTreeEditor (72)
[2015.04.20-15.04.44:124][186]LogModuleManager: Shutting down and abandoning module FunctionalTesting (71)
[2015.04.20-15.04.44:124][186]LogModuleManager: Shutting down and abandoning module CollisionAnalyzer (70)
[2015.04.20-15.04.44:124][186]LogModuleManager: Shutting down and abandoning module WorkspaceMenuStructure (69)
[2015.04.20-15.04.44:125][186]LogModuleManager: Shutting down and abandoning module MessageLog (68)
[2015.04.20-15.04.44:125][186]LogModuleManager: Shutting down and abandoning module Sequencer (67)
[2015.04.20-15.04.44:125][186]LogModuleManager: Shutting down and abandoning module AssetTools (66)
[2015.04.20-15.04.44:125][186]LogModuleManager: Shutting down and abandoning module UMGEditor (65)
[2015.04.20-15.04.44:125][186]LogModuleManager: Shutting down and abandoning module UMG (64)
[2015.04.20-15.04.44:126][186]LogModuleManager: Shutting down and abandoning module Slate (63)
[2015.04.20-15.04.44:126][186]LogModuleManager: Shutting down and abandoning module EditorStyle (62)
[2015.04.20-15.04.44:133][186]LogModuleManager: Shutting down and abandoning module SessionServices (61)
[2015.04.20-15.04.44:133][186]LogModuleManager: Shutting down and abandoning module SourceCodeAccess (60)
[2015.04.20-15.04.44:134][186]LogModuleManager: Shutting down and abandoning module HeadMountedDisplay (59)
[2015.04.20-15.04.44:134][186]LogModuleManager: Shutting down and abandoning module XAudio2 (58)
[2015.04.20-15.04.44:134][186]LogModuleManager: Shutting down and abandoning module Networking (56)
[2015.04.20-15.04.44:135][186]LogModuleManager: Shutting down and abandoning module Core (55)
[2015.04.20-15.04.44:135][186]LogModuleManager: Shutting down and abandoning module KismetCompiler (54)
[2015.04.20-15.04.44:135][186]LogModuleManager: Shutting down and abandoning module PhysXFormats (53)
[2015.04.20-15.04.44:135][186]LogModuleManager: Shutting down and abandoning module MeshUtilities (52)
[2015.04.20-15.04.44:136][186]LogModuleManager: Shutting down and abandoning module DerivedDataCache (51)
[2015.04.20-15.04.44:177][186]LogDerivedDataCache: Shutdown
[2015.04.20-15.04.44:177][186]LogModuleManager: Shutting down and abandoning module ShaderFormatOpenGL (50)
[2015.04.20-15.04.44:177][186]LogModuleManager: Shutting down and abandoning module ShaderFormatD3D (49)
[2015.04.20-15.04.44:177][186]LogModuleManager: Shutting down and abandoning module MetalShaderFormat (48)
[2015.04.20-15.04.44:178][186]LogModuleManager: Shutting down and abandoning module TextureFormatUncompressed (47)
[2015.04.20-15.04.44:178][186]LogModuleManager: Shutting down and abandoning module TextureFormatPVR (46)
[2015.04.20-15.04.44:178][186]LogModuleManager: Shutting down and abandoning module TextureFormatIntelISPCTexComp (45)
[2015.04.20-15.04.44:178][186]LogModuleManager: Shutting down and abandoning module TextureFormatDXT (44)
[2015.04.20-15.04.44:179][186]LogModuleManager: Shutting down and abandoning module ImageWrapper (43)
[2015.04.20-15.04.44:179][186]LogModuleManager: Shutting down and abandoning module TextureFormatASTC (42)
[2015.04.20-15.04.44:179][186]LogModuleManager: Shutting down and abandoning module TextureFormatAndroid (41)
[2015.04.20-15.04.44:179][186]LogModuleManager: Shutting down and abandoning module AudioFormatOpus (40)
[2015.04.20-15.04.44:179][186]LogModuleManager: Shutting down and abandoning module AudioFormatOgg (39)
[2015.04.20-15.04.44:180][186]LogModuleManager: Shutting down and abandoning module AudioFormatADPCM (38)
[2015.04.20-15.04.44:180][186]LogModuleManager: Shutting down and abandoning module LinuxTargetPlatform (37)
[2015.04.20-15.04.44:180][186]LogModuleManager: Shutting down and abandoning module LinuxServerTargetPlatform (36)
[2015.04.20-15.04.44:180][186]LogModuleManager: Shutting down and abandoning module LinuxNoEditorTargetPlatform (35)
[2015.04.20-15.04.44:180][186]LogModuleManager: Shutting down and abandoning module Messaging (34)
[2015.04.20-15.04.44:181][186]LogModuleManager: Shutting down and abandoning module IOSTargetPlatform (33)
[2015.04.20-15.04.44:181][186]LogModuleManager: Shutting down and abandoning module HTML5TargetPlatform (32)
[2015.04.20-15.04.44:181][186]LogModuleManager: Shutting down and abandoning module Android_PVRTCTargetPlatform (31)
[2015.04.20-15.04.44:181][186]LogModuleManager: Shutting down and abandoning module Android_ETC2TargetPlatform (30)
[2015.04.20-15.04.44:182][186]LogModuleManager: Shutting down and abandoning module Android_ETC1TargetPlatform (29)
[2015.04.20-15.04.44:182][186]LogModuleManager: Shutting down and abandoning module Android_ES31TargetPlatform (28)
[2015.04.20-15.04.44:182][186]LogModuleManager: Shutting down and abandoning module Android_DXTTargetPlatform (27)
[2015.04.20-15.04.44:182][186]LogModuleManager: Shutting down and abandoning module Android_ATCTargetPlatform (26)
[2015.04.20-15.04.44:182][186]LogModuleManager: Shutting down and abandoning module AndroidTargetPlatform (25)
[2015.04.20-15.04.44:183][186]LogModuleManager: Shutting down and abandoning module WindowsTargetPlatform (24)
[2015.04.20-15.04.44:183][186]LogModuleManager: Shutting down and abandoning module WindowsServerTargetPlatform (23)
[2015.04.20-15.04.44:183][186]LogModuleManager: Shutting down and abandoning module WindowsNoEditorTargetPlatform (22)
[2015.04.20-15.04.44:183][186]LogModuleManager: Shutting down and abandoning module WindowsClientTargetPlatform (21)
[2015.04.20-15.04.44:183][186]LogModuleManager: Shutting down and abandoning module TargetPlatform (20)
[2015.04.20-15.04.44:184][186]LogModuleManager: Shutting down and abandoning module InputCore (19)
[2015.04.20-15.04.44:184][186]LogModuleManager: Shutting down and abandoning module Settings (18)
[2015.04.20-15.04.44:184][186]LogModuleManager: Shutting down and abandoning module OnlineSubsystem (16)
[2015.04.20-15.04.44:184][186]LogModuleManager: Shutting down and abandoning module OculusRift (15)
[2015.04.20-15.04.44:184][186]LogModuleManager: Shutting down and abandoning module ExampleDeviceProfileSelector (14)
[2015.04.20-15.04.44:185][186]LogModuleManager: Shutting down and abandoning module TextureCompressor (13)
[2015.04.20-15.04.44:185][186]LogModuleManager: Shutting down and abandoning module ShaderCore (12)
[2015.04.20-15.04.44:185][186]LogModuleManager: Shutting down and abandoning module Landscape (11)
[2015.04.20-15.04.44:185][186]LogModuleManager: Shutting down and abandoning module SlateRHIRenderer (10)
[2015.04.20-15.04.44:187][186]LogModuleManager: Shutting down and abandoning module OpenGLDrv (9)
[2015.04.20-15.04.44:187][186]LogModuleManager: Shutting down and abandoning module D3D11RHI (8)
[2015.04.20-15.04.44:187][186]LogModuleManager: Shutting down and abandoning module Renderer (7)
[2015.04.20-15.04.44:188][186]LogModuleManager: Shutting down and abandoning module Engine (6)
[2015.04.20-15.04.44:188][186]LogModuleManager: Shutting down and abandoning module CoreUObject (5)
[2015.04.20-15.04.44:188][186]LogModuleManager: Shutting down and abandoning module NetworkFile (4)
[2015.04.20-15.04.44:188][186]LogModuleManager: Shutting down and abandoning module StreamingFile (3)
[2015.04.20-15.04.44:188][186]LogModuleManager: Shutting down and abandoning module SandboxFile (2)
[2015.04.20-15.04.44:189][186]LogModuleManager: Shutting down and abandoning module PakFile (1)
[2015.04.20-15.04.44:191][186]LogExit: Exiting.
[2015.04.20-15.04.44:195][186]Log file closed, 04/20/15 17:04:44
